{"uuid":"07f37c4c-eb97-4563-86aa-9d7a17f3b837","historyId":"9ec0af2d84d73eb2c06326988c9aa862","testCaseId":"616b3085dce82ed2120accfa5fcec494","fullName":"src/test/resources/parallel/Linkedlist.feature:39","labels":[{"name":"tag","value":"Linkedlist_page"},{"name":"tag","value":"Linkedlist_page_links"},{"name":"host","value":"Karthikas-Air"},{"name":"thread","value":"15023@Karthikas-Air.TestNG-PoolService-9(24)"},{"name":"feature","value":"Linkedlist page and links"},{"name":"story","value":"Linkedlist links in Topics Covered section."},{"name":"suite","value":"Linkedlist page and links"},{"name":"testClass","value":"Linkedlist links in Topics Covered section."},{"name":"framework","value":"cucumber4jvm"},{"name":"language","value":"java"},{"name":"gherkin_uri","value":"file:///Users/karthikaramesh/eclipse-workspace/TechNinja_151/src/test/resources/parallel/Linkedlist.feature"},{"name":"package","value":"src.test.resources.parallel.Linkedlist_feature.Linkedlist page and links"}],"links":[],"name":"Linkedlist links in Topics Covered section.","status":"broken","statusDetails":{"known":false,"muted":false,"flaky":false,"message":"element not interactable\n  (Session info: chrome=123.0.6312.59)\nBuild info: version: '4.18.1', revision: 'b1d3319b48'\nSystem info: os.name: 'Mac OS X', os.arch: 'aarch64', os.version: '13.4', java.version: '17.0.8.1'\nDriver info: org.openqa.selenium.chrome.ChromeDriver\nCommand: [1e251e4add017592c53706f1af100abb, sendKeysToElement {value=[Ljava.lang.CharSequence;@26fb862e, id=f.67C5D3C4EDA40D3208E24A40A043A3CC.d.1492610502493A47CF3939C6B51F71E9.e.46}]\nCapabilities {acceptInsecureCerts: false, browserName: chrome, browserVersion: 123.0.6312.59, chrome: {chromedriverVersion: 123.0.6312.86 (9b72c47a0536..., userDataDir: /var/folders/qz/lb_z2h0j7ll...}, fedcm:accounts: true, goog:chromeOptions: {debuggerAddress: localhost:65050}, networkConnectionEnabled: false, pageLoadStrategy: normal, platformName: mac, proxy: Proxy(), se:cdp: ws://localhost:65050/devtoo..., se:cdpVersion: 123.0.6312.59, setWindowRect: true, strictFileInteractability: false, timeouts: {implicit: 0, pageLoad: 300000, script: 30000}, unhandledPromptBehavior: dismiss and notify, webauthn:extension:credBlob: true, webauthn:extension:largeBlob: true, webauthn:extension:minPinLength: true, webauthn:extension:prf: true, webauthn:virtualAuthenticators: true}\nElement: [[ChromeDriver: chrome on mac (1e251e4add017592c53706f1af100abb)] -> xpath: //form[@id='answer_form']/div/div/div/textarea]\nSession ID: 1e251e4add017592c53706f1af100abb","trace":"org.openqa.selenium.ElementNotInteractableException: element not interactable\n  (Session info: chrome=123.0.6312.59)\nBuild info: version: '4.18.1', revision: 'b1d3319b48'\nSystem info: os.name: 'Mac OS X', os.arch: 'aarch64', os.version: '13.4', java.version: '17.0.8.1'\nDriver info: org.openqa.selenium.chrome.ChromeDriver\nCommand: [1e251e4add017592c53706f1af100abb, sendKeysToElement {value=[Ljava.lang.CharSequence;@26fb862e, id=f.67C5D3C4EDA40D3208E24A40A043A3CC.d.1492610502493A47CF3939C6B51F71E9.e.46}]\nCapabilities {acceptInsecureCerts: false, browserName: chrome, browserVersion: 123.0.6312.59, chrome: {chromedriverVersion: 123.0.6312.86 (9b72c47a0536..., userDataDir: /var/folders/qz/lb_z2h0j7ll...}, fedcm:accounts: true, goog:chromeOptions: {debuggerAddress: localhost:65050}, networkConnectionEnabled: false, pageLoadStrategy: normal, platformName: mac, proxy: Proxy(), se:cdp: ws://localhost:65050/devtoo..., se:cdpVersion: 123.0.6312.59, setWindowRect: true, strictFileInteractability: false, timeouts: {implicit: 0, pageLoad: 300000, script: 30000}, unhandledPromptBehavior: dismiss and notify, webauthn:extension:credBlob: true, webauthn:extension:largeBlob: true, webauthn:extension:minPinLength: true, webauthn:extension:prf: true, webauthn:virtualAuthenticators: true}\nElement: [[ChromeDriver: chrome on mac (1e251e4add017592c53706f1af100abb)] -> xpath: //form[@id='answer_form']/div/div/div/textarea]\nSession ID: 1e251e4add017592c53706f1af100abb\n\tat java.base/jdk.internal.reflect.NativeConstructorAccessorImpl.newInstance0(Native Method)\n\tat java.base/jdk.internal.reflect.NativeConstructorAccessorImpl.newInstance(NativeConstructorAccessorImpl.java:77)\n\tat java.base/jdk.internal.reflect.DelegatingConstructorAccessorImpl.newInstance(DelegatingConstructorAccessorImpl.java:45)\n\tat java.base/java.lang.reflect.Constructor.newInstanceWithCaller(Constructor.java:499)\n\tat java.base/java.lang.reflect.Constructor.newInstance(Constructor.java:480)\n\tat org.openqa.selenium.remote.ErrorCodec.decode(ErrorCodec.java:167)\n\tat org.openqa.selenium.remote.codec.w3c.W3CHttpResponseCodec.decode(W3CHttpResponseCodec.java:138)\n\tat org.openqa.selenium.remote.codec.w3c.W3CHttpResponseCodec.decode(W3CHttpResponseCodec.java:50)\n\tat org.openqa.selenium.remote.HttpCommandExecutor.execute(HttpCommandExecutor.java:190)\n\tat org.openqa.selenium.remote.service.DriverCommandExecutor.invokeExecute(DriverCommandExecutor.java:216)\n\tat org.openqa.selenium.remote.service.DriverCommandExecutor.execute(DriverCommandExecutor.java:174)\n\tat org.openqa.selenium.remote.RemoteWebDriver.execute(RemoteWebDriver.java:519)\n\tat org.openqa.selenium.remote.RemoteWebElement.execute(RemoteWebElement.java:223)\n\tat org.openqa.selenium.remote.RemoteWebElement.sendKeys(RemoteWebElement.java:110)\n\tat com_Pages.Arrays_Page_S2.sendcode(Arrays_Page_S2.java:249)\n\tat parallel.Arrays_S2.type_code_click_run_button(Arrays_S2.java:84)\n\tat ✽.Type Sample print \"karthi\" and click run button(file:///Users/karthikaramesh/eclipse-workspace/TechNinja_151/src/test/resources/parallel/Linkedlist.feature:25)\n"},"stage":"finished","steps":[{"name":"Given Enter DS Algo portal","status":"passed","statusDetails":{"known":false,"muted":false,"flaky":false},"stage":"finished","steps":[],"attachments":[],"parameters":[],"start":1711575531618,"stop":1711575532565},{"name":"And Do Login","status":"passed","statusDetails":{"known":false,"muted":false,"flaky":false},"stage":"finished","steps":[],"attachments":[{"name":"Data table","source":"a363bf00-e646-4527-9cab-94a028c03b79-attachment.csv","type":"text/tab-separated-values"}],"parameters":[],"start":1711575532566,"stop":1711575533585},{"name":"When Click on 'Get Started' button in Linkedlist","status":"passed","statusDetails":{"known":false,"muted":false,"flaky":false},"stage":"finished","steps":[],"attachments":[],"parameters":[],"start":1711575533593,"stop":1711575534047},{"name":"Then 'Linked List' page should open","status":"passed","statusDetails":{"known":false,"muted":false,"flaky":false},"stage":"finished","steps":[],"attachments":[],"parameters":[],"start":1711575534047,"stop":1711575534069},{"name":"When Click Insertion Linkedlist links","status":"passed","statusDetails":{"known":false,"muted":false,"flaky":false},"stage":"finished","steps":[],"attachments":[],"parameters":[],"start":1711575534069,"stop":1711575534480},{"name":"Then Insertion Page should open","status":"passed","statusDetails":{"known":false,"muted":false,"flaky":false},"stage":"finished","steps":[],"attachments":[],"parameters":[],"start":1711575534481,"stop":1711575534501},{"name":"When Click \"Practice Questions\" link in Linkedlist","status":"passed","statusDetails":{"known":false,"muted":false,"flaky":false},"stage":"finished","steps":[],"attachments":[],"parameters":[],"start":1711575534503,"stop":1711575534700},{"name":"Then \"Practice Questions\" page should open","status":"passed","statusDetails":{"known":false,"muted":false,"flaky":false},"stage":"finished","steps":[],"attachments":[],"parameters":[],"start":1711575534701,"stop":1711575534724},{"name":"When click browser right arrow to go back","status":"passed","statusDetails":{"known":false,"muted":false,"flaky":false},"stage":"finished","steps":[],"attachments":[],"parameters":[],"start":1711575534727,"stop":1711575534777},{"name":"Then Insertion Page should open","status":"passed","statusDetails":{"known":false,"muted":false,"flaky":false},"stage":"finished","steps":[],"attachments":[],"parameters":[],"start":1711575534777,"stop":1711575534793},{"name":"When Click 'Try here>>>' button","status":"passed","statusDetails":{"known":false,"muted":false,"flaky":false},"stage":"finished","steps":[],"attachments":[],"parameters":[],"start":1711575534794,"stop":1711575535784},{"name":"Then Editor box should open with run button","status":"passed","statusDetails":{"known":false,"muted":false,"flaky":false},"stage":"finished","steps":[],"attachments":[],"parameters":[],"start":1711575535786,"stop":1711575535913},{"name":"When Type Sample print \"karthi\" and click run button","status":"broken","statusDetails":{"known":false,"muted":false,"flaky":false,"message":"element not interactable\n  (Session info: chrome=123.0.6312.59)\nBuild info: version: '4.18.1', revision: 'b1d3319b48'\nSystem info: os.name: 'Mac OS X', os.arch: 'aarch64', os.version: '13.4', java.version: '17.0.8.1'\nDriver info: org.openqa.selenium.chrome.ChromeDriver\nCommand: [1e251e4add017592c53706f1af100abb, sendKeysToElement {value=[Ljava.lang.CharSequence;@26fb862e, id=f.67C5D3C4EDA40D3208E24A40A043A3CC.d.1492610502493A47CF3939C6B51F71E9.e.46}]\nCapabilities {acceptInsecureCerts: false, browserName: chrome, browserVersion: 123.0.6312.59, chrome: {chromedriverVersion: 123.0.6312.86 (9b72c47a0536..., userDataDir: /var/folders/qz/lb_z2h0j7ll...}, fedcm:accounts: true, goog:chromeOptions: {debuggerAddress: localhost:65050}, networkConnectionEnabled: false, pageLoadStrategy: normal, platformName: mac, proxy: Proxy(), se:cdp: ws://localhost:65050/devtoo..., se:cdpVersion: 123.0.6312.59, setWindowRect: true, strictFileInteractability: false, timeouts: {implicit: 0, pageLoad: 300000, script: 30000}, unhandledPromptBehavior: dismiss and notify, webauthn:extension:credBlob: true, webauthn:extension:largeBlob: true, webauthn:extension:minPinLength: true, webauthn:extension:prf: true, webauthn:virtualAuthenticators: true}\nElement: [[ChromeDriver: chrome on mac (1e251e4add017592c53706f1af100abb)] -> xpath: //form[@id='answer_form']/div/div/div/textarea]\nSession ID: 1e251e4add017592c53706f1af100abb","trace":"org.openqa.selenium.ElementNotInteractableException: element not interactable\n  (Session info: chrome=123.0.6312.59)\nBuild info: version: '4.18.1', revision: 'b1d3319b48'\nSystem info: os.name: 'Mac OS X', os.arch: 'aarch64', os.version: '13.4', java.version: '17.0.8.1'\nDriver info: org.openqa.selenium.chrome.ChromeDriver\nCommand: [1e251e4add017592c53706f1af100abb, sendKeysToElement {value=[Ljava.lang.CharSequence;@26fb862e, id=f.67C5D3C4EDA40D3208E24A40A043A3CC.d.1492610502493A47CF3939C6B51F71E9.e.46}]\nCapabilities {acceptInsecureCerts: false, browserName: chrome, browserVersion: 123.0.6312.59, chrome: {chromedriverVersion: 123.0.6312.86 (9b72c47a0536..., userDataDir: /var/folders/qz/lb_z2h0j7ll...}, fedcm:accounts: true, goog:chromeOptions: {debuggerAddress: localhost:65050}, networkConnectionEnabled: false, pageLoadStrategy: normal, platformName: mac, proxy: Proxy(), se:cdp: ws://localhost:65050/devtoo..., se:cdpVersion: 123.0.6312.59, setWindowRect: true, strictFileInteractability: false, timeouts: {implicit: 0, pageLoad: 300000, script: 30000}, unhandledPromptBehavior: dismiss and notify, webauthn:extension:credBlob: true, webauthn:extension:largeBlob: true, webauthn:extension:minPinLength: true, webauthn:extension:prf: true, webauthn:virtualAuthenticators: true}\nElement: [[ChromeDriver: chrome on mac (1e251e4add017592c53706f1af100abb)] -> xpath: //form[@id='answer_form']/div/div/div/textarea]\nSession ID: 1e251e4add017592c53706f1af100abb\n\tat java.base/jdk.internal.reflect.NativeConstructorAccessorImpl.newInstance0(Native Method)\n\tat java.base/jdk.internal.reflect.NativeConstructorAccessorImpl.newInstance(NativeConstructorAccessorImpl.java:77)\n\tat java.base/jdk.internal.reflect.DelegatingConstructorAccessorImpl.newInstance(DelegatingConstructorAccessorImpl.java:45)\n\tat java.base/java.lang.reflect.Constructor.newInstanceWithCaller(Constructor.java:499)\n\tat java.base/java.lang.reflect.Constructor.newInstance(Constructor.java:480)\n\tat org.openqa.selenium.remote.ErrorCodec.decode(ErrorCodec.java:167)\n\tat org.openqa.selenium.remote.codec.w3c.W3CHttpResponseCodec.decode(W3CHttpResponseCodec.java:138)\n\tat org.openqa.selenium.remote.codec.w3c.W3CHttpResponseCodec.decode(W3CHttpResponseCodec.java:50)\n\tat org.openqa.selenium.remote.HttpCommandExecutor.execute(HttpCommandExecutor.java:190)\n\tat org.openqa.selenium.remote.service.DriverCommandExecutor.invokeExecute(DriverCommandExecutor.java:216)\n\tat org.openqa.selenium.remote.service.DriverCommandExecutor.execute(DriverCommandExecutor.java:174)\n\tat org.openqa.selenium.remote.RemoteWebDriver.execute(RemoteWebDriver.java:519)\n\tat org.openqa.selenium.remote.RemoteWebElement.execute(RemoteWebElement.java:223)\n\tat org.openqa.selenium.remote.RemoteWebElement.sendKeys(RemoteWebElement.java:110)\n\tat com_Pages.Arrays_Page_S2.sendcode(Arrays_Page_S2.java:249)\n\tat parallel.Arrays_S2.type_code_click_run_button(Arrays_S2.java:84)\n\tat ✽.Type Sample print \"karthi\" and click run button(file:///Users/karthikaramesh/eclipse-workspace/TechNinja_151/src/test/resources/parallel/Linkedlist.feature:25)\n"},"stage":"finished","steps":[],"attachments":[],"parameters":[],"start":1711575535915,"stop":1711575536008},{"name":"Then karthi should displayed","status":"skipped","statusDetails":{"known":false,"muted":false,"flaky":false},"stage":"finished","steps":[],"attachments":[],"parameters":[],"start":1711575536026,"stop":1711575536029},{"name":"When Clear Editor Box and type \"System.out.print(1+2);\"","status":"skipped","statusDetails":{"known":false,"muted":false,"flaky":false},"stage":"finished","steps":[],"attachments":[],"parameters":[],"start":1711575536040,"stop":1711575536045},{"name":"And click run button","status":"skipped","statusDetails":{"known":false,"muted":false,"flaky":false},"stage":"finished","steps":[],"attachments":[],"parameters":[],"start":1711575536060,"stop":1711575536065},{"name":"Then Alert should displayed as \"NameError:name <code > is not defined on line <line no>\" with ok button","status":"skipped","statusDetails":{"known":false,"muted":false,"flaky":false},"stage":"finished","steps":[],"attachments":[],"parameters":[],"start":1711575536068,"stop":1711575536075}],"attachments":[],"parameters":[{"name":"Name","value":"Insertion"},{"name":"Python Code","value":"print \"karthi\""},{"name":"Result","value":"karthi"}],"start":1711575529493,"stop":1711575536666}