{"uuid":"53ea386a-382a-4274-a398-6f6ca581134d","historyId":"2f3b595f36d885aafc35ce0b57949315","testCaseId":"b3821999cae74559d81e50d3a769d06f","fullName":"src/test/resources/parallel/Stack.feature:35","labels":[{"name":"tag","value":"Stack_page"},{"name":"tag","value":"Stack_page_links"},{"name":"host","value":"Karthikas-Air"},{"name":"thread","value":"96382@Karthikas-Air.TestNG-PoolService-10(25)"},{"name":"feature","value":"Stack page and links"},{"name":"story","value":"Stack links in Topics Covered section for Arrays page."},{"name":"suite","value":"Stack page and links"},{"name":"testClass","value":"Stack links in Topics Covered section for Arrays page."},{"name":"framework","value":"cucumber4jvm"},{"name":"language","value":"java"},{"name":"gherkin_uri","value":"file:///Users/karthikaramesh/eclipse-workspace/TechNinja_152/src/test/resources/parallel/Stack.feature"},{"name":"package","value":"src.test.resources.parallel.Stack_feature.Stack page and links"}],"links":[],"name":"Stack links in Topics Covered section for Arrays page.","status":"broken","statusDetails":{"known":false,"muted":false,"flaky":false,"message":"element not interactable\n  (Session info: chrome=123.0.6312.87)\nBuild info: version: '4.18.1', revision: 'b1d3319b48'\nSystem info: os.name: 'Mac OS X', os.arch: 'aarch64', os.version: '13.4', java.version: '17.0.8.1'\nDriver info: org.openqa.selenium.chrome.ChromeDriver\nCommand: [4c4c3fb35e7bfa38d4b8d3cf4a2a189c, sendKeysToElement {value=[Ljava.lang.CharSequence;@17fcb4fd, id=f.D892C94CBD5085853E5D31921660E108.d.CC98A856298E57906DF11D6A7933A0BE.e.48}]\nCapabilities {acceptInsecureCerts: false, browserName: chrome, browserVersion: 123.0.6312.87, chrome: {chromedriverVersion: 123.0.6312.86 (9b72c47a0536..., userDataDir: /var/folders/qz/lb_z2h0j7ll...}, fedcm:accounts: true, goog:chromeOptions: {debuggerAddress: localhost:59386}, networkConnectionEnabled: false, pageLoadStrategy: normal, platformName: mac, proxy: Proxy(), se:cdp: ws://localhost:59386/devtoo..., se:cdpVersion: 123.0.6312.87, setWindowRect: true, strictFileInteractability: false, timeouts: {implicit: 0, pageLoad: 300000, script: 30000}, unhandledPromptBehavior: dismiss and notify, webauthn:extension:credBlob: true, webauthn:extension:largeBlob: true, webauthn:extension:minPinLength: true, webauthn:extension:prf: true, webauthn:virtualAuthenticators: true}\nElement: [[ChromeDriver: chrome on mac (4c4c3fb35e7bfa38d4b8d3cf4a2a189c)] -> xpath: //form[@id='answer_form']/div/div/div/textarea]\nSession ID: 4c4c3fb35e7bfa38d4b8d3cf4a2a189c","trace":"org.openqa.selenium.ElementNotInteractableException: element not interactable\n  (Session info: chrome=123.0.6312.87)\nBuild info: version: '4.18.1', revision: 'b1d3319b48'\nSystem info: os.name: 'Mac OS X', os.arch: 'aarch64', os.version: '13.4', java.version: '17.0.8.1'\nDriver info: org.openqa.selenium.chrome.ChromeDriver\nCommand: [4c4c3fb35e7bfa38d4b8d3cf4a2a189c, sendKeysToElement {value=[Ljava.lang.CharSequence;@17fcb4fd, id=f.D892C94CBD5085853E5D31921660E108.d.CC98A856298E57906DF11D6A7933A0BE.e.48}]\nCapabilities {acceptInsecureCerts: false, browserName: chrome, browserVersion: 123.0.6312.87, chrome: {chromedriverVersion: 123.0.6312.86 (9b72c47a0536..., userDataDir: /var/folders/qz/lb_z2h0j7ll...}, fedcm:accounts: true, goog:chromeOptions: {debuggerAddress: localhost:59386}, networkConnectionEnabled: false, pageLoadStrategy: normal, platformName: mac, proxy: Proxy(), se:cdp: ws://localhost:59386/devtoo..., se:cdpVersion: 123.0.6312.87, setWindowRect: true, strictFileInteractability: false, timeouts: {implicit: 0, pageLoad: 300000, script: 30000}, unhandledPromptBehavior: dismiss and notify, webauthn:extension:credBlob: true, webauthn:extension:largeBlob: true, webauthn:extension:minPinLength: true, webauthn:extension:prf: true, webauthn:virtualAuthenticators: true}\nElement: [[ChromeDriver: chrome on mac (4c4c3fb35e7bfa38d4b8d3cf4a2a189c)] -> xpath: //form[@id='answer_form']/div/div/div/textarea]\nSession ID: 4c4c3fb35e7bfa38d4b8d3cf4a2a189c\n\tat java.base/jdk.internal.reflect.NativeConstructorAccessorImpl.newInstance0(Native Method)\n\tat java.base/jdk.internal.reflect.NativeConstructorAccessorImpl.newInstance(NativeConstructorAccessorImpl.java:77)\n\tat java.base/jdk.internal.reflect.DelegatingConstructorAccessorImpl.newInstance(DelegatingConstructorAccessorImpl.java:45)\n\tat java.base/java.lang.reflect.Constructor.newInstanceWithCaller(Constructor.java:499)\n\tat java.base/java.lang.reflect.Constructor.newInstance(Constructor.java:480)\n\tat org.openqa.selenium.remote.ErrorCodec.decode(ErrorCodec.java:167)\n\tat org.openqa.selenium.remote.codec.w3c.W3CHttpResponseCodec.decode(W3CHttpResponseCodec.java:138)\n\tat org.openqa.selenium.remote.codec.w3c.W3CHttpResponseCodec.decode(W3CHttpResponseCodec.java:50)\n\tat org.openqa.selenium.remote.HttpCommandExecutor.execute(HttpCommandExecutor.java:190)\n\tat org.openqa.selenium.remote.service.DriverCommandExecutor.invokeExecute(DriverCommandExecutor.java:216)\n\tat org.openqa.selenium.remote.service.DriverCommandExecutor.execute(DriverCommandExecutor.java:174)\n\tat org.openqa.selenium.remote.RemoteWebDriver.execute(RemoteWebDriver.java:519)\n\tat org.openqa.selenium.remote.RemoteWebElement.execute(RemoteWebElement.java:223)\n\tat org.openqa.selenium.remote.RemoteWebElement.sendKeys(RemoteWebElement.java:110)\n\tat com_Pages.Arrays_Page_S2.sendcode(Arrays_Page_S2.java:249)\n\tat parallel.Arrays_S2.type_code_click_run_button(Arrays_S2.java:84)\n\tat ✽.Type Sample print \"karthi\" and click run button(file:///Users/karthikaramesh/eclipse-workspace/TechNinja_152/src/test/resources/parallel/Stack.feature:25)\n"},"stage":"finished","steps":[{"name":"Given Enter DS Algo portal","status":"passed","statusDetails":{"known":false,"muted":false,"flaky":false},"stage":"finished","steps":[],"attachments":[],"parameters":[],"start":1711659633521,"stop":1711659634545},{"name":"And Do Login","status":"passed","statusDetails":{"known":false,"muted":false,"flaky":false},"stage":"finished","steps":[],"attachments":[{"name":"Data table","source":"151826d1-e974-4016-811b-63ed4a948045-attachment.csv","type":"text/tab-separated-values"}],"parameters":[],"start":1711659634559,"stop":1711659635797},{"name":"When Click on 'Get Started' button in stack","status":"passed","statusDetails":{"known":false,"muted":false,"flaky":false},"stage":"finished","steps":[],"attachments":[],"parameters":[],"start":1711659635811,"stop":1711659636569},{"name":"Then 'Stack' page should open","status":"passed","statusDetails":{"known":false,"muted":false,"flaky":false},"stage":"finished","steps":[],"attachments":[],"parameters":[],"start":1711659636570,"stop":1711659636666},{"name":"When Click Implementation stack links","status":"passed","statusDetails":{"known":false,"muted":false,"flaky":false},"stage":"finished","steps":[],"attachments":[],"parameters":[],"start":1711659636666,"stop":1711659637129},{"name":"Then Implementation Page should open","status":"passed","statusDetails":{"known":false,"muted":false,"flaky":false},"stage":"finished","steps":[],"attachments":[],"parameters":[],"start":1711659637132,"stop":1711659637156},{"name":"When Click \"Practice Questions\" link in stack","status":"passed","statusDetails":{"known":false,"muted":false,"flaky":false},"stage":"finished","steps":[],"attachments":[],"parameters":[],"start":1711659637167,"stop":1711659637690},{"name":"Then \"Practice Questions\" page should open","status":"passed","statusDetails":{"known":false,"muted":false,"flaky":false},"stage":"finished","steps":[],"attachments":[],"parameters":[],"start":1711659638079,"stop":1711659638389},{"name":"When click browser right arrow to go back","status":"passed","statusDetails":{"known":false,"muted":false,"flaky":false},"stage":"finished","steps":[],"attachments":[],"parameters":[],"start":1711659638549,"stop":1711659638613},{"name":"Then Implementation Page should open","status":"passed","statusDetails":{"known":false,"muted":false,"flaky":false},"stage":"finished","steps":[],"attachments":[],"parameters":[],"start":1711659638633,"stop":1711659638661},{"name":"When Click 'Try here>>>' button","status":"passed","statusDetails":{"known":false,"muted":false,"flaky":false},"stage":"finished","steps":[],"attachments":[],"parameters":[],"start":1711659638664,"stop":1711659639790},{"name":"Then Editor box should open with run button","status":"passed","statusDetails":{"known":false,"muted":false,"flaky":false},"stage":"finished","steps":[],"attachments":[],"parameters":[],"start":1711659639791,"stop":1711659639865},{"name":"When Type Sample print \"karthi\" and click run button","status":"broken","statusDetails":{"known":false,"muted":false,"flaky":false,"message":"element not interactable\n  (Session info: chrome=123.0.6312.87)\nBuild info: version: '4.18.1', revision: 'b1d3319b48'\nSystem info: os.name: 'Mac OS X', os.arch: 'aarch64', os.version: '13.4', java.version: '17.0.8.1'\nDriver info: org.openqa.selenium.chrome.ChromeDriver\nCommand: [4c4c3fb35e7bfa38d4b8d3cf4a2a189c, sendKeysToElement {value=[Ljava.lang.CharSequence;@17fcb4fd, id=f.D892C94CBD5085853E5D31921660E108.d.CC98A856298E57906DF11D6A7933A0BE.e.48}]\nCapabilities {acceptInsecureCerts: false, browserName: chrome, browserVersion: 123.0.6312.87, chrome: {chromedriverVersion: 123.0.6312.86 (9b72c47a0536..., userDataDir: /var/folders/qz/lb_z2h0j7ll...}, fedcm:accounts: true, goog:chromeOptions: {debuggerAddress: localhost:59386}, networkConnectionEnabled: false, pageLoadStrategy: normal, platformName: mac, proxy: Proxy(), se:cdp: ws://localhost:59386/devtoo..., se:cdpVersion: 123.0.6312.87, setWindowRect: true, strictFileInteractability: false, timeouts: {implicit: 0, pageLoad: 300000, script: 30000}, unhandledPromptBehavior: dismiss and notify, webauthn:extension:credBlob: true, webauthn:extension:largeBlob: true, webauthn:extension:minPinLength: true, webauthn:extension:prf: true, webauthn:virtualAuthenticators: true}\nElement: [[ChromeDriver: chrome on mac (4c4c3fb35e7bfa38d4b8d3cf4a2a189c)] -> xpath: //form[@id='answer_form']/div/div/div/textarea]\nSession ID: 4c4c3fb35e7bfa38d4b8d3cf4a2a189c","trace":"org.openqa.selenium.ElementNotInteractableException: element not interactable\n  (Session info: chrome=123.0.6312.87)\nBuild info: version: '4.18.1', revision: 'b1d3319b48'\nSystem info: os.name: 'Mac OS X', os.arch: 'aarch64', os.version: '13.4', java.version: '17.0.8.1'\nDriver info: org.openqa.selenium.chrome.ChromeDriver\nCommand: [4c4c3fb35e7bfa38d4b8d3cf4a2a189c, sendKeysToElement {value=[Ljava.lang.CharSequence;@17fcb4fd, id=f.D892C94CBD5085853E5D31921660E108.d.CC98A856298E57906DF11D6A7933A0BE.e.48}]\nCapabilities {acceptInsecureCerts: false, browserName: chrome, browserVersion: 123.0.6312.87, chrome: {chromedriverVersion: 123.0.6312.86 (9b72c47a0536..., userDataDir: /var/folders/qz/lb_z2h0j7ll...}, fedcm:accounts: true, goog:chromeOptions: {debuggerAddress: localhost:59386}, networkConnectionEnabled: false, pageLoadStrategy: normal, platformName: mac, proxy: Proxy(), se:cdp: ws://localhost:59386/devtoo..., se:cdpVersion: 123.0.6312.87, setWindowRect: true, strictFileInteractability: false, timeouts: {implicit: 0, pageLoad: 300000, script: 30000}, unhandledPromptBehavior: dismiss and notify, webauthn:extension:credBlob: true, webauthn:extension:largeBlob: true, webauthn:extension:minPinLength: true, webauthn:extension:prf: true, webauthn:virtualAuthenticators: true}\nElement: [[ChromeDriver: chrome on mac (4c4c3fb35e7bfa38d4b8d3cf4a2a189c)] -> xpath: //form[@id='answer_form']/div/div/div/textarea]\nSession ID: 4c4c3fb35e7bfa38d4b8d3cf4a2a189c\n\tat java.base/jdk.internal.reflect.NativeConstructorAccessorImpl.newInstance0(Native Method)\n\tat java.base/jdk.internal.reflect.NativeConstructorAccessorImpl.newInstance(NativeConstructorAccessorImpl.java:77)\n\tat java.base/jdk.internal.reflect.DelegatingConstructorAccessorImpl.newInstance(DelegatingConstructorAccessorImpl.java:45)\n\tat java.base/java.lang.reflect.Constructor.newInstanceWithCaller(Constructor.java:499)\n\tat java.base/java.lang.reflect.Constructor.newInstance(Constructor.java:480)\n\tat org.openqa.selenium.remote.ErrorCodec.decode(ErrorCodec.java:167)\n\tat org.openqa.selenium.remote.codec.w3c.W3CHttpResponseCodec.decode(W3CHttpResponseCodec.java:138)\n\tat org.openqa.selenium.remote.codec.w3c.W3CHttpResponseCodec.decode(W3CHttpResponseCodec.java:50)\n\tat org.openqa.selenium.remote.HttpCommandExecutor.execute(HttpCommandExecutor.java:190)\n\tat org.openqa.selenium.remote.service.DriverCommandExecutor.invokeExecute(DriverCommandExecutor.java:216)\n\tat org.openqa.selenium.remote.service.DriverCommandExecutor.execute(DriverCommandExecutor.java:174)\n\tat org.openqa.selenium.remote.RemoteWebDriver.execute(RemoteWebDriver.java:519)\n\tat org.openqa.selenium.remote.RemoteWebElement.execute(RemoteWebElement.java:223)\n\tat org.openqa.selenium.remote.RemoteWebElement.sendKeys(RemoteWebElement.java:110)\n\tat com_Pages.Arrays_Page_S2.sendcode(Arrays_Page_S2.java:249)\n\tat parallel.Arrays_S2.type_code_click_run_button(Arrays_S2.java:84)\n\tat ✽.Type Sample print \"karthi\" and click run button(file:///Users/karthikaramesh/eclipse-workspace/TechNinja_152/src/test/resources/parallel/Stack.feature:25)\n"},"stage":"finished","steps":[],"attachments":[],"parameters":[],"start":1711659639866,"stop":1711659640089},{"name":"Then karthi should displayed","status":"skipped","statusDetails":{"known":false,"muted":false,"flaky":false},"stage":"finished","steps":[],"attachments":[],"parameters":[],"start":1711659640090,"stop":1711659640090},{"name":"When Clear Editor Box and type \"System.out.print(1+2);\"","status":"skipped","statusDetails":{"known":false,"muted":false,"flaky":false},"stage":"finished","steps":[],"attachments":[],"parameters":[],"start":1711659640090,"stop":1711659640090},{"name":"And click run button","status":"skipped","statusDetails":{"known":false,"muted":false,"flaky":false},"stage":"finished","steps":[],"attachments":[],"parameters":[],"start":1711659640090,"stop":1711659640091},{"name":"Then Alert should displayed as \"NameError:name <code > is not defined on line <line no>\" with ok button","status":"skipped","statusDetails":{"known":false,"muted":false,"flaky":false},"stage":"finished","steps":[],"attachments":[],"parameters":[],"start":1711659640091,"stop":1711659640091}],"attachments":[],"parameters":[{"name":"Name","value":"Implementation"},{"name":"Python Code","value":"print \"karthi\""},{"name":"Result","value":"karthi"}],"start":1711659631030,"stop":1711659640787}