{"uuid":"dc6abf3f-9d71-497f-9779-bc77c10cc0fb","historyId":"6c09eaca9bcae42b494f7bd9d036391","testCaseId":"fe9d84c9858a26ecf968df41b646528","fullName":"src/test/resources/parallel/Queue.feature:34","labels":[{"name":"tag","value":"Queue_page"},{"name":"tag","value":"Queue_page_links"},{"name":"host","value":"Karthikas-Air"},{"name":"thread","value":"15023@Karthikas-Air.TestNG-PoolService-10(25)"},{"name":"feature","value":"Queue page and links"},{"name":"story","value":"Queue links in Topics Covered section."},{"name":"suite","value":"Queue page and links"},{"name":"testClass","value":"Queue links in Topics Covered section."},{"name":"framework","value":"cucumber4jvm"},{"name":"language","value":"java"},{"name":"gherkin_uri","value":"file:///Users/karthikaramesh/eclipse-workspace/TechNinja_151/src/test/resources/parallel/Queue.feature"},{"name":"package","value":"src.test.resources.parallel.Queue_feature.Queue page and links"}],"links":[],"name":"Queue links in Topics Covered section.","status":"broken","statusDetails":{"known":false,"muted":false,"flaky":false,"message":"element not interactable\n  (Session info: chrome=123.0.6312.59)\nBuild info: version: '4.18.1', revision: 'b1d3319b48'\nSystem info: os.name: 'Mac OS X', os.arch: 'aarch64', os.version: '13.4', java.version: '17.0.8.1'\nDriver info: org.openqa.selenium.chrome.ChromeDriver\nCommand: [84a2c155fb8222c8c543042d9b4fe8f0, sendKeysToElement {value=[Ljava.lang.CharSequence;@bd7b276, id=f.DDBD8FD0D1327E0A418F3FA6920009B1.d.826D4459B8198307E6C3E9986E728895.e.43}]\nCapabilities {acceptInsecureCerts: false, browserName: chrome, browserVersion: 123.0.6312.59, chrome: {chromedriverVersion: 123.0.6312.86 (9b72c47a0536..., userDataDir: /var/folders/qz/lb_z2h0j7ll...}, fedcm:accounts: true, goog:chromeOptions: {debuggerAddress: localhost:65148}, networkConnectionEnabled: false, pageLoadStrategy: normal, platformName: mac, proxy: Proxy(), se:cdp: ws://localhost:65148/devtoo..., se:cdpVersion: 123.0.6312.59, setWindowRect: true, strictFileInteractability: false, timeouts: {implicit: 0, pageLoad: 300000, script: 30000}, unhandledPromptBehavior: dismiss and notify, webauthn:extension:credBlob: true, webauthn:extension:largeBlob: true, webauthn:extension:minPinLength: true, webauthn:extension:prf: true, webauthn:virtualAuthenticators: true}\nElement: [[ChromeDriver: chrome on mac (84a2c155fb8222c8c543042d9b4fe8f0)] -> xpath: //form[@id='answer_form']/div/div/div/textarea]\nSession ID: 84a2c155fb8222c8c543042d9b4fe8f0","trace":"org.openqa.selenium.ElementNotInteractableException: element not interactable\n  (Session info: chrome=123.0.6312.59)\nBuild info: version: '4.18.1', revision: 'b1d3319b48'\nSystem info: os.name: 'Mac OS X', os.arch: 'aarch64', os.version: '13.4', java.version: '17.0.8.1'\nDriver info: org.openqa.selenium.chrome.ChromeDriver\nCommand: [84a2c155fb8222c8c543042d9b4fe8f0, sendKeysToElement {value=[Ljava.lang.CharSequence;@bd7b276, id=f.DDBD8FD0D1327E0A418F3FA6920009B1.d.826D4459B8198307E6C3E9986E728895.e.43}]\nCapabilities {acceptInsecureCerts: false, browserName: chrome, browserVersion: 123.0.6312.59, chrome: {chromedriverVersion: 123.0.6312.86 (9b72c47a0536..., userDataDir: /var/folders/qz/lb_z2h0j7ll...}, fedcm:accounts: true, goog:chromeOptions: {debuggerAddress: localhost:65148}, networkConnectionEnabled: false, pageLoadStrategy: normal, platformName: mac, proxy: Proxy(), se:cdp: ws://localhost:65148/devtoo..., se:cdpVersion: 123.0.6312.59, setWindowRect: true, strictFileInteractability: false, timeouts: {implicit: 0, pageLoad: 300000, script: 30000}, unhandledPromptBehavior: dismiss and notify, webauthn:extension:credBlob: true, webauthn:extension:largeBlob: true, webauthn:extension:minPinLength: true, webauthn:extension:prf: true, webauthn:virtualAuthenticators: true}\nElement: [[ChromeDriver: chrome on mac (84a2c155fb8222c8c543042d9b4fe8f0)] -> xpath: //form[@id='answer_form']/div/div/div/textarea]\nSession ID: 84a2c155fb8222c8c543042d9b4fe8f0\n\tat java.base/jdk.internal.reflect.NativeConstructorAccessorImpl.newInstance0(Native Method)\n\tat java.base/jdk.internal.reflect.NativeConstructorAccessorImpl.newInstance(NativeConstructorAccessorImpl.java:77)\n\tat java.base/jdk.internal.reflect.DelegatingConstructorAccessorImpl.newInstance(DelegatingConstructorAccessorImpl.java:45)\n\tat java.base/java.lang.reflect.Constructor.newInstanceWithCaller(Constructor.java:499)\n\tat java.base/java.lang.reflect.Constructor.newInstance(Constructor.java:480)\n\tat org.openqa.selenium.remote.ErrorCodec.decode(ErrorCodec.java:167)\n\tat org.openqa.selenium.remote.codec.w3c.W3CHttpResponseCodec.decode(W3CHttpResponseCodec.java:138)\n\tat org.openqa.selenium.remote.codec.w3c.W3CHttpResponseCodec.decode(W3CHttpResponseCodec.java:50)\n\tat org.openqa.selenium.remote.HttpCommandExecutor.execute(HttpCommandExecutor.java:190)\n\tat org.openqa.selenium.remote.service.DriverCommandExecutor.invokeExecute(DriverCommandExecutor.java:216)\n\tat org.openqa.selenium.remote.service.DriverCommandExecutor.execute(DriverCommandExecutor.java:174)\n\tat org.openqa.selenium.remote.RemoteWebDriver.execute(RemoteWebDriver.java:519)\n\tat org.openqa.selenium.remote.RemoteWebElement.execute(RemoteWebElement.java:223)\n\tat org.openqa.selenium.remote.RemoteWebElement.sendKeys(RemoteWebElement.java:110)\n\tat com_Pages.Arrays_Page_S2.sendcode(Arrays_Page_S2.java:249)\n\tat parallel.Arrays_S2.type_code_click_run_button(Arrays_S2.java:84)\n\tat ✽.Type Sample print \"hello\" and click run button(file:///Users/karthikaramesh/eclipse-workspace/TechNinja_151/src/test/resources/parallel/Queue.feature:25)\n"},"stage":"finished","steps":[{"name":"Given Enter DS Algo portal","status":"passed","statusDetails":{"known":false,"muted":false,"flaky":false},"stage":"finished","steps":[],"attachments":[],"parameters":[],"start":1711575534264,"stop":1711575535492},{"name":"And Do Login","status":"passed","statusDetails":{"known":false,"muted":false,"flaky":false},"stage":"finished","steps":[],"attachments":[{"name":"Data table","source":"292e9340-0553-4875-9f97-cd3c83da37aa-attachment.csv","type":"text/tab-separated-values"}],"parameters":[],"start":1711575535494,"stop":1711575536579},{"name":"When Click on 'Get Started' button in Queue","status":"passed","statusDetails":{"known":false,"muted":false,"flaky":false},"stage":"finished","steps":[],"attachments":[],"parameters":[],"start":1711575536579,"stop":1711575536917},{"name":"Then 'Queue' page should open","status":"passed","statusDetails":{"known":false,"muted":false,"flaky":false},"stage":"finished","steps":[],"attachments":[],"parameters":[],"start":1711575536917,"stop":1711575536930},{"name":"When Click Implementation of Queue in Python Queue links","status":"passed","statusDetails":{"known":false,"muted":false,"flaky":false},"stage":"finished","steps":[],"attachments":[],"parameters":[],"start":1711575536930,"stop":1711575537459},{"name":"Then Implementation of Queue in Python Page should open","status":"passed","statusDetails":{"known":false,"muted":false,"flaky":false},"stage":"finished","steps":[],"attachments":[],"parameters":[],"start":1711575537474,"stop":1711575537541},{"name":"When Click \"Practice Questions\" link in Queue","status":"passed","statusDetails":{"known":false,"muted":false,"flaky":false},"stage":"finished","steps":[],"attachments":[],"parameters":[],"start":1711575537547,"stop":1711575538167},{"name":"Then \"Practice Questions\" page should open","status":"passed","statusDetails":{"known":false,"muted":false,"flaky":false},"stage":"finished","steps":[],"attachments":[],"parameters":[],"start":1711575538176,"stop":1711575538389},{"name":"When click browser right arrow to go back","status":"passed","statusDetails":{"known":false,"muted":false,"flaky":false},"stage":"finished","steps":[],"attachments":[],"parameters":[],"start":1711575538402,"stop":1711575538520},{"name":"Then Implementation of Queue in Python Page should open","status":"passed","statusDetails":{"known":false,"muted":false,"flaky":false},"stage":"finished","steps":[],"attachments":[],"parameters":[],"start":1711575538536,"stop":1711575538596},{"name":"When Click 'Try here>>>' button","status":"passed","statusDetails":{"known":false,"muted":false,"flaky":false},"stage":"finished","steps":[],"attachments":[],"parameters":[],"start":1711575538598,"stop":1711575539764},{"name":"Then Editor box should open with run button","status":"passed","statusDetails":{"known":false,"muted":false,"flaky":false},"stage":"finished","steps":[],"attachments":[],"parameters":[],"start":1711575539788,"stop":1711575539795},{"name":"When Type Sample print \"hello\" and click run button","status":"broken","statusDetails":{"known":false,"muted":false,"flaky":false,"message":"element not interactable\n  (Session info: chrome=123.0.6312.59)\nBuild info: version: '4.18.1', revision: 'b1d3319b48'\nSystem info: os.name: 'Mac OS X', os.arch: 'aarch64', os.version: '13.4', java.version: '17.0.8.1'\nDriver info: org.openqa.selenium.chrome.ChromeDriver\nCommand: [84a2c155fb8222c8c543042d9b4fe8f0, sendKeysToElement {value=[Ljava.lang.CharSequence;@bd7b276, id=f.DDBD8FD0D1327E0A418F3FA6920009B1.d.826D4459B8198307E6C3E9986E728895.e.43}]\nCapabilities {acceptInsecureCerts: false, browserName: chrome, browserVersion: 123.0.6312.59, chrome: {chromedriverVersion: 123.0.6312.86 (9b72c47a0536..., userDataDir: /var/folders/qz/lb_z2h0j7ll...}, fedcm:accounts: true, goog:chromeOptions: {debuggerAddress: localhost:65148}, networkConnectionEnabled: false, pageLoadStrategy: normal, platformName: mac, proxy: Proxy(), se:cdp: ws://localhost:65148/devtoo..., se:cdpVersion: 123.0.6312.59, setWindowRect: true, strictFileInteractability: false, timeouts: {implicit: 0, pageLoad: 300000, script: 30000}, unhandledPromptBehavior: dismiss and notify, webauthn:extension:credBlob: true, webauthn:extension:largeBlob: true, webauthn:extension:minPinLength: true, webauthn:extension:prf: true, webauthn:virtualAuthenticators: true}\nElement: [[ChromeDriver: chrome on mac (84a2c155fb8222c8c543042d9b4fe8f0)] -> xpath: //form[@id='answer_form']/div/div/div/textarea]\nSession ID: 84a2c155fb8222c8c543042d9b4fe8f0","trace":"org.openqa.selenium.ElementNotInteractableException: element not interactable\n  (Session info: chrome=123.0.6312.59)\nBuild info: version: '4.18.1', revision: 'b1d3319b48'\nSystem info: os.name: 'Mac OS X', os.arch: 'aarch64', os.version: '13.4', java.version: '17.0.8.1'\nDriver info: org.openqa.selenium.chrome.ChromeDriver\nCommand: [84a2c155fb8222c8c543042d9b4fe8f0, sendKeysToElement {value=[Ljava.lang.CharSequence;@bd7b276, id=f.DDBD8FD0D1327E0A418F3FA6920009B1.d.826D4459B8198307E6C3E9986E728895.e.43}]\nCapabilities {acceptInsecureCerts: false, browserName: chrome, browserVersion: 123.0.6312.59, chrome: {chromedriverVersion: 123.0.6312.86 (9b72c47a0536..., userDataDir: /var/folders/qz/lb_z2h0j7ll...}, fedcm:accounts: true, goog:chromeOptions: {debuggerAddress: localhost:65148}, networkConnectionEnabled: false, pageLoadStrategy: normal, platformName: mac, proxy: Proxy(), se:cdp: ws://localhost:65148/devtoo..., se:cdpVersion: 123.0.6312.59, setWindowRect: true, strictFileInteractability: false, timeouts: {implicit: 0, pageLoad: 300000, script: 30000}, unhandledPromptBehavior: dismiss and notify, webauthn:extension:credBlob: true, webauthn:extension:largeBlob: true, webauthn:extension:minPinLength: true, webauthn:extension:prf: true, webauthn:virtualAuthenticators: true}\nElement: [[ChromeDriver: chrome on mac (84a2c155fb8222c8c543042d9b4fe8f0)] -> xpath: //form[@id='answer_form']/div/div/div/textarea]\nSession ID: 84a2c155fb8222c8c543042d9b4fe8f0\n\tat java.base/jdk.internal.reflect.NativeConstructorAccessorImpl.newInstance0(Native Method)\n\tat java.base/jdk.internal.reflect.NativeConstructorAccessorImpl.newInstance(NativeConstructorAccessorImpl.java:77)\n\tat java.base/jdk.internal.reflect.DelegatingConstructorAccessorImpl.newInstance(DelegatingConstructorAccessorImpl.java:45)\n\tat java.base/java.lang.reflect.Constructor.newInstanceWithCaller(Constructor.java:499)\n\tat java.base/java.lang.reflect.Constructor.newInstance(Constructor.java:480)\n\tat org.openqa.selenium.remote.ErrorCodec.decode(ErrorCodec.java:167)\n\tat org.openqa.selenium.remote.codec.w3c.W3CHttpResponseCodec.decode(W3CHttpResponseCodec.java:138)\n\tat org.openqa.selenium.remote.codec.w3c.W3CHttpResponseCodec.decode(W3CHttpResponseCodec.java:50)\n\tat org.openqa.selenium.remote.HttpCommandExecutor.execute(HttpCommandExecutor.java:190)\n\tat org.openqa.selenium.remote.service.DriverCommandExecutor.invokeExecute(DriverCommandExecutor.java:216)\n\tat org.openqa.selenium.remote.service.DriverCommandExecutor.execute(DriverCommandExecutor.java:174)\n\tat org.openqa.selenium.remote.RemoteWebDriver.execute(RemoteWebDriver.java:519)\n\tat org.openqa.selenium.remote.RemoteWebElement.execute(RemoteWebElement.java:223)\n\tat org.openqa.selenium.remote.RemoteWebElement.sendKeys(RemoteWebElement.java:110)\n\tat com_Pages.Arrays_Page_S2.sendcode(Arrays_Page_S2.java:249)\n\tat parallel.Arrays_S2.type_code_click_run_button(Arrays_S2.java:84)\n\tat ✽.Type Sample print \"hello\" and click run button(file:///Users/karthikaramesh/eclipse-workspace/TechNinja_151/src/test/resources/parallel/Queue.feature:25)\n"},"stage":"finished","steps":[],"attachments":[],"parameters":[],"start":1711575539795,"stop":1711575539929},{"name":"Then hello should displayed","status":"skipped","statusDetails":{"known":false,"muted":false,"flaky":false},"stage":"finished","steps":[],"attachments":[],"parameters":[],"start":1711575540351,"stop":1711575540351},{"name":"When Clear Editor Box and type \"System.out.print(1+2);\"","status":"skipped","statusDetails":{"known":false,"muted":false,"flaky":false},"stage":"finished","steps":[],"attachments":[],"parameters":[],"start":1711575540351,"stop":1711575540351},{"name":"And click run button","status":"skipped","statusDetails":{"known":false,"muted":false,"flaky":false},"stage":"finished","steps":[],"attachments":[],"parameters":[],"start":1711575540352,"stop":1711575540352},{"name":"Then Alert should displayed as \"NameError:name <code > is not defined on line <line no>\" with ok button","status":"skipped","statusDetails":{"known":false,"muted":false,"flaky":false},"stage":"finished","steps":[],"attachments":[],"parameters":[],"start":1711575540352,"stop":1711575540352}],"attachments":[],"parameters":[{"name":"Name","value":"Implementation of Queue in Python"},{"name":"Python Code","value":"print \"hello\""},{"name":"Result","value":"hello"}],"start":1711575532349,"stop":1711575541897}