<?xml version="1.0" encoding="UTF-8"?>
<testng-results ignored="0" total="54" passed="50" failed="4" skipped="0">
  <reporter-output>
  </reporter-output>
  <suite started-at="2024-03-28T13:59:50 PDT" name="Default suite" finished-at="2024-03-28T14:00:59 PDT" duration-ms="69383">
    <groups>
      <group name="cucumber">
        <method signature="AbstractTestNGCucumberTests.runScenario(io.cucumber.testng.PickleWrapper,io.cucumber.testng.FeatureWrapper)[pri:0, instance:parallel.parallelrun@65987993]" name="runScenario" class="io.cucumber.testng.AbstractTestNGCucumberTests"/>
      </group> <!-- cucumber -->
    </groups>
    <test started-at="2024-03-28T13:59:50 PDT" name="Default test" finished-at="2024-03-28T14:00:59 PDT" duration-ms="69383">
      <class name="parallel.parallelrun">
        <test-method is-config="true" signature="setUpClass(org.testng.ITestContext)[pri:0, instance:parallel.parallelrun@65987993]" started-at="2024-03-28T13:59:50 PDT" name="setUpClass" finished-at="2024-03-28T13:59:50 PDT" duration-ms="401" status="PASS">
          <params>
            <param index="0">
              <value>
                <![CDATA[org.testng.TestRunner@b75b890]]>
              </value>
            </param>
          </params>
          <reporter-output>
          </reporter-output>
        </test-method> <!-- setUpClass -->
        <test-method signature="runScenario(io.cucumber.testng.PickleWrapper,io.cucumber.testng.FeatureWrapper)[pri:0, instance:parallel.parallelrun@65987993]" started-at="2024-03-28T13:59:50 PDT" name="runScenario" description="Runs Cucumber Scenarios" data-provider="scenarios" finished-at="2024-03-28T14:00:05 PDT" duration-ms="14790" status="PASS">
          <params>
            <param index="0">
              <value>
                <![CDATA["'Arrays' links in Topics Covered section for Arrays page."]]>
              </value>
            </param>
            <param index="1">
              <value>
                <![CDATA["Array page and links"]]>
              </value>
            </param>
          </params>
          <reporter-output>
          </reporter-output>
        </test-method> <!-- runScenario -->
        <test-method signature="runScenario(io.cucumber.testng.PickleWrapper,io.cucumber.testng.FeatureWrapper)[pri:0, instance:parallel.parallelrun@65987993]" started-at="2024-03-28T13:59:50 PDT" name="runScenario" description="Runs Cucumber Scenarios" data-provider="scenarios" finished-at="2024-03-28T14:00:19 PDT" duration-ms="29082" status="PASS">
          <params>
            <param index="0">
              <value>
                <![CDATA["Practice Questions_Nonpythoncode"]]>
              </value>
            </param>
            <param index="1">
              <value>
                <![CDATA["Array page and links"]]>
              </value>
            </param>
          </params>
          <reporter-output>
          </reporter-output>
        </test-method> <!-- runScenario -->
        <test-method signature="runScenario(io.cucumber.testng.PickleWrapper,io.cucumber.testng.FeatureWrapper)[pri:0, instance:parallel.parallelrun@65987993]" started-at="2024-03-28T13:59:50 PDT" name="runScenario" description="Runs Cucumber Scenarios" data-provider="scenarios" finished-at="2024-03-28T14:00:05 PDT" duration-ms="14802" status="PASS">
          <params>
            <param index="0">
              <value>
                <![CDATA["'Arrays' links in Topics Covered section for Arrays page."]]>
              </value>
            </param>
            <param index="1">
              <value>
                <![CDATA["Array page and links"]]>
              </value>
            </param>
          </params>
          <reporter-output>
          </reporter-output>
        </test-method> <!-- runScenario -->
        <test-method signature="runScenario(io.cucumber.testng.PickleWrapper,io.cucumber.testng.FeatureWrapper)[pri:0, instance:parallel.parallelrun@65987993]" started-at="2024-03-28T13:59:50 PDT" name="runScenario" description="Runs Cucumber Scenarios" data-provider="scenarios" finished-at="2024-03-28T14:00:05 PDT" duration-ms="14800" status="PASS">
          <params>
            <param index="0">
              <value>
                <![CDATA["'Arrays' links in Topics Covered section for Arrays page."]]>
              </value>
            </param>
            <param index="1">
              <value>
                <![CDATA["Array page and links"]]>
              </value>
            </param>
          </params>
          <reporter-output>
          </reporter-output>
        </test-method> <!-- runScenario -->
        <test-method signature="runScenario(io.cucumber.testng.PickleWrapper,io.cucumber.testng.FeatureWrapper)[pri:0, instance:parallel.parallelrun@65987993]" started-at="2024-03-28T13:59:50 PDT" name="runScenario" description="Runs Cucumber Scenarios" data-provider="scenarios" finished-at="2024-03-28T14:00:05 PDT" duration-ms="14808" status="PASS">
          <params>
            <param index="0">
              <value>
                <![CDATA["'Arrays' links in Topics Covered section for Arrays page."]]>
              </value>
            </param>
            <param index="1">
              <value>
                <![CDATA["Array page and links"]]>
              </value>
            </param>
          </params>
          <reporter-output>
          </reporter-output>
        </test-method> <!-- runScenario -->
        <test-method signature="runScenario(io.cucumber.testng.PickleWrapper,io.cucumber.testng.FeatureWrapper)[pri:0, instance:parallel.parallelrun@65987993]" started-at="2024-03-28T13:59:50 PDT" name="runScenario" description="Runs Cucumber Scenarios" data-provider="scenarios" finished-at="2024-03-28T14:00:09 PDT" duration-ms="18160" status="PASS">
          <params>
            <param index="0">
              <value>
                <![CDATA["Practice Questions_Nonpythoncode"]]>
              </value>
            </param>
            <param index="1">
              <value>
                <![CDATA["Array page and links"]]>
              </value>
            </param>
          </params>
          <reporter-output>
          </reporter-output>
        </test-method> <!-- runScenario -->
        <test-method signature="runScenario(io.cucumber.testng.PickleWrapper,io.cucumber.testng.FeatureWrapper)[pri:0, instance:parallel.parallelrun@65987993]" started-at="2024-03-28T13:59:50 PDT" name="runScenario" description="Runs Cucumber Scenarios" data-provider="scenarios" finished-at="2024-03-28T14:00:09 PDT" duration-ms="18195" status="PASS">
          <params>
            <param index="0">
              <value>
                <![CDATA["Practice Questions_Nonpythoncode"]]>
              </value>
            </param>
            <param index="1">
              <value>
                <![CDATA["Array page and links"]]>
              </value>
            </param>
          </params>
          <reporter-output>
          </reporter-output>
        </test-method> <!-- runScenario -->
        <test-method signature="runScenario(io.cucumber.testng.PickleWrapper,io.cucumber.testng.FeatureWrapper)[pri:0, instance:parallel.parallelrun@65987993]" started-at="2024-03-28T13:59:50 PDT" name="runScenario" description="Runs Cucumber Scenarios" data-provider="scenarios" finished-at="2024-03-28T14:00:16 PDT" duration-ms="25733" status="PASS">
          <params>
            <param index="0">
              <value>
                <![CDATA["Practice Questions_Nonpythoncode"]]>
              </value>
            </param>
            <param index="1">
              <value>
                <![CDATA["Array page and links"]]>
              </value>
            </param>
          </params>
          <reporter-output>
          </reporter-output>
        </test-method> <!-- runScenario -->
        <test-method signature="runScenario(io.cucumber.testng.PickleWrapper,io.cucumber.testng.FeatureWrapper)[pri:0, instance:parallel.parallelrun@65987993]" started-at="2024-03-28T13:59:50 PDT" name="runScenario" description="Runs Cucumber Scenarios" data-provider="scenarios" finished-at="2024-03-28T14:00:07 PDT" duration-ms="16797" status="FAIL">
          <params>
            <param index="0">
              <value>
                <![CDATA["Practice Questions_Nonpythoncode"]]>
              </value>
            </param>
            <param index="1">
              <value>
                <![CDATA["Array page and links"]]>
              </value>
            </param>
          </params>
          <exception class="java.lang.AssertionError">
            <full-stacktrace>
              <![CDATA[java.lang.AssertionError
at org.junit.Assert.fail(Assert.java:86)
at org.junit.Assert.assertTrue(Assert.java:41)
at org.junit.Assert.assertTrue(Assert.java:52)
at parallel.Arrays_S2.message_in_console(Arrays_S2.java:137)
at ✽."Error occurred during submission" message displayed in console(file:///Users/karthikaramesh/eclipse-workspace/TechNinja_152/src/test/resources/parallel/Arrays_S2.feature:50)
]]>
            </full-stacktrace>
          </exception> <!-- java.lang.AssertionError -->
          <reporter-output>
          </reporter-output>
        </test-method> <!-- runScenario -->
        <test-method signature="runScenario(io.cucumber.testng.PickleWrapper,io.cucumber.testng.FeatureWrapper)[pri:0, instance:parallel.parallelrun@65987993]" started-at="2024-03-28T13:59:50 PDT" name="runScenario" description="Runs Cucumber Scenarios" data-provider="scenarios" finished-at="2024-03-28T14:00:07 PDT" duration-ms="16722" status="FAIL">
          <params>
            <param index="0">
              <value>
                <![CDATA["Practice Questions_Nonpythoncode"]]>
              </value>
            </param>
            <param index="1">
              <value>
                <![CDATA["Array page and links"]]>
              </value>
            </param>
          </params>
          <exception class="java.lang.AssertionError">
            <full-stacktrace>
              <![CDATA[java.lang.AssertionError
at org.junit.Assert.fail(Assert.java:86)
at org.junit.Assert.assertTrue(Assert.java:41)
at org.junit.Assert.assertTrue(Assert.java:52)
at parallel.Arrays_S2.message_in_console(Arrays_S2.java:137)
at ✽."Error occurred during submission" message displayed in console(file:///Users/karthikaramesh/eclipse-workspace/TechNinja_152/src/test/resources/parallel/Arrays_S2.feature:50)
]]>
            </full-stacktrace>
          </exception> <!-- java.lang.AssertionError -->
          <reporter-output>
          </reporter-output>
        </test-method> <!-- runScenario -->
        <test-method signature="runScenario(io.cucumber.testng.PickleWrapper,io.cucumber.testng.FeatureWrapper)[pri:0, instance:parallel.parallelrun@65987993]" started-at="2024-03-28T14:00:05 PDT" name="runScenario" description="Runs Cucumber Scenarios" data-provider="scenarios" finished-at="2024-03-28T14:00:24 PDT" duration-ms="18307" status="PASS">
          <params>
            <param index="0">
              <value>
                <![CDATA["Practice Questions_Nonpythoncode"]]>
              </value>
            </param>
            <param index="1">
              <value>
                <![CDATA["Array page and links"]]>
              </value>
            </param>
          </params>
          <reporter-output>
          </reporter-output>
        </test-method> <!-- runScenario -->
        <test-method signature="runScenario(io.cucumber.testng.PickleWrapper,io.cucumber.testng.FeatureWrapper)[pri:0, instance:parallel.parallelrun@65987993]" started-at="2024-03-28T14:00:05 PDT" name="runScenario" description="Runs Cucumber Scenarios" data-provider="scenarios" finished-at="2024-03-28T14:00:24 PDT" duration-ms="18315" status="FAIL">
          <params>
            <param index="0">
              <value>
                <![CDATA["Practice Questions_Nonpythoncode"]]>
              </value>
            </param>
            <param index="1">
              <value>
                <![CDATA["Array page and links"]]>
              </value>
            </param>
          </params>
          <exception class="java.lang.AssertionError">
            <full-stacktrace>
              <![CDATA[java.lang.AssertionError
at org.junit.Assert.fail(Assert.java:86)
at org.junit.Assert.assertTrue(Assert.java:41)
at org.junit.Assert.assertTrue(Assert.java:52)
at parallel.Arrays_S2.message_in_console(Arrays_S2.java:137)
at ✽." Some Tests failed. Please review code" message displayed in console(file:///Users/karthikaramesh/eclipse-workspace/TechNinja_152/src/test/resources/parallel/Arrays_S2.feature:75)
]]>
            </full-stacktrace>
          </exception> <!-- java.lang.AssertionError -->
          <reporter-output>
          </reporter-output>
        </test-method> <!-- runScenario -->
        <test-method signature="runScenario(io.cucumber.testng.PickleWrapper,io.cucumber.testng.FeatureWrapper)[pri:0, instance:parallel.parallelrun@65987993]" started-at="2024-03-28T14:00:05 PDT" name="runScenario" description="Runs Cucumber Scenarios" data-provider="scenarios" finished-at="2024-03-28T14:00:13 PDT" duration-ms="8063" status="PASS">
          <params>
            <param index="0">
              <value>
                <![CDATA["'Data Structures-Introduction' links in Topics Covered section for Arrays page."]]>
              </value>
            </param>
            <param index="1">
              <value>
                <![CDATA["Graph page and links"]]>
              </value>
            </param>
          </params>
          <reporter-output>
          </reporter-output>
        </test-method> <!-- runScenario -->
        <test-method signature="runScenario(io.cucumber.testng.PickleWrapper,io.cucumber.testng.FeatureWrapper)[pri:0, instance:parallel.parallelrun@65987993]" started-at="2024-03-28T14:00:05 PDT" name="runScenario" description="Runs Cucumber Scenarios" data-provider="scenarios" finished-at="2024-03-28T14:00:16 PDT" duration-ms="11007" status="PASS">
          <params>
            <param index="0">
              <value>
                <![CDATA["'Graphs' links in Topics Covered section for Arrays page."]]>
              </value>
            </param>
            <param index="1">
              <value>
                <![CDATA["Graph page and links"]]>
              </value>
            </param>
          </params>
          <reporter-output>
          </reporter-output>
        </test-method> <!-- runScenario -->
        <test-method signature="runScenario(io.cucumber.testng.PickleWrapper,io.cucumber.testng.FeatureWrapper)[pri:0, instance:parallel.parallelrun@65987993]" started-at="2024-03-28T14:00:07 PDT" name="runScenario" description="Runs Cucumber Scenarios" data-provider="scenarios" finished-at="2024-03-28T14:00:19 PDT" duration-ms="12359" status="PASS">
          <params>
            <param index="0">
              <value>
                <![CDATA["'Graphs' links in Topics Covered section for Arrays page."]]>
              </value>
            </param>
            <param index="1">
              <value>
                <![CDATA["Graph page and links"]]>
              </value>
            </param>
          </params>
          <reporter-output>
          </reporter-output>
        </test-method> <!-- runScenario -->
        <test-method signature="runScenario(io.cucumber.testng.PickleWrapper,io.cucumber.testng.FeatureWrapper)[pri:0, instance:parallel.parallelrun@65987993]" started-at="2024-03-28T14:00:07 PDT" name="runScenario" description="Runs Cucumber Scenarios" data-provider="scenarios" finished-at="2024-03-28T14:00:11 PDT" duration-ms="4258" status="PASS">
          <params>
            <param index="0">
              <value>
                <![CDATA["Home page without login"]]>
              </value>
            </param>
            <param index="1">
              <value>
                <![CDATA["Home page Login"]]>
              </value>
            </param>
          </params>
          <reporter-output>
          </reporter-output>
        </test-method> <!-- runScenario -->
        <test-method signature="runScenario(io.cucumber.testng.PickleWrapper,io.cucumber.testng.FeatureWrapper)[pri:0, instance:parallel.parallelrun@65987993]" started-at="2024-03-28T14:00:09 PDT" name="runScenario" description="Runs Cucumber Scenarios" data-provider="scenarios" finished-at="2024-03-28T14:00:12 PDT" duration-ms="3861" status="PASS">
          <params>
            <param index="0">
              <value>
                <![CDATA["Home page without login"]]>
              </value>
            </param>
            <param index="1">
              <value>
                <![CDATA["Home page Login"]]>
              </value>
            </param>
          </params>
          <reporter-output>
          </reporter-output>
        </test-method> <!-- runScenario -->
        <test-method signature="runScenario(io.cucumber.testng.PickleWrapper,io.cucumber.testng.FeatureWrapper)[pri:0, instance:parallel.parallelrun@65987993]" started-at="2024-03-28T14:00:09 PDT" name="runScenario" description="Runs Cucumber Scenarios" data-provider="scenarios" finished-at="2024-03-28T14:00:12 PDT" duration-ms="3833" status="PASS">
          <params>
            <param index="0">
              <value>
                <![CDATA["Home page without login"]]>
              </value>
            </param>
            <param index="1">
              <value>
                <![CDATA["Home page Login"]]>
              </value>
            </param>
          </params>
          <reporter-output>
          </reporter-output>
        </test-method> <!-- runScenario -->
        <test-method signature="runScenario(io.cucumber.testng.PickleWrapper,io.cucumber.testng.FeatureWrapper)[pri:0, instance:parallel.parallelrun@65987993]" started-at="2024-03-28T14:00:11 PDT" name="runScenario" description="Runs Cucumber Scenarios" data-provider="scenarios" finished-at="2024-03-28T14:00:15 PDT" duration-ms="3185" status="PASS">
          <params>
            <param index="0">
              <value>
                <![CDATA["Home page without login"]]>
              </value>
            </param>
            <param index="1">
              <value>
                <![CDATA["Home page Login"]]>
              </value>
            </param>
          </params>
          <reporter-output>
          </reporter-output>
        </test-method> <!-- runScenario -->
        <test-method signature="runScenario(io.cucumber.testng.PickleWrapper,io.cucumber.testng.FeatureWrapper)[pri:0, instance:parallel.parallelrun@65987993]" started-at="2024-03-28T14:00:12 PDT" name="runScenario" description="Runs Cucumber Scenarios" data-provider="scenarios" finished-at="2024-03-28T14:00:16 PDT" duration-ms="3671" status="PASS">
          <params>
            <param index="0">
              <value>
                <![CDATA["Home page without login"]]>
              </value>
            </param>
            <param index="1">
              <value>
                <![CDATA["Home page Login"]]>
              </value>
            </param>
          </params>
          <reporter-output>
          </reporter-output>
        </test-method> <!-- runScenario -->
        <test-method signature="runScenario(io.cucumber.testng.PickleWrapper,io.cucumber.testng.FeatureWrapper)[pri:0, instance:parallel.parallelrun@65987993]" started-at="2024-03-28T14:00:12 PDT" name="runScenario" description="Runs Cucumber Scenarios" data-provider="scenarios" finished-at="2024-03-28T14:00:16 PDT" duration-ms="3855" status="PASS">
          <params>
            <param index="0">
              <value>
                <![CDATA["Home page without login"]]>
              </value>
            </param>
            <param index="1">
              <value>
                <![CDATA["Home page Login"]]>
              </value>
            </param>
          </params>
          <reporter-output>
          </reporter-output>
        </test-method> <!-- runScenario -->
        <test-method signature="runScenario(io.cucumber.testng.PickleWrapper,io.cucumber.testng.FeatureWrapper)[pri:0, instance:parallel.parallelrun@65987993]" started-at="2024-03-28T14:00:13 PDT" name="runScenario" description="Runs Cucumber Scenarios" data-provider="scenarios" finished-at="2024-03-28T14:00:17 PDT" duration-ms="3682" status="PASS">
          <params>
            <param index="0">
              <value>
                <![CDATA["Home page without login"]]>
              </value>
            </param>
            <param index="1">
              <value>
                <![CDATA["Home page Login"]]>
              </value>
            </param>
          </params>
          <reporter-output>
          </reporter-output>
        </test-method> <!-- runScenario -->
        <test-method signature="runScenario(io.cucumber.testng.PickleWrapper,io.cucumber.testng.FeatureWrapper)[pri:0, instance:parallel.parallelrun@65987993]" started-at="2024-03-28T14:00:15 PDT" name="runScenario" description="Runs Cucumber Scenarios" data-provider="scenarios" finished-at="2024-03-28T14:00:24 PDT" duration-ms="9615" status="PASS">
          <params>
            <param index="0">
              <value>
                <![CDATA["Linkedlist links in Topics Covered section."]]>
              </value>
            </param>
            <param index="1">
              <value>
                <![CDATA["Linkedlist page and links"]]>
              </value>
            </param>
          </params>
          <reporter-output>
          </reporter-output>
        </test-method> <!-- runScenario -->
        <test-method signature="runScenario(io.cucumber.testng.PickleWrapper,io.cucumber.testng.FeatureWrapper)[pri:0, instance:parallel.parallelrun@65987993]" started-at="2024-03-28T14:00:16 PDT" name="runScenario" description="Runs Cucumber Scenarios" data-provider="scenarios" finished-at="2024-03-28T14:00:25 PDT" duration-ms="9197" status="PASS">
          <params>
            <param index="0">
              <value>
                <![CDATA["Linkedlist links in Topics Covered section."]]>
              </value>
            </param>
            <param index="1">
              <value>
                <![CDATA["Linkedlist page and links"]]>
              </value>
            </param>
          </params>
          <reporter-output>
          </reporter-output>
        </test-method> <!-- runScenario -->
        <test-method signature="runScenario(io.cucumber.testng.PickleWrapper,io.cucumber.testng.FeatureWrapper)[pri:0, instance:parallel.parallelrun@65987993]" started-at="2024-03-28T14:00:16 PDT" name="runScenario" description="Runs Cucumber Scenarios" data-provider="scenarios" finished-at="2024-03-28T14:00:27 PDT" duration-ms="11169" status="PASS">
          <params>
            <param index="0">
              <value>
                <![CDATA["Linkedlist links in Topics Covered section."]]>
              </value>
            </param>
            <param index="1">
              <value>
                <![CDATA["Linkedlist page and links"]]>
              </value>
            </param>
          </params>
          <reporter-output>
          </reporter-output>
        </test-method> <!-- runScenario -->
        <test-method signature="runScenario(io.cucumber.testng.PickleWrapper,io.cucumber.testng.FeatureWrapper)[pri:0, instance:parallel.parallelrun@65987993]" started-at="2024-03-28T14:00:16 PDT" name="runScenario" description="Runs Cucumber Scenarios" data-provider="scenarios" finished-at="2024-03-28T14:00:27 PDT" duration-ms="11093" status="PASS">
          <params>
            <param index="0">
              <value>
                <![CDATA["Linkedlist links in Topics Covered section."]]>
              </value>
            </param>
            <param index="1">
              <value>
                <![CDATA["Linkedlist page and links"]]>
              </value>
            </param>
          </params>
          <reporter-output>
          </reporter-output>
        </test-method> <!-- runScenario -->
        <test-method signature="runScenario(io.cucumber.testng.PickleWrapper,io.cucumber.testng.FeatureWrapper)[pri:0, instance:parallel.parallelrun@65987993]" started-at="2024-03-28T14:00:16 PDT" name="runScenario" description="Runs Cucumber Scenarios" data-provider="scenarios" finished-at="2024-03-28T14:00:27 PDT" duration-ms="11016" status="PASS">
          <params>
            <param index="0">
              <value>
                <![CDATA["Linkedlist links in Topics Covered section."]]>
              </value>
            </param>
            <param index="1">
              <value>
                <![CDATA["Linkedlist page and links"]]>
              </value>
            </param>
          </params>
          <reporter-output>
          </reporter-output>
        </test-method> <!-- runScenario -->
        <test-method signature="runScenario(io.cucumber.testng.PickleWrapper,io.cucumber.testng.FeatureWrapper)[pri:0, instance:parallel.parallelrun@65987993]" started-at="2024-03-28T14:00:17 PDT" name="runScenario" description="Runs Cucumber Scenarios" data-provider="scenarios" finished-at="2024-03-28T14:00:27 PDT" duration-ms="10352" status="PASS">
          <params>
            <param index="0">
              <value>
                <![CDATA["Linkedlist links in Topics Covered section."]]>
              </value>
            </param>
            <param index="1">
              <value>
                <![CDATA["Linkedlist page and links"]]>
              </value>
            </param>
          </params>
          <reporter-output>
          </reporter-output>
        </test-method> <!-- runScenario -->
        <test-method signature="runScenario(io.cucumber.testng.PickleWrapper,io.cucumber.testng.FeatureWrapper)[pri:0, instance:parallel.parallelrun@65987993]" started-at="2024-03-28T14:00:19 PDT" name="runScenario" description="Runs Cucumber Scenarios" data-provider="scenarios" finished-at="2024-03-28T14:00:30 PDT" duration-ms="10993" status="PASS">
          <params>
            <param index="0">
              <value>
                <![CDATA["Linkedlist links in Topics Covered section."]]>
              </value>
            </param>
            <param index="1">
              <value>
                <![CDATA["Linkedlist page and links"]]>
              </value>
            </param>
          </params>
          <reporter-output>
          </reporter-output>
        </test-method> <!-- runScenario -->
        <test-method signature="runScenario(io.cucumber.testng.PickleWrapper,io.cucumber.testng.FeatureWrapper)[pri:0, instance:parallel.parallelrun@65987993]" started-at="2024-03-28T14:00:19 PDT" name="runScenario" description="Runs Cucumber Scenarios" data-provider="scenarios" finished-at="2024-03-28T14:00:31 PDT" duration-ms="11083" status="PASS">
          <params>
            <param index="0">
              <value>
                <![CDATA["Queue links in Topics Covered section."]]>
              </value>
            </param>
            <param index="1">
              <value>
                <![CDATA["Queue page and links"]]>
              </value>
            </param>
          </params>
          <reporter-output>
          </reporter-output>
        </test-method> <!-- runScenario -->
        <test-method signature="runScenario(io.cucumber.testng.PickleWrapper,io.cucumber.testng.FeatureWrapper)[pri:0, instance:parallel.parallelrun@65987993]" started-at="2024-03-28T14:00:24 PDT" name="runScenario" description="Runs Cucumber Scenarios" data-provider="scenarios" finished-at="2024-03-28T14:00:34 PDT" duration-ms="10983" status="PASS">
          <params>
            <param index="0">
              <value>
                <![CDATA["Queue links in Topics Covered section."]]>
              </value>
            </param>
            <param index="1">
              <value>
                <![CDATA["Queue page and links"]]>
              </value>
            </param>
          </params>
          <reporter-output>
          </reporter-output>
        </test-method> <!-- runScenario -->
        <test-method signature="runScenario(io.cucumber.testng.PickleWrapper,io.cucumber.testng.FeatureWrapper)[pri:0, instance:parallel.parallelrun@65987993]" started-at="2024-03-28T14:00:24 PDT" name="runScenario" description="Runs Cucumber Scenarios" data-provider="scenarios" finished-at="2024-03-28T14:00:34 PDT" duration-ms="10754" status="PASS">
          <params>
            <param index="0">
              <value>
                <![CDATA["Queue links in Topics Covered section."]]>
              </value>
            </param>
            <param index="1">
              <value>
                <![CDATA["Queue page and links"]]>
              </value>
            </param>
          </params>
          <reporter-output>
          </reporter-output>
        </test-method> <!-- runScenario -->
        <test-method signature="runScenario(io.cucumber.testng.PickleWrapper,io.cucumber.testng.FeatureWrapper)[pri:0, instance:parallel.parallelrun@65987993]" started-at="2024-03-28T14:00:24 PDT" name="runScenario" description="Runs Cucumber Scenarios" data-provider="scenarios" finished-at="2024-03-28T14:00:34 PDT" duration-ms="10004" status="PASS">
          <params>
            <param index="0">
              <value>
                <![CDATA["Queue links in Topics Covered section."]]>
              </value>
            </param>
            <param index="1">
              <value>
                <![CDATA["Queue page and links"]]>
              </value>
            </param>
          </params>
          <reporter-output>
          </reporter-output>
        </test-method> <!-- runScenario -->
        <test-method signature="runScenario(io.cucumber.testng.PickleWrapper,io.cucumber.testng.FeatureWrapper)[pri:0, instance:parallel.parallelrun@65987993]" started-at="2024-03-28T14:00:25 PDT" name="runScenario" description="Runs Cucumber Scenarios" data-provider="scenarios" finished-at="2024-03-28T14:00:31 PDT" duration-ms="5922" status="PASS">
          <params>
            <param index="0">
              <value>
                <![CDATA["User try to submit registration with empty fields"]]>
              </value>
            </param>
            <param index="1">
              <value>
                <![CDATA["Test Automation DS Algo register page"]]>
              </value>
            </param>
          </params>
          <reporter-output>
          </reporter-output>
        </test-method> <!-- runScenario -->
        <test-method signature="runScenario(io.cucumber.testng.PickleWrapper,io.cucumber.testng.FeatureWrapper)[pri:0, instance:parallel.parallelrun@65987993]" started-at="2024-03-28T14:00:27 PDT" name="runScenario" description="Runs Cucumber Scenarios" data-provider="scenarios" finished-at="2024-03-28T14:00:33 PDT" duration-ms="5895" status="PASS">
          <params>
            <param index="0">
              <value>
                <![CDATA["User try to submit registration with Valid details"]]>
              </value>
            </param>
            <param index="1">
              <value>
                <![CDATA["Test Automation DS Algo register page"]]>
              </value>
            </param>
          </params>
          <reporter-output>
          </reporter-output>
        </test-method> <!-- runScenario -->
        <test-method signature="runScenario(io.cucumber.testng.PickleWrapper,io.cucumber.testng.FeatureWrapper)[pri:0, instance:parallel.parallelrun@65987993]" started-at="2024-03-28T14:00:27 PDT" name="runScenario" description="Runs Cucumber Scenarios" data-provider="scenarios" finished-at="2024-03-28T14:00:33 PDT" duration-ms="5895" status="PASS">
          <params>
            <param index="0">
              <value>
                <![CDATA["User try to submit registration with Valid details"]]>
              </value>
            </param>
            <param index="1">
              <value>
                <![CDATA["Test Automation DS Algo register page"]]>
              </value>
            </param>
          </params>
          <reporter-output>
          </reporter-output>
        </test-method> <!-- runScenario -->
        <test-method signature="runScenario(io.cucumber.testng.PickleWrapper,io.cucumber.testng.FeatureWrapper)[pri:0, instance:parallel.parallelrun@65987993]" started-at="2024-03-28T14:00:27 PDT" name="runScenario" description="Runs Cucumber Scenarios" data-provider="scenarios" finished-at="2024-03-28T14:00:35 PDT" duration-ms="8194" status="PASS">
          <params>
            <param index="0">
              <value>
                <![CDATA["User try to submit registration with InValid details"]]>
              </value>
            </param>
            <param index="1">
              <value>
                <![CDATA["Test Automation DS Algo register page"]]>
              </value>
            </param>
          </params>
          <reporter-output>
          </reporter-output>
        </test-method> <!-- runScenario -->
        <test-method signature="runScenario(io.cucumber.testng.PickleWrapper,io.cucumber.testng.FeatureWrapper)[pri:0, instance:parallel.parallelrun@65987993]" started-at="2024-03-28T14:00:27 PDT" name="runScenario" description="Runs Cucumber Scenarios" data-provider="scenarios" finished-at="2024-03-28T14:00:39 PDT" duration-ms="11595" status="PASS">
          <params>
            <param index="0">
              <value>
                <![CDATA["Stack links in Topics Covered section for Arrays page."]]>
              </value>
            </param>
            <param index="1">
              <value>
                <![CDATA["Stack page and links"]]>
              </value>
            </param>
          </params>
          <reporter-output>
          </reporter-output>
        </test-method> <!-- runScenario -->
        <test-method signature="runScenario(io.cucumber.testng.PickleWrapper,io.cucumber.testng.FeatureWrapper)[pri:0, instance:parallel.parallelrun@65987993]" started-at="2024-03-28T14:00:30 PDT" name="runScenario" description="Runs Cucumber Scenarios" data-provider="scenarios" finished-at="2024-03-28T14:00:40 PDT" duration-ms="9792" status="FAIL">
          <params>
            <param index="0">
              <value>
                <![CDATA["Stack links in Topics Covered section for Arrays page."]]>
              </value>
            </param>
            <param index="1">
              <value>
                <![CDATA["Stack page and links"]]>
              </value>
            </param>
          </params>
          <exception class="org.openqa.selenium.ElementNotInteractableException">
            <message>
              <![CDATA[element not interactable
  (Session info: chrome=123.0.6312.87)
Build info: version: '4.18.1', revision: 'b1d3319b48'
System info: os.name: 'Mac OS X', os.arch: 'aarch64', os.version: '13.4', java.version: '17.0.8.1'
Driver info: org.openqa.selenium.chrome.ChromeDriver
Command: [4c4c3fb35e7bfa38d4b8d3cf4a2a189c, sendKeysToElement {value=[Ljava.lang.CharSequence;@17fcb4fd, id=f.D892C94CBD5085853E5D31921660E108.d.CC98A856298E57906DF11D6A7933A0BE.e.48}]
Capabilities {acceptInsecureCerts: false, browserName: chrome, browserVersion: 123.0.6312.87, chrome: {chromedriverVersion: 123.0.6312.86 (9b72c47a0536..., userDataDir: /var/folders/qz/lb_z2h0j7ll...}, fedcm:accounts: true, goog:chromeOptions: {debuggerAddress: localhost:59386}, networkConnectionEnabled: false, pageLoadStrategy: normal, platformName: mac, proxy: Proxy(), se:cdp: ws://localhost:59386/devtoo..., se:cdpVersion: 123.0.6312.87, setWindowRect: true, strictFileInteractability: false, timeouts: {implicit: 0, pageLoad: 300000, script: 30000}, unhandledPromptBehavior: dismiss and notify, webauthn:extension:credBlob: true, webauthn:extension:largeBlob: true, webauthn:extension:minPinLength: true, webauthn:extension:prf: true, webauthn:virtualAuthenticators: true}
Element: [[ChromeDriver: chrome on mac (4c4c3fb35e7bfa38d4b8d3cf4a2a189c)] -> xpath: //form[@id='answer_form']/div/div/div/textarea]
Session ID: 4c4c3fb35e7bfa38d4b8d3cf4a2a189c]]>
            </message>
            <full-stacktrace>
              <![CDATA[org.openqa.selenium.ElementNotInteractableException: element not interactable
  (Session info: chrome=123.0.6312.87)
Build info: version: '4.18.1', revision: 'b1d3319b48'
System info: os.name: 'Mac OS X', os.arch: 'aarch64', os.version: '13.4', java.version: '17.0.8.1'
Driver info: org.openqa.selenium.chrome.ChromeDriver
Command: [4c4c3fb35e7bfa38d4b8d3cf4a2a189c, sendKeysToElement {value=[Ljava.lang.CharSequence;@17fcb4fd, id=f.D892C94CBD5085853E5D31921660E108.d.CC98A856298E57906DF11D6A7933A0BE.e.48}]
Capabilities {acceptInsecureCerts: false, browserName: chrome, browserVersion: 123.0.6312.87, chrome: {chromedriverVersion: 123.0.6312.86 (9b72c47a0536..., userDataDir: /var/folders/qz/lb_z2h0j7ll...}, fedcm:accounts: true, goog:chromeOptions: {debuggerAddress: localhost:59386}, networkConnectionEnabled: false, pageLoadStrategy: normal, platformName: mac, proxy: Proxy(), se:cdp: ws://localhost:59386/devtoo..., se:cdpVersion: 123.0.6312.87, setWindowRect: true, strictFileInteractability: false, timeouts: {implicit: 0, pageLoad: 300000, script: 30000}, unhandledPromptBehavior: dismiss and notify, webauthn:extension:credBlob: true, webauthn:extension:largeBlob: true, webauthn:extension:minPinLength: true, webauthn:extension:prf: true, webauthn:virtualAuthenticators: true}
Element: [[ChromeDriver: chrome on mac (4c4c3fb35e7bfa38d4b8d3cf4a2a189c)] -> xpath: //form[@id='answer_form']/div/div/div/textarea]
Session ID: 4c4c3fb35e7bfa38d4b8d3cf4a2a189c
at java.base/jdk.internal.reflect.NativeConstructorAccessorImpl.newInstance0(Native Method)
at java.base/jdk.internal.reflect.NativeConstructorAccessorImpl.newInstance(NativeConstructorAccessorImpl.java:77)
at java.base/jdk.internal.reflect.DelegatingConstructorAccessorImpl.newInstance(DelegatingConstructorAccessorImpl.java:45)
at java.base/java.lang.reflect.Constructor.newInstanceWithCaller(Constructor.java:499)
at java.base/java.lang.reflect.Constructor.newInstance(Constructor.java:480)
at org.openqa.selenium.remote.ErrorCodec.decode(ErrorCodec.java:167)
at org.openqa.selenium.remote.codec.w3c.W3CHttpResponseCodec.decode(W3CHttpResponseCodec.java:138)
at org.openqa.selenium.remote.codec.w3c.W3CHttpResponseCodec.decode(W3CHttpResponseCodec.java:50)
at org.openqa.selenium.remote.HttpCommandExecutor.execute(HttpCommandExecutor.java:190)
at org.openqa.selenium.remote.service.DriverCommandExecutor.invokeExecute(DriverCommandExecutor.java:216)
at org.openqa.selenium.remote.service.DriverCommandExecutor.execute(DriverCommandExecutor.java:174)
at org.openqa.selenium.remote.RemoteWebDriver.execute(RemoteWebDriver.java:519)
at org.openqa.selenium.remote.RemoteWebElement.execute(RemoteWebElement.java:223)
at org.openqa.selenium.remote.RemoteWebElement.sendKeys(RemoteWebElement.java:110)
at com_Pages.Arrays_Page_S2.sendcode(Arrays_Page_S2.java:249)
at parallel.Arrays_S2.type_code_click_run_button(Arrays_S2.java:84)
at ✽.Type Sample print "karthi" and click run button(file:///Users/karthikaramesh/eclipse-workspace/TechNinja_152/src/test/resources/parallel/Stack.feature:25)
]]>
            </full-stacktrace>
          </exception> <!-- org.openqa.selenium.ElementNotInteractableException -->
          <reporter-output>
          </reporter-output>
        </test-method> <!-- runScenario -->
        <test-method signature="runScenario(io.cucumber.testng.PickleWrapper,io.cucumber.testng.FeatureWrapper)[pri:0, instance:parallel.parallelrun@65987993]" started-at="2024-03-28T14:00:31 PDT" name="runScenario" description="Runs Cucumber Scenarios" data-provider="scenarios" finished-at="2024-03-28T14:00:41 PDT" duration-ms="10334" status="PASS">
          <params>
            <param index="0">
              <value>
                <![CDATA["Stack links in Topics Covered section for Arrays page."]]>
              </value>
            </param>
            <param index="1">
              <value>
                <![CDATA["Stack page and links"]]>
              </value>
            </param>
          </params>
          <reporter-output>
          </reporter-output>
        </test-method> <!-- runScenario -->
        <test-method signature="runScenario(io.cucumber.testng.PickleWrapper,io.cucumber.testng.FeatureWrapper)[pri:0, instance:parallel.parallelrun@65987993]" started-at="2024-03-28T14:00:31 PDT" name="runScenario" description="Runs Cucumber Scenarios" data-provider="scenarios" finished-at="2024-03-28T14:00:43 PDT" duration-ms="12161" status="PASS">
          <params>
            <param index="0">
              <value>
                <![CDATA["Tree links in Topics Covered section."]]>
              </value>
            </param>
            <param index="1">
              <value>
                <![CDATA["Tree page and links"]]>
              </value>
            </param>
          </params>
          <reporter-output>
          </reporter-output>
        </test-method> <!-- runScenario -->
        <test-method signature="runScenario(io.cucumber.testng.PickleWrapper,io.cucumber.testng.FeatureWrapper)[pri:0, instance:parallel.parallelrun@65987993]" started-at="2024-03-28T14:00:33 PDT" name="runScenario" description="Runs Cucumber Scenarios" data-provider="scenarios" finished-at="2024-03-28T14:00:43 PDT" duration-ms="10050" status="PASS">
          <params>
            <param index="0">
              <value>
                <![CDATA["Tree links in Topics Covered section."]]>
              </value>
            </param>
            <param index="1">
              <value>
                <![CDATA["Tree page and links"]]>
              </value>
            </param>
          </params>
          <reporter-output>
          </reporter-output>
        </test-method> <!-- runScenario -->
        <test-method signature="runScenario(io.cucumber.testng.PickleWrapper,io.cucumber.testng.FeatureWrapper)[pri:0, instance:parallel.parallelrun@65987993]" started-at="2024-03-28T14:00:33 PDT" name="runScenario" description="Runs Cucumber Scenarios" data-provider="scenarios" finished-at="2024-03-28T14:00:44 PDT" duration-ms="10781" status="PASS">
          <params>
            <param index="0">
              <value>
                <![CDATA["Tree links in Topics Covered section."]]>
              </value>
            </param>
            <param index="1">
              <value>
                <![CDATA["Tree page and links"]]>
              </value>
            </param>
          </params>
          <reporter-output>
          </reporter-output>
        </test-method> <!-- runScenario -->
        <test-method signature="runScenario(io.cucumber.testng.PickleWrapper,io.cucumber.testng.FeatureWrapper)[pri:0, instance:parallel.parallelrun@65987993]" started-at="2024-03-28T14:00:34 PDT" name="runScenario" description="Runs Cucumber Scenarios" data-provider="scenarios" finished-at="2024-03-28T14:00:47 PDT" duration-ms="12440" status="PASS">
          <params>
            <param index="0">
              <value>
                <![CDATA["Tree links in Topics Covered section."]]>
              </value>
            </param>
            <param index="1">
              <value>
                <![CDATA["Tree page and links"]]>
              </value>
            </param>
          </params>
          <reporter-output>
          </reporter-output>
        </test-method> <!-- runScenario -->
        <test-method signature="runScenario(io.cucumber.testng.PickleWrapper,io.cucumber.testng.FeatureWrapper)[pri:0, instance:parallel.parallelrun@65987993]" started-at="2024-03-28T14:00:34 PDT" name="runScenario" description="Runs Cucumber Scenarios" data-provider="scenarios" finished-at="2024-03-28T14:00:47 PDT" duration-ms="12380" status="PASS">
          <params>
            <param index="0">
              <value>
                <![CDATA["Tree links in Topics Covered section."]]>
              </value>
            </param>
            <param index="1">
              <value>
                <![CDATA["Tree page and links"]]>
              </value>
            </param>
          </params>
          <reporter-output>
          </reporter-output>
        </test-method> <!-- runScenario -->
        <test-method signature="runScenario(io.cucumber.testng.PickleWrapper,io.cucumber.testng.FeatureWrapper)[pri:0, instance:parallel.parallelrun@65987993]" started-at="2024-03-28T14:00:34 PDT" name="runScenario" description="Runs Cucumber Scenarios" data-provider="scenarios" finished-at="2024-03-28T14:00:47 PDT" duration-ms="12158" status="PASS">
          <params>
            <param index="0">
              <value>
                <![CDATA["Tree links in Topics Covered section."]]>
              </value>
            </param>
            <param index="1">
              <value>
                <![CDATA["Tree page and links"]]>
              </value>
            </param>
          </params>
          <reporter-output>
          </reporter-output>
        </test-method> <!-- runScenario -->
        <test-method signature="runScenario(io.cucumber.testng.PickleWrapper,io.cucumber.testng.FeatureWrapper)[pri:0, instance:parallel.parallelrun@65987993]" started-at="2024-03-28T14:00:36 PDT" name="runScenario" description="Runs Cucumber Scenarios" data-provider="scenarios" finished-at="2024-03-28T14:00:47 PDT" duration-ms="11174" status="PASS">
          <params>
            <param index="0">
              <value>
                <![CDATA["Tree links in Topics Covered section."]]>
              </value>
            </param>
            <param index="1">
              <value>
                <![CDATA["Tree page and links"]]>
              </value>
            </param>
          </params>
          <reporter-output>
          </reporter-output>
        </test-method> <!-- runScenario -->
        <test-method signature="runScenario(io.cucumber.testng.PickleWrapper,io.cucumber.testng.FeatureWrapper)[pri:0, instance:parallel.parallelrun@65987993]" started-at="2024-03-28T14:00:39 PDT" name="runScenario" description="Runs Cucumber Scenarios" data-provider="scenarios" finished-at="2024-03-28T14:00:48 PDT" duration-ms="9367" status="PASS">
          <params>
            <param index="0">
              <value>
                <![CDATA["Tree links in Topics Covered section."]]>
              </value>
            </param>
            <param index="1">
              <value>
                <![CDATA["Tree page and links"]]>
              </value>
            </param>
          </params>
          <reporter-output>
          </reporter-output>
        </test-method> <!-- runScenario -->
        <test-method signature="runScenario(io.cucumber.testng.PickleWrapper,io.cucumber.testng.FeatureWrapper)[pri:0, instance:parallel.parallelrun@65987993]" started-at="2024-03-28T14:00:40 PDT" name="runScenario" description="Runs Cucumber Scenarios" data-provider="scenarios" finished-at="2024-03-28T14:00:49 PDT" duration-ms="8349" status="PASS">
          <params>
            <param index="0">
              <value>
                <![CDATA["Tree links in Topics Covered section."]]>
              </value>
            </param>
            <param index="1">
              <value>
                <![CDATA["Tree page and links"]]>
              </value>
            </param>
          </params>
          <reporter-output>
          </reporter-output>
        </test-method> <!-- runScenario -->
        <test-method signature="runScenario(io.cucumber.testng.PickleWrapper,io.cucumber.testng.FeatureWrapper)[pri:0, instance:parallel.parallelrun@65987993]" started-at="2024-03-28T14:00:41 PDT" name="runScenario" description="Runs Cucumber Scenarios" data-provider="scenarios" finished-at="2024-03-28T14:00:50 PDT" duration-ms="8827" status="PASS">
          <params>
            <param index="0">
              <value>
                <![CDATA["Tree links in Topics Covered section."]]>
              </value>
            </param>
            <param index="1">
              <value>
                <![CDATA["Tree page and links"]]>
              </value>
            </param>
          </params>
          <reporter-output>
          </reporter-output>
        </test-method> <!-- runScenario -->
        <test-method signature="runScenario(io.cucumber.testng.PickleWrapper,io.cucumber.testng.FeatureWrapper)[pri:0, instance:parallel.parallelrun@65987993]" started-at="2024-03-28T14:00:43 PDT" name="runScenario" description="Runs Cucumber Scenarios" data-provider="scenarios" finished-at="2024-03-28T14:00:50 PDT" duration-ms="7049" status="PASS">
          <params>
            <param index="0">
              <value>
                <![CDATA["Tree links in Topics Covered section."]]>
              </value>
            </param>
            <param index="1">
              <value>
                <![CDATA["Tree page and links"]]>
              </value>
            </param>
          </params>
          <reporter-output>
          </reporter-output>
        </test-method> <!-- runScenario -->
        <test-method signature="runScenario(io.cucumber.testng.PickleWrapper,io.cucumber.testng.FeatureWrapper)[pri:0, instance:parallel.parallelrun@65987993]" started-at="2024-03-28T14:00:43 PDT" name="runScenario" description="Runs Cucumber Scenarios" data-provider="scenarios" finished-at="2024-03-28T14:00:51 PDT" duration-ms="7357" status="PASS">
          <params>
            <param index="0">
              <value>
                <![CDATA["Tree links in Topics Covered section."]]>
              </value>
            </param>
            <param index="1">
              <value>
                <![CDATA["Tree page and links"]]>
              </value>
            </param>
          </params>
          <reporter-output>
          </reporter-output>
        </test-method> <!-- runScenario -->
        <test-method signature="runScenario(io.cucumber.testng.PickleWrapper,io.cucumber.testng.FeatureWrapper)[pri:0, instance:parallel.parallelrun@65987993]" started-at="2024-03-28T14:00:44 PDT" name="runScenario" description="Runs Cucumber Scenarios" data-provider="scenarios" finished-at="2024-03-28T14:00:51 PDT" duration-ms="6920" status="PASS">
          <params>
            <param index="0">
              <value>
                <![CDATA["Tree links in Topics Covered section."]]>
              </value>
            </param>
            <param index="1">
              <value>
                <![CDATA["Tree page and links"]]>
              </value>
            </param>
          </params>
          <reporter-output>
          </reporter-output>
        </test-method> <!-- runScenario -->
        <test-method signature="runScenario(io.cucumber.testng.PickleWrapper,io.cucumber.testng.FeatureWrapper)[pri:0, instance:parallel.parallelrun@65987993]" started-at="2024-03-28T14:00:47 PDT" name="runScenario" description="Runs Cucumber Scenarios" data-provider="scenarios" finished-at="2024-03-28T14:00:50 PDT" duration-ms="3499" status="PASS">
          <params>
            <param index="0">
              <value>
                <![CDATA["Login page"]]>
              </value>
            </param>
            <param index="1">
              <value>
                <![CDATA["Home page Login"]]>
              </value>
            </param>
          </params>
          <reporter-output>
          </reporter-output>
        </test-method> <!-- runScenario -->
        <test-method is-config="true" signature="tearDownClass()[pri:0, instance:parallel.parallelrun@65987993]" started-at="2024-03-28T14:00:51 PDT" name="tearDownClass" finished-at="2024-03-28T14:00:59 PDT" duration-ms="8446" status="PASS">
          <reporter-output>
          </reporter-output>
        </test-method> <!-- tearDownClass -->
      </class> <!-- parallel.parallelrun -->
    </test> <!-- Default test -->
  </suite> <!-- Default suite -->
</testng-results>
