<?xml version="1.0" encoding="UTF-8"?>
<testng-results ignored="0" total="54" passed="48" failed="6" skipped="0">
  <reporter-output>
  </reporter-output>
  <suite started-at="2024-03-26T20:53:25 PDT" name="Default suite" finished-at="2024-03-26T20:54:26 PDT" duration-ms="60438">
    <groups>
      <group name="cucumber">
        <method signature="AbstractTestNGCucumberTests.runScenario(io.cucumber.testng.PickleWrapper,io.cucumber.testng.FeatureWrapper)[pri:0, instance:parallel.parallelrun@6c0d9d86]" name="runScenario" class="io.cucumber.testng.AbstractTestNGCucumberTests"/>
      </group> <!-- cucumber -->
    </groups>
    <test started-at="2024-03-26T20:53:25 PDT" name="Default test" finished-at="2024-03-26T20:54:26 PDT" duration-ms="60438">
      <class name="parallel.parallelrun">
        <test-method is-config="true" signature="setUpClass(org.testng.ITestContext)[pri:0, instance:parallel.parallelrun@6c0d9d86]" started-at="2024-03-26T20:53:25 PDT" name="setUpClass" finished-at="2024-03-26T20:53:25 PDT" duration-ms="212" status="PASS">
          <params>
            <param index="0">
              <value>
                <![CDATA[org.testng.TestRunner@7103ab0]]>
              </value>
            </param>
          </params>
          <reporter-output>
          </reporter-output>
        </test-method> <!-- setUpClass -->
        <test-method signature="runScenario(io.cucumber.testng.PickleWrapper,io.cucumber.testng.FeatureWrapper)[pri:0, instance:parallel.parallelrun@6c0d9d86]" started-at="2024-03-26T20:53:25 PDT" name="runScenario" description="Runs Cucumber Scenarios" data-provider="scenarios" finished-at="2024-03-26T20:53:46 PDT" duration-ms="20464" status="PASS">
          <params>
            <param index="0">
              <value>
                <![CDATA["Practice Questions_Nonpythoncode"]]>
              </value>
            </param>
            <param index="1">
              <value>
                <![CDATA["Array page and links"]]>
              </value>
            </param>
          </params>
          <reporter-output>
          </reporter-output>
        </test-method> <!-- runScenario -->
        <test-method signature="runScenario(io.cucumber.testng.PickleWrapper,io.cucumber.testng.FeatureWrapper)[pri:0, instance:parallel.parallelrun@6c0d9d86]" started-at="2024-03-26T20:53:25 PDT" name="runScenario" description="Runs Cucumber Scenarios" data-provider="scenarios" finished-at="2024-03-26T20:53:43 PDT" duration-ms="17623" status="PASS">
          <params>
            <param index="0">
              <value>
                <![CDATA["'Arrays' links in Topics Covered section for Arrays page."]]>
              </value>
            </param>
            <param index="1">
              <value>
                <![CDATA["Array page and links"]]>
              </value>
            </param>
          </params>
          <reporter-output>
          </reporter-output>
        </test-method> <!-- runScenario -->
        <test-method signature="runScenario(io.cucumber.testng.PickleWrapper,io.cucumber.testng.FeatureWrapper)[pri:0, instance:parallel.parallelrun@6c0d9d86]" started-at="2024-03-26T20:53:25 PDT" name="runScenario" description="Runs Cucumber Scenarios" data-provider="scenarios" finished-at="2024-03-26T20:53:56 PDT" duration-ms="30442" status="PASS">
          <params>
            <param index="0">
              <value>
                <![CDATA["Practice Questions_Nonpythoncode"]]>
              </value>
            </param>
            <param index="1">
              <value>
                <![CDATA["Array page and links"]]>
              </value>
            </param>
          </params>
          <reporter-output>
          </reporter-output>
        </test-method> <!-- runScenario -->
        <test-method signature="runScenario(io.cucumber.testng.PickleWrapper,io.cucumber.testng.FeatureWrapper)[pri:0, instance:parallel.parallelrun@6c0d9d86]" started-at="2024-03-26T20:53:25 PDT" name="runScenario" description="Runs Cucumber Scenarios" data-provider="scenarios" finished-at="2024-03-26T20:53:53 PDT" duration-ms="27194" status="PASS">
          <params>
            <param index="0">
              <value>
                <![CDATA["Practice Questions_Nonpythoncode"]]>
              </value>
            </param>
            <param index="1">
              <value>
                <![CDATA["Array page and links"]]>
              </value>
            </param>
          </params>
          <reporter-output>
          </reporter-output>
        </test-method> <!-- runScenario -->
        <test-method signature="runScenario(io.cucumber.testng.PickleWrapper,io.cucumber.testng.FeatureWrapper)[pri:0, instance:parallel.parallelrun@6c0d9d86]" started-at="2024-03-26T20:53:25 PDT" name="runScenario" description="Runs Cucumber Scenarios" data-provider="scenarios" finished-at="2024-03-26T20:53:43 PDT" duration-ms="17684" status="PASS">
          <params>
            <param index="0">
              <value>
                <![CDATA["'Arrays' links in Topics Covered section for Arrays page."]]>
              </value>
            </param>
            <param index="1">
              <value>
                <![CDATA["Array page and links"]]>
              </value>
            </param>
          </params>
          <reporter-output>
          </reporter-output>
        </test-method> <!-- runScenario -->
        <test-method signature="runScenario(io.cucumber.testng.PickleWrapper,io.cucumber.testng.FeatureWrapper)[pri:0, instance:parallel.parallelrun@6c0d9d86]" started-at="2024-03-26T20:53:25 PDT" name="runScenario" description="Runs Cucumber Scenarios" data-provider="scenarios" finished-at="2024-03-26T20:53:43 PDT" duration-ms="17680" status="PASS">
          <params>
            <param index="0">
              <value>
                <![CDATA["'Arrays' links in Topics Covered section for Arrays page."]]>
              </value>
            </param>
            <param index="1">
              <value>
                <![CDATA["Array page and links"]]>
              </value>
            </param>
          </params>
          <reporter-output>
          </reporter-output>
        </test-method> <!-- runScenario -->
        <test-method signature="runScenario(io.cucumber.testng.PickleWrapper,io.cucumber.testng.FeatureWrapper)[pri:0, instance:parallel.parallelrun@6c0d9d86]" started-at="2024-03-26T20:53:25 PDT" name="runScenario" description="Runs Cucumber Scenarios" data-provider="scenarios" finished-at="2024-03-26T20:53:46 PDT" duration-ms="20468" status="PASS">
          <params>
            <param index="0">
              <value>
                <![CDATA["Practice Questions_Nonpythoncode"]]>
              </value>
            </param>
            <param index="1">
              <value>
                <![CDATA["Array page and links"]]>
              </value>
            </param>
          </params>
          <reporter-output>
          </reporter-output>
        </test-method> <!-- runScenario -->
        <test-method signature="runScenario(io.cucumber.testng.PickleWrapper,io.cucumber.testng.FeatureWrapper)[pri:0, instance:parallel.parallelrun@6c0d9d86]" started-at="2024-03-26T20:53:25 PDT" name="runScenario" description="Runs Cucumber Scenarios" data-provider="scenarios" finished-at="2024-03-26T20:53:45 PDT" duration-ms="19676" status="FAIL">
          <params>
            <param index="0">
              <value>
                <![CDATA["Practice Questions_Nonpythoncode"]]>
              </value>
            </param>
            <param index="1">
              <value>
                <![CDATA["Array page and links"]]>
              </value>
            </param>
          </params>
          <exception class="java.lang.AssertionError">
            <full-stacktrace>
              <![CDATA[java.lang.AssertionError
at org.junit.Assert.fail(Assert.java:86)
at org.junit.Assert.assertTrue(Assert.java:41)
at org.junit.Assert.assertTrue(Assert.java:52)
at parallel.Arrays_S2.message_in_console(Arrays_S2.java:137)
at ✽."Error occurred during submission" message displayed in console(file:///Users/karthikaramesh/eclipse-workspace/TechNinja_151/src/test/resources/parallel/Arrays_S2.feature:50)
]]>
            </full-stacktrace>
          </exception> <!-- java.lang.AssertionError -->
          <reporter-output>
          </reporter-output>
        </test-method> <!-- runScenario -->
        <test-method signature="runScenario(io.cucumber.testng.PickleWrapper,io.cucumber.testng.FeatureWrapper)[pri:0, instance:parallel.parallelrun@6c0d9d86]" started-at="2024-03-26T20:53:25 PDT" name="runScenario" description="Runs Cucumber Scenarios" data-provider="scenarios" finished-at="2024-03-26T20:53:45 PDT" duration-ms="19676" status="FAIL">
          <params>
            <param index="0">
              <value>
                <![CDATA["Practice Questions_Nonpythoncode"]]>
              </value>
            </param>
            <param index="1">
              <value>
                <![CDATA["Array page and links"]]>
              </value>
            </param>
          </params>
          <exception class="java.lang.AssertionError">
            <full-stacktrace>
              <![CDATA[java.lang.AssertionError
at org.junit.Assert.fail(Assert.java:86)
at org.junit.Assert.assertTrue(Assert.java:41)
at org.junit.Assert.assertTrue(Assert.java:52)
at parallel.Arrays_S2.message_in_console(Arrays_S2.java:137)
at ✽."Error occurred during submission" message displayed in console(file:///Users/karthikaramesh/eclipse-workspace/TechNinja_151/src/test/resources/parallel/Arrays_S2.feature:50)
]]>
            </full-stacktrace>
          </exception> <!-- java.lang.AssertionError -->
          <reporter-output>
          </reporter-output>
        </test-method> <!-- runScenario -->
        <test-method signature="runScenario(io.cucumber.testng.PickleWrapper,io.cucumber.testng.FeatureWrapper)[pri:0, instance:parallel.parallelrun@6c0d9d86]" started-at="2024-03-26T20:53:25 PDT" name="runScenario" description="Runs Cucumber Scenarios" data-provider="scenarios" finished-at="2024-03-26T20:53:43 PDT" duration-ms="17605" status="PASS">
          <params>
            <param index="0">
              <value>
                <![CDATA["'Arrays' links in Topics Covered section for Arrays page."]]>
              </value>
            </param>
            <param index="1">
              <value>
                <![CDATA["Array page and links"]]>
              </value>
            </param>
          </params>
          <reporter-output>
          </reporter-output>
        </test-method> <!-- runScenario -->
        <test-method signature="runScenario(io.cucumber.testng.PickleWrapper,io.cucumber.testng.FeatureWrapper)[pri:0, instance:parallel.parallelrun@6c0d9d86]" started-at="2024-03-26T20:53:43 PDT" name="runScenario" description="Runs Cucumber Scenarios" data-provider="scenarios" finished-at="2024-03-26T20:54:01 PDT" duration-ms="18070" status="PASS">
          <params>
            <param index="0">
              <value>
                <![CDATA["Practice Questions_Nonpythoncode"]]>
              </value>
            </param>
            <param index="1">
              <value>
                <![CDATA["Array page and links"]]>
              </value>
            </param>
          </params>
          <reporter-output>
          </reporter-output>
        </test-method> <!-- runScenario -->
        <test-method signature="runScenario(io.cucumber.testng.PickleWrapper,io.cucumber.testng.FeatureWrapper)[pri:0, instance:parallel.parallelrun@6c0d9d86]" started-at="2024-03-26T20:53:43 PDT" name="runScenario" description="Runs Cucumber Scenarios" data-provider="scenarios" finished-at="2024-03-26T20:53:52 PDT" duration-ms="8750" status="PASS">
          <params>
            <param index="0">
              <value>
                <![CDATA["'Data Structures-Introduction' links in Topics Covered section for Arrays page."]]>
              </value>
            </param>
            <param index="1">
              <value>
                <![CDATA["Graph page and links"]]>
              </value>
            </param>
          </params>
          <reporter-output>
          </reporter-output>
        </test-method> <!-- runScenario -->
        <test-method signature="runScenario(io.cucumber.testng.PickleWrapper,io.cucumber.testng.FeatureWrapper)[pri:0, instance:parallel.parallelrun@6c0d9d86]" started-at="2024-03-26T20:53:43 PDT" name="runScenario" description="Runs Cucumber Scenarios" data-provider="scenarios" finished-at="2024-03-26T20:53:54 PDT" duration-ms="11059" status="PASS">
          <params>
            <param index="0">
              <value>
                <![CDATA["'Graphs' links in Topics Covered section for Arrays page."]]>
              </value>
            </param>
            <param index="1">
              <value>
                <![CDATA["Graph page and links"]]>
              </value>
            </param>
          </params>
          <reporter-output>
          </reporter-output>
        </test-method> <!-- runScenario -->
        <test-method signature="runScenario(io.cucumber.testng.PickleWrapper,io.cucumber.testng.FeatureWrapper)[pri:0, instance:parallel.parallelrun@6c0d9d86]" started-at="2024-03-26T20:53:43 PDT" name="runScenario" description="Runs Cucumber Scenarios" data-provider="scenarios" finished-at="2024-03-26T20:54:01 PDT" duration-ms="18298" status="FAIL">
          <params>
            <param index="0">
              <value>
                <![CDATA["Practice Questions_Nonpythoncode"]]>
              </value>
            </param>
            <param index="1">
              <value>
                <![CDATA["Array page and links"]]>
              </value>
            </param>
          </params>
          <exception class="java.lang.AssertionError">
            <full-stacktrace>
              <![CDATA[java.lang.AssertionError
at org.junit.Assert.fail(Assert.java:86)
at org.junit.Assert.assertTrue(Assert.java:41)
at org.junit.Assert.assertTrue(Assert.java:52)
at parallel.Arrays_S2.message_in_console(Arrays_S2.java:137)
at ✽." Some Tests failed. Please review code" message displayed in console(file:///Users/karthikaramesh/eclipse-workspace/TechNinja_151/src/test/resources/parallel/Arrays_S2.feature:75)
]]>
            </full-stacktrace>
          </exception> <!-- java.lang.AssertionError -->
          <reporter-output>
          </reporter-output>
        </test-method> <!-- runScenario -->
        <test-method signature="runScenario(io.cucumber.testng.PickleWrapper,io.cucumber.testng.FeatureWrapper)[pri:0, instance:parallel.parallelrun@6c0d9d86]" started-at="2024-03-26T20:53:45 PDT" name="runScenario" description="Runs Cucumber Scenarios" data-provider="scenarios" finished-at="2024-03-26T20:53:55 PDT" duration-ms="9730" status="PASS">
          <params>
            <param index="0">
              <value>
                <![CDATA["'Graphs' links in Topics Covered section for Arrays page."]]>
              </value>
            </param>
            <param index="1">
              <value>
                <![CDATA["Graph page and links"]]>
              </value>
            </param>
          </params>
          <reporter-output>
          </reporter-output>
        </test-method> <!-- runScenario -->
        <test-method signature="runScenario(io.cucumber.testng.PickleWrapper,io.cucumber.testng.FeatureWrapper)[pri:0, instance:parallel.parallelrun@6c0d9d86]" started-at="2024-03-26T20:53:45 PDT" name="runScenario" description="Runs Cucumber Scenarios" data-provider="scenarios" finished-at="2024-03-26T20:53:49 PDT" duration-ms="4026" status="PASS">
          <params>
            <param index="0">
              <value>
                <![CDATA["Home page without login"]]>
              </value>
            </param>
            <param index="1">
              <value>
                <![CDATA["Home page Login"]]>
              </value>
            </param>
          </params>
          <reporter-output>
          </reporter-output>
        </test-method> <!-- runScenario -->
        <test-method signature="runScenario(io.cucumber.testng.PickleWrapper,io.cucumber.testng.FeatureWrapper)[pri:0, instance:parallel.parallelrun@6c0d9d86]" started-at="2024-03-26T20:53:46 PDT" name="runScenario" description="Runs Cucumber Scenarios" data-provider="scenarios" finished-at="2024-03-26T20:53:50 PDT" duration-ms="4431" status="PASS">
          <params>
            <param index="0">
              <value>
                <![CDATA["Home page without login"]]>
              </value>
            </param>
            <param index="1">
              <value>
                <![CDATA["Home page Login"]]>
              </value>
            </param>
          </params>
          <reporter-output>
          </reporter-output>
        </test-method> <!-- runScenario -->
        <test-method signature="runScenario(io.cucumber.testng.PickleWrapper,io.cucumber.testng.FeatureWrapper)[pri:0, instance:parallel.parallelrun@6c0d9d86]" started-at="2024-03-26T20:53:46 PDT" name="runScenario" description="Runs Cucumber Scenarios" data-provider="scenarios" finished-at="2024-03-26T20:53:50 PDT" duration-ms="4409" status="PASS">
          <params>
            <param index="0">
              <value>
                <![CDATA["Home page without login"]]>
              </value>
            </param>
            <param index="1">
              <value>
                <![CDATA["Home page Login"]]>
              </value>
            </param>
          </params>
          <reporter-output>
          </reporter-output>
        </test-method> <!-- runScenario -->
        <test-method signature="runScenario(io.cucumber.testng.PickleWrapper,io.cucumber.testng.FeatureWrapper)[pri:0, instance:parallel.parallelrun@6c0d9d86]" started-at="2024-03-26T20:53:49 PDT" name="runScenario" description="Runs Cucumber Scenarios" data-provider="scenarios" finished-at="2024-03-26T20:53:52 PDT" duration-ms="3242" status="PASS">
          <params>
            <param index="0">
              <value>
                <![CDATA["Home page without login"]]>
              </value>
            </param>
            <param index="1">
              <value>
                <![CDATA["Home page Login"]]>
              </value>
            </param>
          </params>
          <reporter-output>
          </reporter-output>
        </test-method> <!-- runScenario -->
        <test-method signature="runScenario(io.cucumber.testng.PickleWrapper,io.cucumber.testng.FeatureWrapper)[pri:0, instance:parallel.parallelrun@6c0d9d86]" started-at="2024-03-26T20:53:50 PDT" name="runScenario" description="Runs Cucumber Scenarios" data-provider="scenarios" finished-at="2024-03-26T20:53:54 PDT" duration-ms="3373" status="PASS">
          <params>
            <param index="0">
              <value>
                <![CDATA["Home page without login"]]>
              </value>
            </param>
            <param index="1">
              <value>
                <![CDATA["Home page Login"]]>
              </value>
            </param>
          </params>
          <reporter-output>
          </reporter-output>
        </test-method> <!-- runScenario -->
        <test-method signature="runScenario(io.cucumber.testng.PickleWrapper,io.cucumber.testng.FeatureWrapper)[pri:0, instance:parallel.parallelrun@6c0d9d86]" started-at="2024-03-26T20:53:50 PDT" name="runScenario" description="Runs Cucumber Scenarios" data-provider="scenarios" finished-at="2024-03-26T20:53:54 PDT" duration-ms="3697" status="PASS">
          <params>
            <param index="0">
              <value>
                <![CDATA["Home page without login"]]>
              </value>
            </param>
            <param index="1">
              <value>
                <![CDATA["Home page Login"]]>
              </value>
            </param>
          </params>
          <reporter-output>
          </reporter-output>
        </test-method> <!-- runScenario -->
        <test-method signature="runScenario(io.cucumber.testng.PickleWrapper,io.cucumber.testng.FeatureWrapper)[pri:0, instance:parallel.parallelrun@6c0d9d86]" started-at="2024-03-26T20:53:52 PDT" name="runScenario" description="Runs Cucumber Scenarios" data-provider="scenarios" finished-at="2024-03-26T20:53:55 PDT" duration-ms="3191" status="PASS">
          <params>
            <param index="0">
              <value>
                <![CDATA["Home page without login"]]>
              </value>
            </param>
            <param index="1">
              <value>
                <![CDATA["Home page Login"]]>
              </value>
            </param>
          </params>
          <reporter-output>
          </reporter-output>
        </test-method> <!-- runScenario -->
        <test-method signature="runScenario(io.cucumber.testng.PickleWrapper,io.cucumber.testng.FeatureWrapper)[pri:0, instance:parallel.parallelrun@6c0d9d86]" started-at="2024-03-26T20:53:52 PDT" name="runScenario" description="Runs Cucumber Scenarios" data-provider="scenarios" finished-at="2024-03-26T20:54:00 PDT" duration-ms="7773" status="FAIL">
          <params>
            <param index="0">
              <value>
                <![CDATA["Linkedlist links in Topics Covered section."]]>
              </value>
            </param>
            <param index="1">
              <value>
                <![CDATA["Linkedlist page and links"]]>
              </value>
            </param>
          </params>
          <exception class="org.openqa.selenium.ElementNotInteractableException">
            <message>
              <![CDATA[element not interactable
  (Session info: chrome=123.0.6312.59)
Build info: version: '4.18.1', revision: 'b1d3319b48'
System info: os.name: 'Mac OS X', os.arch: 'aarch64', os.version: '13.4', java.version: '17.0.8.1'
Driver info: org.openqa.selenium.chrome.ChromeDriver
Command: [7221dde422a3be5236a203e3c7d292af, sendKeysToElement {value=[Ljava.lang.CharSequence;@96222dd, id=f.D65AA99693EAB596A3614ED58852BC64.d.889B1F1AEAAF4F0DB7D31FBB541ECF68.e.43}]
Capabilities {acceptInsecureCerts: false, browserName: chrome, browserVersion: 123.0.6312.59, chrome: {chromedriverVersion: 123.0.6312.86 (9b72c47a0536..., userDataDir: /var/folders/qz/lb_z2h0j7ll...}, fedcm:accounts: true, goog:chromeOptions: {debuggerAddress: localhost:57558}, networkConnectionEnabled: false, pageLoadStrategy: normal, platformName: mac, proxy: Proxy(), se:cdp: ws://localhost:57558/devtoo..., se:cdpVersion: 123.0.6312.59, setWindowRect: true, strictFileInteractability: false, timeouts: {implicit: 0, pageLoad: 300000, script: 30000}, unhandledPromptBehavior: dismiss and notify, webauthn:extension:credBlob: true, webauthn:extension:largeBlob: true, webauthn:extension:minPinLength: true, webauthn:extension:prf: true, webauthn:virtualAuthenticators: true}
Element: [[ChromeDriver: chrome on mac (7221dde422a3be5236a203e3c7d292af)] -> xpath: //form[@id='answer_form']/div/div/div/textarea]
Session ID: 7221dde422a3be5236a203e3c7d292af]]>
            </message>
            <full-stacktrace>
              <![CDATA[org.openqa.selenium.ElementNotInteractableException: element not interactable
  (Session info: chrome=123.0.6312.59)
Build info: version: '4.18.1', revision: 'b1d3319b48'
System info: os.name: 'Mac OS X', os.arch: 'aarch64', os.version: '13.4', java.version: '17.0.8.1'
Driver info: org.openqa.selenium.chrome.ChromeDriver
Command: [7221dde422a3be5236a203e3c7d292af, sendKeysToElement {value=[Ljava.lang.CharSequence;@96222dd, id=f.D65AA99693EAB596A3614ED58852BC64.d.889B1F1AEAAF4F0DB7D31FBB541ECF68.e.43}]
Capabilities {acceptInsecureCerts: false, browserName: chrome, browserVersion: 123.0.6312.59, chrome: {chromedriverVersion: 123.0.6312.86 (9b72c47a0536..., userDataDir: /var/folders/qz/lb_z2h0j7ll...}, fedcm:accounts: true, goog:chromeOptions: {debuggerAddress: localhost:57558}, networkConnectionEnabled: false, pageLoadStrategy: normal, platformName: mac, proxy: Proxy(), se:cdp: ws://localhost:57558/devtoo..., se:cdpVersion: 123.0.6312.59, setWindowRect: true, strictFileInteractability: false, timeouts: {implicit: 0, pageLoad: 300000, script: 30000}, unhandledPromptBehavior: dismiss and notify, webauthn:extension:credBlob: true, webauthn:extension:largeBlob: true, webauthn:extension:minPinLength: true, webauthn:extension:prf: true, webauthn:virtualAuthenticators: true}
Element: [[ChromeDriver: chrome on mac (7221dde422a3be5236a203e3c7d292af)] -> xpath: //form[@id='answer_form']/div/div/div/textarea]
Session ID: 7221dde422a3be5236a203e3c7d292af
at java.base/jdk.internal.reflect.NativeConstructorAccessorImpl.newInstance0(Native Method)
at java.base/jdk.internal.reflect.NativeConstructorAccessorImpl.newInstance(NativeConstructorAccessorImpl.java:77)
at java.base/jdk.internal.reflect.DelegatingConstructorAccessorImpl.newInstance(DelegatingConstructorAccessorImpl.java:45)
at java.base/java.lang.reflect.Constructor.newInstanceWithCaller(Constructor.java:499)
at java.base/java.lang.reflect.Constructor.newInstance(Constructor.java:480)
at org.openqa.selenium.remote.ErrorCodec.decode(ErrorCodec.java:167)
at org.openqa.selenium.remote.codec.w3c.W3CHttpResponseCodec.decode(W3CHttpResponseCodec.java:138)
at org.openqa.selenium.remote.codec.w3c.W3CHttpResponseCodec.decode(W3CHttpResponseCodec.java:50)
at org.openqa.selenium.remote.HttpCommandExecutor.execute(HttpCommandExecutor.java:190)
at org.openqa.selenium.remote.service.DriverCommandExecutor.invokeExecute(DriverCommandExecutor.java:216)
at org.openqa.selenium.remote.service.DriverCommandExecutor.execute(DriverCommandExecutor.java:174)
at org.openqa.selenium.remote.RemoteWebDriver.execute(RemoteWebDriver.java:519)
at org.openqa.selenium.remote.RemoteWebElement.execute(RemoteWebElement.java:223)
at org.openqa.selenium.remote.RemoteWebElement.sendKeys(RemoteWebElement.java:110)
at com_Pages.Arrays_Page_S2.sendcode(Arrays_Page_S2.java:249)
at parallel.Arrays_S2.type_code_click_run_button(Arrays_S2.java:84)
at ✽.Type Sample print "hello" and click run button(file:///Users/karthikaramesh/eclipse-workspace/TechNinja_151/src/test/resources/parallel/Linkedlist.feature:25)
]]>
            </full-stacktrace>
          </exception> <!-- org.openqa.selenium.ElementNotInteractableException -->
          <reporter-output>
          </reporter-output>
        </test-method> <!-- runScenario -->
        <test-method signature="runScenario(io.cucumber.testng.PickleWrapper,io.cucumber.testng.FeatureWrapper)[pri:0, instance:parallel.parallelrun@6c0d9d86]" started-at="2024-03-26T20:53:53 PDT" name="runScenario" description="Runs Cucumber Scenarios" data-provider="scenarios" finished-at="2024-03-26T20:54:00 PDT" duration-ms="7622" status="PASS">
          <params>
            <param index="0">
              <value>
                <![CDATA["Linkedlist links in Topics Covered section."]]>
              </value>
            </param>
            <param index="1">
              <value>
                <![CDATA["Linkedlist page and links"]]>
              </value>
            </param>
          </params>
          <reporter-output>
          </reporter-output>
        </test-method> <!-- runScenario -->
        <test-method signature="runScenario(io.cucumber.testng.PickleWrapper,io.cucumber.testng.FeatureWrapper)[pri:0, instance:parallel.parallelrun@6c0d9d86]" started-at="2024-03-26T20:53:54 PDT" name="runScenario" description="Runs Cucumber Scenarios" data-provider="scenarios" finished-at="2024-03-26T20:54:02 PDT" duration-ms="8336" status="PASS">
          <params>
            <param index="0">
              <value>
                <![CDATA["Linkedlist links in Topics Covered section."]]>
              </value>
            </param>
            <param index="1">
              <value>
                <![CDATA["Linkedlist page and links"]]>
              </value>
            </param>
          </params>
          <reporter-output>
          </reporter-output>
        </test-method> <!-- runScenario -->
        <test-method signature="runScenario(io.cucumber.testng.PickleWrapper,io.cucumber.testng.FeatureWrapper)[pri:0, instance:parallel.parallelrun@6c0d9d86]" started-at="2024-03-26T20:53:54 PDT" name="runScenario" description="Runs Cucumber Scenarios" data-provider="scenarios" finished-at="2024-03-26T20:54:02 PDT" duration-ms="7905" status="PASS">
          <params>
            <param index="0">
              <value>
                <![CDATA["Linkedlist links in Topics Covered section."]]>
              </value>
            </param>
            <param index="1">
              <value>
                <![CDATA["Linkedlist page and links"]]>
              </value>
            </param>
          </params>
          <reporter-output>
          </reporter-output>
        </test-method> <!-- runScenario -->
        <test-method signature="runScenario(io.cucumber.testng.PickleWrapper,io.cucumber.testng.FeatureWrapper)[pri:0, instance:parallel.parallelrun@6c0d9d86]" started-at="2024-03-26T20:53:54 PDT" name="runScenario" description="Runs Cucumber Scenarios" data-provider="scenarios" finished-at="2024-03-26T20:54:03 PDT" duration-ms="8529" status="FAIL">
          <params>
            <param index="0">
              <value>
                <![CDATA["Linkedlist links in Topics Covered section."]]>
              </value>
            </param>
            <param index="1">
              <value>
                <![CDATA["Linkedlist page and links"]]>
              </value>
            </param>
          </params>
          <exception class="org.openqa.selenium.ElementNotInteractableException">
            <message>
              <![CDATA[element not interactable
  (Session info: chrome=123.0.6312.59)
Build info: version: '4.18.1', revision: 'b1d3319b48'
System info: os.name: 'Mac OS X', os.arch: 'aarch64', os.version: '13.4', java.version: '17.0.8.1'
Driver info: org.openqa.selenium.chrome.ChromeDriver
Command: [f67ce65f9994a3304c493f5a21e7ce35, sendKeysToElement {value=[Ljava.lang.CharSequence;@46f9cf7a, id=f.5F9AE46393EE5800050E7E5CBE86C263.d.9B31F07D8DD5961BE8D916BBD28BE456.e.41}]
Capabilities {acceptInsecureCerts: false, browserName: chrome, browserVersion: 123.0.6312.59, chrome: {chromedriverVersion: 123.0.6312.86 (9b72c47a0536..., userDataDir: /var/folders/qz/lb_z2h0j7ll...}, fedcm:accounts: true, goog:chromeOptions: {debuggerAddress: localhost:57630}, networkConnectionEnabled: false, pageLoadStrategy: normal, platformName: mac, proxy: Proxy(), se:cdp: ws://localhost:57630/devtoo..., se:cdpVersion: 123.0.6312.59, setWindowRect: true, strictFileInteractability: false, timeouts: {implicit: 0, pageLoad: 300000, script: 30000}, unhandledPromptBehavior: dismiss and notify, webauthn:extension:credBlob: true, webauthn:extension:largeBlob: true, webauthn:extension:minPinLength: true, webauthn:extension:prf: true, webauthn:virtualAuthenticators: true}
Element: [[ChromeDriver: chrome on mac (f67ce65f9994a3304c493f5a21e7ce35)] -> xpath: //form[@id='answer_form']/div/div/div/textarea]
Session ID: f67ce65f9994a3304c493f5a21e7ce35]]>
            </message>
            <full-stacktrace>
              <![CDATA[org.openqa.selenium.ElementNotInteractableException: element not interactable
  (Session info: chrome=123.0.6312.59)
Build info: version: '4.18.1', revision: 'b1d3319b48'
System info: os.name: 'Mac OS X', os.arch: 'aarch64', os.version: '13.4', java.version: '17.0.8.1'
Driver info: org.openqa.selenium.chrome.ChromeDriver
Command: [f67ce65f9994a3304c493f5a21e7ce35, sendKeysToElement {value=[Ljava.lang.CharSequence;@46f9cf7a, id=f.5F9AE46393EE5800050E7E5CBE86C263.d.9B31F07D8DD5961BE8D916BBD28BE456.e.41}]
Capabilities {acceptInsecureCerts: false, browserName: chrome, browserVersion: 123.0.6312.59, chrome: {chromedriverVersion: 123.0.6312.86 (9b72c47a0536..., userDataDir: /var/folders/qz/lb_z2h0j7ll...}, fedcm:accounts: true, goog:chromeOptions: {debuggerAddress: localhost:57630}, networkConnectionEnabled: false, pageLoadStrategy: normal, platformName: mac, proxy: Proxy(), se:cdp: ws://localhost:57630/devtoo..., se:cdpVersion: 123.0.6312.59, setWindowRect: true, strictFileInteractability: false, timeouts: {implicit: 0, pageLoad: 300000, script: 30000}, unhandledPromptBehavior: dismiss and notify, webauthn:extension:credBlob: true, webauthn:extension:largeBlob: true, webauthn:extension:minPinLength: true, webauthn:extension:prf: true, webauthn:virtualAuthenticators: true}
Element: [[ChromeDriver: chrome on mac (f67ce65f9994a3304c493f5a21e7ce35)] -> xpath: //form[@id='answer_form']/div/div/div/textarea]
Session ID: f67ce65f9994a3304c493f5a21e7ce35
at java.base/jdk.internal.reflect.NativeConstructorAccessorImpl.newInstance0(Native Method)
at java.base/jdk.internal.reflect.NativeConstructorAccessorImpl.newInstance(NativeConstructorAccessorImpl.java:77)
at java.base/jdk.internal.reflect.DelegatingConstructorAccessorImpl.newInstance(DelegatingConstructorAccessorImpl.java:45)
at java.base/java.lang.reflect.Constructor.newInstanceWithCaller(Constructor.java:499)
at java.base/java.lang.reflect.Constructor.newInstance(Constructor.java:480)
at org.openqa.selenium.remote.ErrorCodec.decode(ErrorCodec.java:167)
at org.openqa.selenium.remote.codec.w3c.W3CHttpResponseCodec.decode(W3CHttpResponseCodec.java:138)
at org.openqa.selenium.remote.codec.w3c.W3CHttpResponseCodec.decode(W3CHttpResponseCodec.java:50)
at org.openqa.selenium.remote.HttpCommandExecutor.execute(HttpCommandExecutor.java:190)
at org.openqa.selenium.remote.service.DriverCommandExecutor.invokeExecute(DriverCommandExecutor.java:216)
at org.openqa.selenium.remote.service.DriverCommandExecutor.execute(DriverCommandExecutor.java:174)
at org.openqa.selenium.remote.RemoteWebDriver.execute(RemoteWebDriver.java:519)
at org.openqa.selenium.remote.RemoteWebElement.execute(RemoteWebElement.java:223)
at org.openqa.selenium.remote.RemoteWebElement.sendKeys(RemoteWebElement.java:110)
at com_Pages.Arrays_Page_S2.sendcode(Arrays_Page_S2.java:249)
at parallel.Arrays_S2.type_code_click_run_button(Arrays_S2.java:84)
at ✽.Type Sample print "karthi" and click run button(file:///Users/karthikaramesh/eclipse-workspace/TechNinja_151/src/test/resources/parallel/Linkedlist.feature:25)
]]>
            </full-stacktrace>
          </exception> <!-- org.openqa.selenium.ElementNotInteractableException -->
          <reporter-output>
          </reporter-output>
        </test-method> <!-- runScenario -->
        <test-method signature="runScenario(io.cucumber.testng.PickleWrapper,io.cucumber.testng.FeatureWrapper)[pri:0, instance:parallel.parallelrun@6c0d9d86]" started-at="2024-03-26T20:53:55 PDT" name="runScenario" description="Runs Cucumber Scenarios" data-provider="scenarios" finished-at="2024-03-26T20:54:03 PDT" duration-ms="8078" status="PASS">
          <params>
            <param index="0">
              <value>
                <![CDATA["Linkedlist links in Topics Covered section."]]>
              </value>
            </param>
            <param index="1">
              <value>
                <![CDATA["Linkedlist page and links"]]>
              </value>
            </param>
          </params>
          <reporter-output>
          </reporter-output>
        </test-method> <!-- runScenario -->
        <test-method signature="runScenario(io.cucumber.testng.PickleWrapper,io.cucumber.testng.FeatureWrapper)[pri:0, instance:parallel.parallelrun@6c0d9d86]" started-at="2024-03-26T20:53:55 PDT" name="runScenario" description="Runs Cucumber Scenarios" data-provider="scenarios" finished-at="2024-03-26T20:54:03 PDT" duration-ms="8215" status="PASS">
          <params>
            <param index="0">
              <value>
                <![CDATA["Linkedlist links in Topics Covered section."]]>
              </value>
            </param>
            <param index="1">
              <value>
                <![CDATA["Linkedlist page and links"]]>
              </value>
            </param>
          </params>
          <reporter-output>
          </reporter-output>
        </test-method> <!-- runScenario -->
        <test-method signature="runScenario(io.cucumber.testng.PickleWrapper,io.cucumber.testng.FeatureWrapper)[pri:0, instance:parallel.parallelrun@6c0d9d86]" started-at="2024-03-26T20:53:56 PDT" name="runScenario" description="Runs Cucumber Scenarios" data-provider="scenarios" finished-at="2024-03-26T20:54:04 PDT" duration-ms="8109" status="PASS">
          <params>
            <param index="0">
              <value>
                <![CDATA["Queue links in Topics Covered section."]]>
              </value>
            </param>
            <param index="1">
              <value>
                <![CDATA["Queue page and links"]]>
              </value>
            </param>
          </params>
          <reporter-output>
          </reporter-output>
        </test-method> <!-- runScenario -->
        <test-method signature="runScenario(io.cucumber.testng.PickleWrapper,io.cucumber.testng.FeatureWrapper)[pri:0, instance:parallel.parallelrun@6c0d9d86]" started-at="2024-03-26T20:54:00 PDT" name="runScenario" description="Runs Cucumber Scenarios" data-provider="scenarios" finished-at="2024-03-26T20:54:09 PDT" duration-ms="8962" status="PASS">
          <params>
            <param index="0">
              <value>
                <![CDATA["Queue links in Topics Covered section."]]>
              </value>
            </param>
            <param index="1">
              <value>
                <![CDATA["Queue page and links"]]>
              </value>
            </param>
          </params>
          <reporter-output>
          </reporter-output>
        </test-method> <!-- runScenario -->
        <test-method signature="runScenario(io.cucumber.testng.PickleWrapper,io.cucumber.testng.FeatureWrapper)[pri:0, instance:parallel.parallelrun@6c0d9d86]" started-at="2024-03-26T20:54:00 PDT" name="runScenario" description="Runs Cucumber Scenarios" data-provider="scenarios" finished-at="2024-03-26T20:54:09 PDT" duration-ms="8731" status="PASS">
          <params>
            <param index="0">
              <value>
                <![CDATA["Queue links in Topics Covered section."]]>
              </value>
            </param>
            <param index="1">
              <value>
                <![CDATA["Queue page and links"]]>
              </value>
            </param>
          </params>
          <reporter-output>
          </reporter-output>
        </test-method> <!-- runScenario -->
        <test-method signature="runScenario(io.cucumber.testng.PickleWrapper,io.cucumber.testng.FeatureWrapper)[pri:0, instance:parallel.parallelrun@6c0d9d86]" started-at="2024-03-26T20:54:01 PDT" name="runScenario" description="Runs Cucumber Scenarios" data-provider="scenarios" finished-at="2024-03-26T20:54:10 PDT" duration-ms="8795" status="PASS">
          <params>
            <param index="0">
              <value>
                <![CDATA["Queue links in Topics Covered section."]]>
              </value>
            </param>
            <param index="1">
              <value>
                <![CDATA["Queue page and links"]]>
              </value>
            </param>
          </params>
          <reporter-output>
          </reporter-output>
        </test-method> <!-- runScenario -->
        <test-method signature="runScenario(io.cucumber.testng.PickleWrapper,io.cucumber.testng.FeatureWrapper)[pri:0, instance:parallel.parallelrun@6c0d9d86]" started-at="2024-03-26T20:54:01 PDT" name="runScenario" description="Runs Cucumber Scenarios" data-provider="scenarios" finished-at="2024-03-26T20:54:08 PDT" duration-ms="7000" status="PASS">
          <params>
            <param index="0">
              <value>
                <![CDATA["User try to submit registration with empty fields"]]>
              </value>
            </param>
            <param index="1">
              <value>
                <![CDATA["Test Automation DS Algo register page"]]>
              </value>
            </param>
          </params>
          <reporter-output>
          </reporter-output>
        </test-method> <!-- runScenario -->
        <test-method signature="runScenario(io.cucumber.testng.PickleWrapper,io.cucumber.testng.FeatureWrapper)[pri:0, instance:parallel.parallelrun@6c0d9d86]" started-at="2024-03-26T20:54:02 PDT" name="runScenario" description="Runs Cucumber Scenarios" data-provider="scenarios" finished-at="2024-03-26T20:54:09 PDT" duration-ms="6529" status="PASS">
          <params>
            <param index="0">
              <value>
                <![CDATA["User try to submit registration with Valid details"]]>
              </value>
            </param>
            <param index="1">
              <value>
                <![CDATA["Test Automation DS Algo register page"]]>
              </value>
            </param>
          </params>
          <reporter-output>
          </reporter-output>
        </test-method> <!-- runScenario -->
        <test-method signature="runScenario(io.cucumber.testng.PickleWrapper,io.cucumber.testng.FeatureWrapper)[pri:0, instance:parallel.parallelrun@6c0d9d86]" started-at="2024-03-26T20:54:02 PDT" name="runScenario" description="Runs Cucumber Scenarios" data-provider="scenarios" finished-at="2024-03-26T20:54:08 PDT" duration-ms="6248" status="PASS">
          <params>
            <param index="0">
              <value>
                <![CDATA["User try to submit registration with Valid details"]]>
              </value>
            </param>
            <param index="1">
              <value>
                <![CDATA["Test Automation DS Algo register page"]]>
              </value>
            </param>
          </params>
          <reporter-output>
          </reporter-output>
        </test-method> <!-- runScenario -->
        <test-method signature="runScenario(io.cucumber.testng.PickleWrapper,io.cucumber.testng.FeatureWrapper)[pri:0, instance:parallel.parallelrun@6c0d9d86]" started-at="2024-03-26T20:54:03 PDT" name="runScenario" description="Runs Cucumber Scenarios" data-provider="scenarios" finished-at="2024-03-26T20:54:11 PDT" duration-ms="8413" status="PASS">
          <params>
            <param index="0">
              <value>
                <![CDATA["User try to submit registration with InValid details"]]>
              </value>
            </param>
            <param index="1">
              <value>
                <![CDATA["Test Automation DS Algo register page"]]>
              </value>
            </param>
          </params>
          <reporter-output>
          </reporter-output>
        </test-method> <!-- runScenario -->
        <test-method signature="runScenario(io.cucumber.testng.PickleWrapper,io.cucumber.testng.FeatureWrapper)[pri:0, instance:parallel.parallelrun@6c0d9d86]" started-at="2024-03-26T20:54:03 PDT" name="runScenario" description="Runs Cucumber Scenarios" data-provider="scenarios" finished-at="2024-03-26T20:54:12 PDT" duration-ms="9458" status="PASS">
          <params>
            <param index="0">
              <value>
                <![CDATA["Stack links in Topics Covered section for Arrays page."]]>
              </value>
            </param>
            <param index="1">
              <value>
                <![CDATA["Stack page and links"]]>
              </value>
            </param>
          </params>
          <reporter-output>
          </reporter-output>
        </test-method> <!-- runScenario -->
        <test-method signature="runScenario(io.cucumber.testng.PickleWrapper,io.cucumber.testng.FeatureWrapper)[pri:0, instance:parallel.parallelrun@6c0d9d86]" started-at="2024-03-26T20:54:03 PDT" name="runScenario" description="Runs Cucumber Scenarios" data-provider="scenarios" finished-at="2024-03-26T20:54:12 PDT" duration-ms="8774" status="PASS">
          <params>
            <param index="0">
              <value>
                <![CDATA["Stack links in Topics Covered section for Arrays page."]]>
              </value>
            </param>
            <param index="1">
              <value>
                <![CDATA["Stack page and links"]]>
              </value>
            </param>
          </params>
          <reporter-output>
          </reporter-output>
        </test-method> <!-- runScenario -->
        <test-method signature="runScenario(io.cucumber.testng.PickleWrapper,io.cucumber.testng.FeatureWrapper)[pri:0, instance:parallel.parallelrun@6c0d9d86]" started-at="2024-03-26T20:54:04 PDT" name="runScenario" description="Runs Cucumber Scenarios" data-provider="scenarios" finished-at="2024-03-26T20:54:12 PDT" duration-ms="8147" status="FAIL">
          <params>
            <param index="0">
              <value>
                <![CDATA["Stack links in Topics Covered section for Arrays page."]]>
              </value>
            </param>
            <param index="1">
              <value>
                <![CDATA["Stack page and links"]]>
              </value>
            </param>
          </params>
          <exception class="org.openqa.selenium.ElementNotInteractableException">
            <message>
              <![CDATA[element not interactable
  (Session info: chrome=123.0.6312.59)
Build info: version: '4.18.1', revision: 'b1d3319b48'
System info: os.name: 'Mac OS X', os.arch: 'aarch64', os.version: '13.4', java.version: '17.0.8.1'
Driver info: org.openqa.selenium.chrome.ChromeDriver
Command: [74872e0db2a3febdee71a778dabab057, sendKeysToElement {value=[Ljava.lang.CharSequence;@177ed1fe, id=f.FA3A57F02179EEEEC65ECB54C52A877B.d.F9F232137D58397D86F4E43D9B001102.e.46}]
Capabilities {acceptInsecureCerts: false, browserName: chrome, browserVersion: 123.0.6312.59, chrome: {chromedriverVersion: 123.0.6312.86 (9b72c47a0536..., userDataDir: /var/folders/qz/lb_z2h0j7ll...}, fedcm:accounts: true, goog:chromeOptions: {debuggerAddress: localhost:57951}, networkConnectionEnabled: false, pageLoadStrategy: normal, platformName: mac, proxy: Proxy(), se:cdp: ws://localhost:57951/devtoo..., se:cdpVersion: 123.0.6312.59, setWindowRect: true, strictFileInteractability: false, timeouts: {implicit: 0, pageLoad: 300000, script: 30000}, unhandledPromptBehavior: dismiss and notify, webauthn:extension:credBlob: true, webauthn:extension:largeBlob: true, webauthn:extension:minPinLength: true, webauthn:extension:prf: true, webauthn:virtualAuthenticators: true}
Element: [[ChromeDriver: chrome on mac (74872e0db2a3febdee71a778dabab057)] -> xpath: //form[@id='answer_form']/div/div/div/textarea]
Session ID: 74872e0db2a3febdee71a778dabab057]]>
            </message>
            <full-stacktrace>
              <![CDATA[org.openqa.selenium.ElementNotInteractableException: element not interactable
  (Session info: chrome=123.0.6312.59)
Build info: version: '4.18.1', revision: 'b1d3319b48'
System info: os.name: 'Mac OS X', os.arch: 'aarch64', os.version: '13.4', java.version: '17.0.8.1'
Driver info: org.openqa.selenium.chrome.ChromeDriver
Command: [74872e0db2a3febdee71a778dabab057, sendKeysToElement {value=[Ljava.lang.CharSequence;@177ed1fe, id=f.FA3A57F02179EEEEC65ECB54C52A877B.d.F9F232137D58397D86F4E43D9B001102.e.46}]
Capabilities {acceptInsecureCerts: false, browserName: chrome, browserVersion: 123.0.6312.59, chrome: {chromedriverVersion: 123.0.6312.86 (9b72c47a0536..., userDataDir: /var/folders/qz/lb_z2h0j7ll...}, fedcm:accounts: true, goog:chromeOptions: {debuggerAddress: localhost:57951}, networkConnectionEnabled: false, pageLoadStrategy: normal, platformName: mac, proxy: Proxy(), se:cdp: ws://localhost:57951/devtoo..., se:cdpVersion: 123.0.6312.59, setWindowRect: true, strictFileInteractability: false, timeouts: {implicit: 0, pageLoad: 300000, script: 30000}, unhandledPromptBehavior: dismiss and notify, webauthn:extension:credBlob: true, webauthn:extension:largeBlob: true, webauthn:extension:minPinLength: true, webauthn:extension:prf: true, webauthn:virtualAuthenticators: true}
Element: [[ChromeDriver: chrome on mac (74872e0db2a3febdee71a778dabab057)] -> xpath: //form[@id='answer_form']/div/div/div/textarea]
Session ID: 74872e0db2a3febdee71a778dabab057
at java.base/jdk.internal.reflect.NativeConstructorAccessorImpl.newInstance0(Native Method)
at java.base/jdk.internal.reflect.NativeConstructorAccessorImpl.newInstance(NativeConstructorAccessorImpl.java:77)
at java.base/jdk.internal.reflect.DelegatingConstructorAccessorImpl.newInstance(DelegatingConstructorAccessorImpl.java:45)
at java.base/java.lang.reflect.Constructor.newInstanceWithCaller(Constructor.java:499)
at java.base/java.lang.reflect.Constructor.newInstance(Constructor.java:480)
at org.openqa.selenium.remote.ErrorCodec.decode(ErrorCodec.java:167)
at org.openqa.selenium.remote.codec.w3c.W3CHttpResponseCodec.decode(W3CHttpResponseCodec.java:138)
at org.openqa.selenium.remote.codec.w3c.W3CHttpResponseCodec.decode(W3CHttpResponseCodec.java:50)
at org.openqa.selenium.remote.HttpCommandExecutor.execute(HttpCommandExecutor.java:190)
at org.openqa.selenium.remote.service.DriverCommandExecutor.invokeExecute(DriverCommandExecutor.java:216)
at org.openqa.selenium.remote.service.DriverCommandExecutor.execute(DriverCommandExecutor.java:174)
at org.openqa.selenium.remote.RemoteWebDriver.execute(RemoteWebDriver.java:519)
at org.openqa.selenium.remote.RemoteWebElement.execute(RemoteWebElement.java:223)
at org.openqa.selenium.remote.RemoteWebElement.sendKeys(RemoteWebElement.java:110)
at com_Pages.Arrays_Page_S2.sendcode(Arrays_Page_S2.java:249)
at parallel.Arrays_S2.type_code_click_run_button(Arrays_S2.java:84)
at ✽.Type Sample print "karthi" and click run button(file:///Users/karthikaramesh/eclipse-workspace/TechNinja_151/src/test/resources/parallel/Stack.feature:25)
]]>
            </full-stacktrace>
          </exception> <!-- org.openqa.selenium.ElementNotInteractableException -->
          <reporter-output>
          </reporter-output>
        </test-method> <!-- runScenario -->
        <test-method signature="runScenario(io.cucumber.testng.PickleWrapper,io.cucumber.testng.FeatureWrapper)[pri:0, instance:parallel.parallelrun@6c0d9d86]" started-at="2024-03-26T20:54:08 PDT" name="runScenario" description="Runs Cucumber Scenarios" data-provider="scenarios" finished-at="2024-03-26T20:54:17 PDT" duration-ms="8845" status="PASS">
          <params>
            <param index="0">
              <value>
                <![CDATA["Tree links in Topics Covered section."]]>
              </value>
            </param>
            <param index="1">
              <value>
                <![CDATA["Tree page and links"]]>
              </value>
            </param>
          </params>
          <reporter-output>
          </reporter-output>
        </test-method> <!-- runScenario -->
        <test-method signature="runScenario(io.cucumber.testng.PickleWrapper,io.cucumber.testng.FeatureWrapper)[pri:0, instance:parallel.parallelrun@6c0d9d86]" started-at="2024-03-26T20:54:08 PDT" name="runScenario" description="Runs Cucumber Scenarios" data-provider="scenarios" finished-at="2024-03-26T20:54:20 PDT" duration-ms="11708" status="PASS">
          <params>
            <param index="0">
              <value>
                <![CDATA["Tree links in Topics Covered section."]]>
              </value>
            </param>
            <param index="1">
              <value>
                <![CDATA["Tree page and links"]]>
              </value>
            </param>
          </params>
          <reporter-output>
          </reporter-output>
        </test-method> <!-- runScenario -->
        <test-method signature="runScenario(io.cucumber.testng.PickleWrapper,io.cucumber.testng.FeatureWrapper)[pri:0, instance:parallel.parallelrun@6c0d9d86]" started-at="2024-03-26T20:54:09 PDT" name="runScenario" description="Runs Cucumber Scenarios" data-provider="scenarios" finished-at="2024-03-26T20:54:20 PDT" duration-ms="11436" status="PASS">
          <params>
            <param index="0">
              <value>
                <![CDATA["Tree links in Topics Covered section."]]>
              </value>
            </param>
            <param index="1">
              <value>
                <![CDATA["Tree page and links"]]>
              </value>
            </param>
          </params>
          <reporter-output>
          </reporter-output>
        </test-method> <!-- runScenario -->
        <test-method signature="runScenario(io.cucumber.testng.PickleWrapper,io.cucumber.testng.FeatureWrapper)[pri:0, instance:parallel.parallelrun@6c0d9d86]" started-at="2024-03-26T20:54:09 PDT" name="runScenario" description="Runs Cucumber Scenarios" data-provider="scenarios" finished-at="2024-03-26T20:54:20 PDT" duration-ms="10914" status="PASS">
          <params>
            <param index="0">
              <value>
                <![CDATA["Tree links in Topics Covered section."]]>
              </value>
            </param>
            <param index="1">
              <value>
                <![CDATA["Tree page and links"]]>
              </value>
            </param>
          </params>
          <reporter-output>
          </reporter-output>
        </test-method> <!-- runScenario -->
        <test-method signature="runScenario(io.cucumber.testng.PickleWrapper,io.cucumber.testng.FeatureWrapper)[pri:0, instance:parallel.parallelrun@6c0d9d86]" started-at="2024-03-26T20:54:09 PDT" name="runScenario" description="Runs Cucumber Scenarios" data-provider="scenarios" finished-at="2024-03-26T20:54:20 PDT" duration-ms="10889" status="PASS">
          <params>
            <param index="0">
              <value>
                <![CDATA["Tree links in Topics Covered section."]]>
              </value>
            </param>
            <param index="1">
              <value>
                <![CDATA["Tree page and links"]]>
              </value>
            </param>
          </params>
          <reporter-output>
          </reporter-output>
        </test-method> <!-- runScenario -->
        <test-method signature="runScenario(io.cucumber.testng.PickleWrapper,io.cucumber.testng.FeatureWrapper)[pri:0, instance:parallel.parallelrun@6c0d9d86]" started-at="2024-03-26T20:54:10 PDT" name="runScenario" description="Runs Cucumber Scenarios" data-provider="scenarios" finished-at="2024-03-26T20:54:20 PDT" duration-ms="10182" status="PASS">
          <params>
            <param index="0">
              <value>
                <![CDATA["Tree links in Topics Covered section."]]>
              </value>
            </param>
            <param index="1">
              <value>
                <![CDATA["Tree page and links"]]>
              </value>
            </param>
          </params>
          <reporter-output>
          </reporter-output>
        </test-method> <!-- runScenario -->
        <test-method signature="runScenario(io.cucumber.testng.PickleWrapper,io.cucumber.testng.FeatureWrapper)[pri:0, instance:parallel.parallelrun@6c0d9d86]" started-at="2024-03-26T20:54:11 PDT" name="runScenario" description="Runs Cucumber Scenarios" data-provider="scenarios" finished-at="2024-03-26T20:54:20 PDT" duration-ms="8970" status="PASS">
          <params>
            <param index="0">
              <value>
                <![CDATA["Tree links in Topics Covered section."]]>
              </value>
            </param>
            <param index="1">
              <value>
                <![CDATA["Tree page and links"]]>
              </value>
            </param>
          </params>
          <reporter-output>
          </reporter-output>
        </test-method> <!-- runScenario -->
        <test-method signature="runScenario(io.cucumber.testng.PickleWrapper,io.cucumber.testng.FeatureWrapper)[pri:0, instance:parallel.parallelrun@6c0d9d86]" started-at="2024-03-26T20:54:12 PDT" name="runScenario" description="Runs Cucumber Scenarios" data-provider="scenarios" finished-at="2024-03-26T20:54:22 PDT" duration-ms="9465" status="PASS">
          <params>
            <param index="0">
              <value>
                <![CDATA["Tree links in Topics Covered section."]]>
              </value>
            </param>
            <param index="1">
              <value>
                <![CDATA["Tree page and links"]]>
              </value>
            </param>
          </params>
          <reporter-output>
          </reporter-output>
        </test-method> <!-- runScenario -->
        <test-method signature="runScenario(io.cucumber.testng.PickleWrapper,io.cucumber.testng.FeatureWrapper)[pri:0, instance:parallel.parallelrun@6c0d9d86]" started-at="2024-03-26T20:54:12 PDT" name="runScenario" description="Runs Cucumber Scenarios" data-provider="scenarios" finished-at="2024-03-26T20:54:22 PDT" duration-ms="9419" status="PASS">
          <params>
            <param index="0">
              <value>
                <![CDATA["Tree links in Topics Covered section."]]>
              </value>
            </param>
            <param index="1">
              <value>
                <![CDATA["Tree page and links"]]>
              </value>
            </param>
          </params>
          <reporter-output>
          </reporter-output>
        </test-method> <!-- runScenario -->
        <test-method signature="runScenario(io.cucumber.testng.PickleWrapper,io.cucumber.testng.FeatureWrapper)[pri:0, instance:parallel.parallelrun@6c0d9d86]" started-at="2024-03-26T20:54:12 PDT" name="runScenario" description="Runs Cucumber Scenarios" data-provider="scenarios" finished-at="2024-03-26T20:54:22 PDT" duration-ms="9178" status="PASS">
          <params>
            <param index="0">
              <value>
                <![CDATA["Tree links in Topics Covered section."]]>
              </value>
            </param>
            <param index="1">
              <value>
                <![CDATA["Tree page and links"]]>
              </value>
            </param>
          </params>
          <reporter-output>
          </reporter-output>
        </test-method> <!-- runScenario -->
        <test-method signature="runScenario(io.cucumber.testng.PickleWrapper,io.cucumber.testng.FeatureWrapper)[pri:0, instance:parallel.parallelrun@6c0d9d86]" started-at="2024-03-26T20:54:17 PDT" name="runScenario" description="Runs Cucumber Scenarios" data-provider="scenarios" finished-at="2024-03-26T20:54:24 PDT" duration-ms="6771" status="PASS">
          <params>
            <param index="0">
              <value>
                <![CDATA["Tree links in Topics Covered section."]]>
              </value>
            </param>
            <param index="1">
              <value>
                <![CDATA["Tree page and links"]]>
              </value>
            </param>
          </params>
          <reporter-output>
          </reporter-output>
        </test-method> <!-- runScenario -->
        <test-method signature="runScenario(io.cucumber.testng.PickleWrapper,io.cucumber.testng.FeatureWrapper)[pri:0, instance:parallel.parallelrun@6c0d9d86]" started-at="2024-03-26T20:54:20 PDT" name="runScenario" description="Runs Cucumber Scenarios" data-provider="scenarios" finished-at="2024-03-26T20:54:26 PDT" duration-ms="5674" status="PASS">
          <params>
            <param index="0">
              <value>
                <![CDATA["Tree links in Topics Covered section."]]>
              </value>
            </param>
            <param index="1">
              <value>
                <![CDATA["Tree page and links"]]>
              </value>
            </param>
          </params>
          <reporter-output>
          </reporter-output>
        </test-method> <!-- runScenario -->
        <test-method signature="runScenario(io.cucumber.testng.PickleWrapper,io.cucumber.testng.FeatureWrapper)[pri:0, instance:parallel.parallelrun@6c0d9d86]" started-at="2024-03-26T20:54:20 PDT" name="runScenario" description="Runs Cucumber Scenarios" data-provider="scenarios" finished-at="2024-03-26T20:54:25 PDT" duration-ms="5514" status="PASS">
          <params>
            <param index="0">
              <value>
                <![CDATA["Tree links in Topics Covered section."]]>
              </value>
            </param>
            <param index="1">
              <value>
                <![CDATA["Tree page and links"]]>
              </value>
            </param>
          </params>
          <reporter-output>
          </reporter-output>
        </test-method> <!-- runScenario -->
        <test-method signature="runScenario(io.cucumber.testng.PickleWrapper,io.cucumber.testng.FeatureWrapper)[pri:0, instance:parallel.parallelrun@6c0d9d86]" started-at="2024-03-26T20:54:20 PDT" name="runScenario" description="Runs Cucumber Scenarios" data-provider="scenarios" finished-at="2024-03-26T20:54:24 PDT" duration-ms="3837" status="PASS">
          <params>
            <param index="0">
              <value>
                <![CDATA["Login page"]]>
              </value>
            </param>
            <param index="1">
              <value>
                <![CDATA["Home page Login"]]>
              </value>
            </param>
          </params>
          <reporter-output>
          </reporter-output>
        </test-method> <!-- runScenario -->
        <test-method is-config="true" signature="tearDownClass()[pri:0, instance:parallel.parallelrun@6c0d9d86]" started-at="2024-03-26T20:54:26 PDT" name="tearDownClass" finished-at="2024-03-26T20:54:26 PDT" duration-ms="55" status="PASS">
          <reporter-output>
          </reporter-output>
        </test-method> <!-- tearDownClass -->
      </class> <!-- parallel.parallelrun -->
    </test> <!-- Default test -->
  </suite> <!-- Default suite -->
</testng-results>
