<?xml version="1.0" encoding="UTF-8"?>
<testng-results ignored="0" total="54" passed="50" failed="4" skipped="0">
  <reporter-output>
  </reporter-output>
  <suite started-at="2024-03-28T17:17:31 PDT" name="Default suite" finished-at="2024-03-28T17:18:35 PDT" duration-ms="64531">
    <groups>
      <group name="cucumber">
        <method signature="AbstractTestNGCucumberTests.runScenario(io.cucumber.testng.PickleWrapper,io.cucumber.testng.FeatureWrapper)[pri:0, instance:parallel.parallelrun@65987993]" name="runScenario" class="io.cucumber.testng.AbstractTestNGCucumberTests"/>
      </group> <!-- cucumber -->
    </groups>
    <test started-at="2024-03-28T17:17:31 PDT" name="Default test" finished-at="2024-03-28T17:18:35 PDT" duration-ms="64531">
      <class name="parallel.parallelrun">
        <test-method is-config="true" signature="setUpClass(org.testng.ITestContext)[pri:0, instance:parallel.parallelrun@65987993]" started-at="2024-03-28T17:17:31 PDT" name="setUpClass" finished-at="2024-03-28T17:17:31 PDT" duration-ms="437" status="PASS">
          <params>
            <param index="0">
              <value>
                <![CDATA[org.testng.TestRunner@4416e18d]]>
              </value>
            </param>
          </params>
          <reporter-output>
          </reporter-output>
        </test-method> <!-- setUpClass -->
        <test-method signature="runScenario(io.cucumber.testng.PickleWrapper,io.cucumber.testng.FeatureWrapper)[pri:0, instance:parallel.parallelrun@65987993]" started-at="2024-03-28T17:17:31 PDT" name="runScenario" description="Runs Cucumber Scenarios" data-provider="scenarios" finished-at="2024-03-28T17:17:48 PDT" duration-ms="16631" status="PASS">
          <params>
            <param index="0">
              <value>
                <![CDATA["Practice Questions_Nonpythoncode"]]>
              </value>
            </param>
            <param index="1">
              <value>
                <![CDATA["Array page and links"]]>
              </value>
            </param>
          </params>
          <reporter-output>
          </reporter-output>
        </test-method> <!-- runScenario -->
        <test-method signature="runScenario(io.cucumber.testng.PickleWrapper,io.cucumber.testng.FeatureWrapper)[pri:0, instance:parallel.parallelrun@65987993]" started-at="2024-03-28T17:17:31 PDT" name="runScenario" description="Runs Cucumber Scenarios" data-provider="scenarios" finished-at="2024-03-28T17:17:47 PDT" duration-ms="15653" status="PASS">
          <params>
            <param index="0">
              <value>
                <![CDATA["Practice Questions_Nonpythoncode"]]>
              </value>
            </param>
            <param index="1">
              <value>
                <![CDATA["Array page and links"]]>
              </value>
            </param>
          </params>
          <reporter-output>
          </reporter-output>
        </test-method> <!-- runScenario -->
        <test-method signature="runScenario(io.cucumber.testng.PickleWrapper,io.cucumber.testng.FeatureWrapper)[pri:0, instance:parallel.parallelrun@65987993]" started-at="2024-03-28T17:17:31 PDT" name="runScenario" description="Runs Cucumber Scenarios" data-provider="scenarios" finished-at="2024-03-28T17:17:44 PDT" duration-ms="12793" status="PASS">
          <params>
            <param index="0">
              <value>
                <![CDATA["'Arrays' links in Topics Covered section for Arrays page."]]>
              </value>
            </param>
            <param index="1">
              <value>
                <![CDATA["Array page and links"]]>
              </value>
            </param>
          </params>
          <reporter-output>
          </reporter-output>
        </test-method> <!-- runScenario -->
        <test-method signature="runScenario(io.cucumber.testng.PickleWrapper,io.cucumber.testng.FeatureWrapper)[pri:0, instance:parallel.parallelrun@65987993]" started-at="2024-03-28T17:17:31 PDT" name="runScenario" description="Runs Cucumber Scenarios" data-provider="scenarios" finished-at="2024-03-28T17:17:47 PDT" duration-ms="15634" status="PASS">
          <params>
            <param index="0">
              <value>
                <![CDATA["Practice Questions_Nonpythoncode"]]>
              </value>
            </param>
            <param index="1">
              <value>
                <![CDATA["Array page and links"]]>
              </value>
            </param>
          </params>
          <reporter-output>
          </reporter-output>
        </test-method> <!-- runScenario -->
        <test-method signature="runScenario(io.cucumber.testng.PickleWrapper,io.cucumber.testng.FeatureWrapper)[pri:0, instance:parallel.parallelrun@65987993]" started-at="2024-03-28T17:17:31 PDT" name="runScenario" description="Runs Cucumber Scenarios" data-provider="scenarios" finished-at="2024-03-28T17:17:44 PDT" duration-ms="12794" status="PASS">
          <params>
            <param index="0">
              <value>
                <![CDATA["'Arrays' links in Topics Covered section for Arrays page."]]>
              </value>
            </param>
            <param index="1">
              <value>
                <![CDATA["Array page and links"]]>
              </value>
            </param>
          </params>
          <reporter-output>
          </reporter-output>
        </test-method> <!-- runScenario -->
        <test-method signature="runScenario(io.cucumber.testng.PickleWrapper,io.cucumber.testng.FeatureWrapper)[pri:0, instance:parallel.parallelrun@65987993]" started-at="2024-03-28T17:17:31 PDT" name="runScenario" description="Runs Cucumber Scenarios" data-provider="scenarios" finished-at="2024-03-28T17:17:44 PDT" duration-ms="12878" status="PASS">
          <params>
            <param index="0">
              <value>
                <![CDATA["'Arrays' links in Topics Covered section for Arrays page."]]>
              </value>
            </param>
            <param index="1">
              <value>
                <![CDATA["Array page and links"]]>
              </value>
            </param>
          </params>
          <reporter-output>
          </reporter-output>
        </test-method> <!-- runScenario -->
        <test-method signature="runScenario(io.cucumber.testng.PickleWrapper,io.cucumber.testng.FeatureWrapper)[pri:0, instance:parallel.parallelrun@65987993]" started-at="2024-03-28T17:17:31 PDT" name="runScenario" description="Runs Cucumber Scenarios" data-provider="scenarios" finished-at="2024-03-28T17:17:55 PDT" duration-ms="23917" status="PASS">
          <params>
            <param index="0">
              <value>
                <![CDATA["Practice Questions_Nonpythoncode"]]>
              </value>
            </param>
            <param index="1">
              <value>
                <![CDATA["Array page and links"]]>
              </value>
            </param>
          </params>
          <reporter-output>
          </reporter-output>
        </test-method> <!-- runScenario -->
        <test-method signature="runScenario(io.cucumber.testng.PickleWrapper,io.cucumber.testng.FeatureWrapper)[pri:0, instance:parallel.parallelrun@65987993]" started-at="2024-03-28T17:17:31 PDT" name="runScenario" description="Runs Cucumber Scenarios" data-provider="scenarios" finished-at="2024-03-28T17:17:44 PDT" duration-ms="12901" status="PASS">
          <params>
            <param index="0">
              <value>
                <![CDATA["'Arrays' links in Topics Covered section for Arrays page."]]>
              </value>
            </param>
            <param index="1">
              <value>
                <![CDATA["Array page and links"]]>
              </value>
            </param>
          </params>
          <reporter-output>
          </reporter-output>
        </test-method> <!-- runScenario -->
        <test-method signature="runScenario(io.cucumber.testng.PickleWrapper,io.cucumber.testng.FeatureWrapper)[pri:0, instance:parallel.parallelrun@65987993]" started-at="2024-03-28T17:17:31 PDT" name="runScenario" description="Runs Cucumber Scenarios" data-provider="scenarios" finished-at="2024-03-28T17:17:46 PDT" duration-ms="14895" status="FAIL">
          <params>
            <param index="0">
              <value>
                <![CDATA["Practice Questions_Nonpythoncode"]]>
              </value>
            </param>
            <param index="1">
              <value>
                <![CDATA["Array page and links"]]>
              </value>
            </param>
          </params>
          <exception class="java.lang.AssertionError">
            <full-stacktrace>
              <![CDATA[java.lang.AssertionError
at org.junit.Assert.fail(Assert.java:86)
at org.junit.Assert.assertTrue(Assert.java:41)
at org.junit.Assert.assertTrue(Assert.java:52)
at parallel.Arrays_S2.message_in_console(Arrays_S2.java:137)
at ✽."Error occurred during submission" message displayed in console(file:///Users/karthikaramesh/eclipse-workspace/TechNinja_152/src/test/resources/parallel/Arrays_S2.feature:50)
]]>
            </full-stacktrace>
          </exception> <!-- java.lang.AssertionError -->
          <reporter-output>
          </reporter-output>
        </test-method> <!-- runScenario -->
        <test-method signature="runScenario(io.cucumber.testng.PickleWrapper,io.cucumber.testng.FeatureWrapper)[pri:0, instance:parallel.parallelrun@65987993]" started-at="2024-03-28T17:17:31 PDT" name="runScenario" description="Runs Cucumber Scenarios" data-provider="scenarios" finished-at="2024-03-28T17:17:49 PDT" duration-ms="17540" status="FAIL">
          <params>
            <param index="0">
              <value>
                <![CDATA["Practice Questions_Nonpythoncode"]]>
              </value>
            </param>
            <param index="1">
              <value>
                <![CDATA["Array page and links"]]>
              </value>
            </param>
          </params>
          <exception class="java.lang.AssertionError">
            <full-stacktrace>
              <![CDATA[java.lang.AssertionError
at org.junit.Assert.fail(Assert.java:86)
at org.junit.Assert.assertTrue(Assert.java:41)
at org.junit.Assert.assertTrue(Assert.java:52)
at parallel.Arrays_S2.message_in_console(Arrays_S2.java:137)
at ✽."Submission Successful" message displayed in console(file:///Users/karthikaramesh/eclipse-workspace/TechNinja_152/src/test/resources/parallel/Arrays_S2.feature:71)
]]>
            </full-stacktrace>
          </exception> <!-- java.lang.AssertionError -->
          <reporter-output>
          </reporter-output>
        </test-method> <!-- runScenario -->
        <test-method signature="runScenario(io.cucumber.testng.PickleWrapper,io.cucumber.testng.FeatureWrapper)[pri:0, instance:parallel.parallelrun@65987993]" started-at="2024-03-28T17:17:44 PDT" name="runScenario" description="Runs Cucumber Scenarios" data-provider="scenarios" finished-at="2024-03-28T17:17:55 PDT" duration-ms="11160" status="FAIL">
          <params>
            <param index="0">
              <value>
                <![CDATA["Practice Questions_Nonpythoncode"]]>
              </value>
            </param>
            <param index="1">
              <value>
                <![CDATA["Array page and links"]]>
              </value>
            </param>
          </params>
          <exception class="java.lang.AssertionError">
            <full-stacktrace>
              <![CDATA[java.lang.AssertionError
at org.junit.Assert.fail(Assert.java:86)
at org.junit.Assert.assertTrue(Assert.java:41)
at org.junit.Assert.assertTrue(Assert.java:52)
at parallel.Arrays_S2.message_in_console(Arrays_S2.java:137)
at ✽."Submission Successful" message displayed in console(file:///Users/karthikaramesh/eclipse-workspace/TechNinja_152/src/test/resources/parallel/Arrays_S2.feature:71)
]]>
            </full-stacktrace>
          </exception> <!-- java.lang.AssertionError -->
          <reporter-output>
          </reporter-output>
        </test-method> <!-- runScenario -->
        <test-method signature="runScenario(io.cucumber.testng.PickleWrapper,io.cucumber.testng.FeatureWrapper)[pri:0, instance:parallel.parallelrun@65987993]" started-at="2024-03-28T17:17:44 PDT" name="runScenario" description="Runs Cucumber Scenarios" data-provider="scenarios" finished-at="2024-03-28T17:18:03 PDT" duration-ms="19193" status="FAIL">
          <params>
            <param index="0">
              <value>
                <![CDATA["Practice Questions_Nonpythoncode"]]>
              </value>
            </param>
            <param index="1">
              <value>
                <![CDATA["Array page and links"]]>
              </value>
            </param>
          </params>
          <exception class="java.lang.AssertionError">
            <full-stacktrace>
              <![CDATA[java.lang.AssertionError
at org.junit.Assert.fail(Assert.java:86)
at org.junit.Assert.assertTrue(Assert.java:41)
at org.junit.Assert.assertTrue(Assert.java:52)
at parallel.Arrays_S2.message_in_console(Arrays_S2.java:137)
at ✽." Some Tests failed. Please review code" message displayed in console(file:///Users/karthikaramesh/eclipse-workspace/TechNinja_152/src/test/resources/parallel/Arrays_S2.feature:75)
]]>
            </full-stacktrace>
          </exception> <!-- java.lang.AssertionError -->
          <reporter-output>
          </reporter-output>
        </test-method> <!-- runScenario -->
        <test-method signature="runScenario(io.cucumber.testng.PickleWrapper,io.cucumber.testng.FeatureWrapper)[pri:0, instance:parallel.parallelrun@65987993]" started-at="2024-03-28T17:17:44 PDT" name="runScenario" description="Runs Cucumber Scenarios" data-provider="scenarios" finished-at="2024-03-28T17:17:53 PDT" duration-ms="9178" status="PASS">
          <params>
            <param index="0">
              <value>
                <![CDATA["'Data Structures-Introduction' links in Topics Covered section for Arrays page."]]>
              </value>
            </param>
            <param index="1">
              <value>
                <![CDATA["Graph page and links"]]>
              </value>
            </param>
          </params>
          <reporter-output>
          </reporter-output>
        </test-method> <!-- runScenario -->
        <test-method signature="runScenario(io.cucumber.testng.PickleWrapper,io.cucumber.testng.FeatureWrapper)[pri:0, instance:parallel.parallelrun@65987993]" started-at="2024-03-28T17:17:44 PDT" name="runScenario" description="Runs Cucumber Scenarios" data-provider="scenarios" finished-at="2024-03-28T17:17:55 PDT" duration-ms="10973" status="PASS">
          <params>
            <param index="0">
              <value>
                <![CDATA["'Graphs' links in Topics Covered section for Arrays page."]]>
              </value>
            </param>
            <param index="1">
              <value>
                <![CDATA["Graph page and links"]]>
              </value>
            </param>
          </params>
          <reporter-output>
          </reporter-output>
        </test-method> <!-- runScenario -->
        <test-method signature="runScenario(io.cucumber.testng.PickleWrapper,io.cucumber.testng.FeatureWrapper)[pri:0, instance:parallel.parallelrun@65987993]" started-at="2024-03-28T17:17:46 PDT" name="runScenario" description="Runs Cucumber Scenarios" data-provider="scenarios" finished-at="2024-03-28T17:17:56 PDT" duration-ms="10064" status="PASS">
          <params>
            <param index="0">
              <value>
                <![CDATA["'Graphs' links in Topics Covered section for Arrays page."]]>
              </value>
            </param>
            <param index="1">
              <value>
                <![CDATA["Graph page and links"]]>
              </value>
            </param>
          </params>
          <reporter-output>
          </reporter-output>
        </test-method> <!-- runScenario -->
        <test-method signature="runScenario(io.cucumber.testng.PickleWrapper,io.cucumber.testng.FeatureWrapper)[pri:0, instance:parallel.parallelrun@65987993]" started-at="2024-03-28T17:17:47 PDT" name="runScenario" description="Runs Cucumber Scenarios" data-provider="scenarios" finished-at="2024-03-28T17:17:52 PDT" duration-ms="4611" status="PASS">
          <params>
            <param index="0">
              <value>
                <![CDATA["Home page without login"]]>
              </value>
            </param>
            <param index="1">
              <value>
                <![CDATA["Home page Login"]]>
              </value>
            </param>
          </params>
          <reporter-output>
          </reporter-output>
        </test-method> <!-- runScenario -->
        <test-method signature="runScenario(io.cucumber.testng.PickleWrapper,io.cucumber.testng.FeatureWrapper)[pri:0, instance:parallel.parallelrun@65987993]" started-at="2024-03-28T17:17:47 PDT" name="runScenario" description="Runs Cucumber Scenarios" data-provider="scenarios" finished-at="2024-03-28T17:17:52 PDT" duration-ms="4636" status="PASS">
          <params>
            <param index="0">
              <value>
                <![CDATA["Home page without login"]]>
              </value>
            </param>
            <param index="1">
              <value>
                <![CDATA["Home page Login"]]>
              </value>
            </param>
          </params>
          <reporter-output>
          </reporter-output>
        </test-method> <!-- runScenario -->
        <test-method signature="runScenario(io.cucumber.testng.PickleWrapper,io.cucumber.testng.FeatureWrapper)[pri:0, instance:parallel.parallelrun@65987993]" started-at="2024-03-28T17:17:48 PDT" name="runScenario" description="Runs Cucumber Scenarios" data-provider="scenarios" finished-at="2024-03-28T17:17:53 PDT" duration-ms="5445" status="PASS">
          <params>
            <param index="0">
              <value>
                <![CDATA["Home page without login"]]>
              </value>
            </param>
            <param index="1">
              <value>
                <![CDATA["Home page Login"]]>
              </value>
            </param>
          </params>
          <reporter-output>
          </reporter-output>
        </test-method> <!-- runScenario -->
        <test-method signature="runScenario(io.cucumber.testng.PickleWrapper,io.cucumber.testng.FeatureWrapper)[pri:0, instance:parallel.parallelrun@65987993]" started-at="2024-03-28T17:17:49 PDT" name="runScenario" description="Runs Cucumber Scenarios" data-provider="scenarios" finished-at="2024-03-28T17:17:53 PDT" duration-ms="4597" status="PASS">
          <params>
            <param index="0">
              <value>
                <![CDATA["Home page without login"]]>
              </value>
            </param>
            <param index="1">
              <value>
                <![CDATA["Home page Login"]]>
              </value>
            </param>
          </params>
          <reporter-output>
          </reporter-output>
        </test-method> <!-- runScenario -->
        <test-method signature="runScenario(io.cucumber.testng.PickleWrapper,io.cucumber.testng.FeatureWrapper)[pri:0, instance:parallel.parallelrun@65987993]" started-at="2024-03-28T17:17:52 PDT" name="runScenario" description="Runs Cucumber Scenarios" data-provider="scenarios" finished-at="2024-03-28T17:17:55 PDT" duration-ms="3673" status="PASS">
          <params>
            <param index="0">
              <value>
                <![CDATA["Home page without login"]]>
              </value>
            </param>
            <param index="1">
              <value>
                <![CDATA["Home page Login"]]>
              </value>
            </param>
          </params>
          <reporter-output>
          </reporter-output>
        </test-method> <!-- runScenario -->
        <test-method signature="runScenario(io.cucumber.testng.PickleWrapper,io.cucumber.testng.FeatureWrapper)[pri:0, instance:parallel.parallelrun@65987993]" started-at="2024-03-28T17:17:52 PDT" name="runScenario" description="Runs Cucumber Scenarios" data-provider="scenarios" finished-at="2024-03-28T17:17:55 PDT" duration-ms="3715" status="PASS">
          <params>
            <param index="0">
              <value>
                <![CDATA["Home page without login"]]>
              </value>
            </param>
            <param index="1">
              <value>
                <![CDATA["Home page Login"]]>
              </value>
            </param>
          </params>
          <reporter-output>
          </reporter-output>
        </test-method> <!-- runScenario -->
        <test-method signature="runScenario(io.cucumber.testng.PickleWrapper,io.cucumber.testng.FeatureWrapper)[pri:0, instance:parallel.parallelrun@65987993]" started-at="2024-03-28T17:17:53 PDT" name="runScenario" description="Runs Cucumber Scenarios" data-provider="scenarios" finished-at="2024-03-28T17:17:58 PDT" duration-ms="4629" status="PASS">
          <params>
            <param index="0">
              <value>
                <![CDATA["Home page without login"]]>
              </value>
            </param>
            <param index="1">
              <value>
                <![CDATA["Home page Login"]]>
              </value>
            </param>
          </params>
          <reporter-output>
          </reporter-output>
        </test-method> <!-- runScenario -->
        <test-method signature="runScenario(io.cucumber.testng.PickleWrapper,io.cucumber.testng.FeatureWrapper)[pri:0, instance:parallel.parallelrun@65987993]" started-at="2024-03-28T17:17:53 PDT" name="runScenario" description="Runs Cucumber Scenarios" data-provider="scenarios" finished-at="2024-03-28T17:18:03 PDT" duration-ms="9584" status="PASS">
          <params>
            <param index="0">
              <value>
                <![CDATA["Linkedlist links in Topics Covered section."]]>
              </value>
            </param>
            <param index="1">
              <value>
                <![CDATA["Linkedlist page and links"]]>
              </value>
            </param>
          </params>
          <reporter-output>
          </reporter-output>
        </test-method> <!-- runScenario -->
        <test-method signature="runScenario(io.cucumber.testng.PickleWrapper,io.cucumber.testng.FeatureWrapper)[pri:0, instance:parallel.parallelrun@65987993]" started-at="2024-03-28T17:17:53 PDT" name="runScenario" description="Runs Cucumber Scenarios" data-provider="scenarios" finished-at="2024-03-28T17:18:03 PDT" duration-ms="9433" status="PASS">
          <params>
            <param index="0">
              <value>
                <![CDATA["Linkedlist links in Topics Covered section."]]>
              </value>
            </param>
            <param index="1">
              <value>
                <![CDATA["Linkedlist page and links"]]>
              </value>
            </param>
          </params>
          <reporter-output>
          </reporter-output>
        </test-method> <!-- runScenario -->
        <test-method signature="runScenario(io.cucumber.testng.PickleWrapper,io.cucumber.testng.FeatureWrapper)[pri:0, instance:parallel.parallelrun@65987993]" started-at="2024-03-28T17:17:55 PDT" name="runScenario" description="Runs Cucumber Scenarios" data-provider="scenarios" finished-at="2024-03-28T17:18:05 PDT" duration-ms="10199" status="PASS">
          <params>
            <param index="0">
              <value>
                <![CDATA["Linkedlist links in Topics Covered section."]]>
              </value>
            </param>
            <param index="1">
              <value>
                <![CDATA["Linkedlist page and links"]]>
              </value>
            </param>
          </params>
          <reporter-output>
          </reporter-output>
        </test-method> <!-- runScenario -->
        <test-method signature="runScenario(io.cucumber.testng.PickleWrapper,io.cucumber.testng.FeatureWrapper)[pri:0, instance:parallel.parallelrun@65987993]" started-at="2024-03-28T17:17:55 PDT" name="runScenario" description="Runs Cucumber Scenarios" data-provider="scenarios" finished-at="2024-03-28T17:18:05 PDT" duration-ms="10157" status="PASS">
          <params>
            <param index="0">
              <value>
                <![CDATA["Linkedlist links in Topics Covered section."]]>
              </value>
            </param>
            <param index="1">
              <value>
                <![CDATA["Linkedlist page and links"]]>
              </value>
            </param>
          </params>
          <reporter-output>
          </reporter-output>
        </test-method> <!-- runScenario -->
        <test-method signature="runScenario(io.cucumber.testng.PickleWrapper,io.cucumber.testng.FeatureWrapper)[pri:0, instance:parallel.parallelrun@65987993]" started-at="2024-03-28T17:17:55 PDT" name="runScenario" description="Runs Cucumber Scenarios" data-provider="scenarios" finished-at="2024-03-28T17:18:05 PDT" duration-ms="10049" status="PASS">
          <params>
            <param index="0">
              <value>
                <![CDATA["Linkedlist links in Topics Covered section."]]>
              </value>
            </param>
            <param index="1">
              <value>
                <![CDATA["Linkedlist page and links"]]>
              </value>
            </param>
          </params>
          <reporter-output>
          </reporter-output>
        </test-method> <!-- runScenario -->
        <test-method signature="runScenario(io.cucumber.testng.PickleWrapper,io.cucumber.testng.FeatureWrapper)[pri:0, instance:parallel.parallelrun@65987993]" started-at="2024-03-28T17:17:55 PDT" name="runScenario" description="Runs Cucumber Scenarios" data-provider="scenarios" finished-at="2024-03-28T17:18:05 PDT" duration-ms="10095" status="PASS">
          <params>
            <param index="0">
              <value>
                <![CDATA["Linkedlist links in Topics Covered section."]]>
              </value>
            </param>
            <param index="1">
              <value>
                <![CDATA["Linkedlist page and links"]]>
              </value>
            </param>
          </params>
          <reporter-output>
          </reporter-output>
        </test-method> <!-- runScenario -->
        <test-method signature="runScenario(io.cucumber.testng.PickleWrapper,io.cucumber.testng.FeatureWrapper)[pri:0, instance:parallel.parallelrun@65987993]" started-at="2024-03-28T17:17:55 PDT" name="runScenario" description="Runs Cucumber Scenarios" data-provider="scenarios" finished-at="2024-03-28T17:18:05 PDT" duration-ms="10037" status="PASS">
          <params>
            <param index="0">
              <value>
                <![CDATA["Linkedlist links in Topics Covered section."]]>
              </value>
            </param>
            <param index="1">
              <value>
                <![CDATA["Linkedlist page and links"]]>
              </value>
            </param>
          </params>
          <reporter-output>
          </reporter-output>
        </test-method> <!-- runScenario -->
        <test-method signature="runScenario(io.cucumber.testng.PickleWrapper,io.cucumber.testng.FeatureWrapper)[pri:0, instance:parallel.parallelrun@65987993]" started-at="2024-03-28T17:17:56 PDT" name="runScenario" description="Runs Cucumber Scenarios" data-provider="scenarios" finished-at="2024-03-28T17:18:05 PDT" duration-ms="8997" status="PASS">
          <params>
            <param index="0">
              <value>
                <![CDATA["Queue links in Topics Covered section."]]>
              </value>
            </param>
            <param index="1">
              <value>
                <![CDATA["Queue page and links"]]>
              </value>
            </param>
          </params>
          <reporter-output>
          </reporter-output>
        </test-method> <!-- runScenario -->
        <test-method signature="runScenario(io.cucumber.testng.PickleWrapper,io.cucumber.testng.FeatureWrapper)[pri:0, instance:parallel.parallelrun@65987993]" started-at="2024-03-28T17:17:58 PDT" name="runScenario" description="Runs Cucumber Scenarios" data-provider="scenarios" finished-at="2024-03-28T17:18:08 PDT" duration-ms="10442" status="PASS">
          <params>
            <param index="0">
              <value>
                <![CDATA["Queue links in Topics Covered section."]]>
              </value>
            </param>
            <param index="1">
              <value>
                <![CDATA["Queue page and links"]]>
              </value>
            </param>
          </params>
          <reporter-output>
          </reporter-output>
        </test-method> <!-- runScenario -->
        <test-method signature="runScenario(io.cucumber.testng.PickleWrapper,io.cucumber.testng.FeatureWrapper)[pri:0, instance:parallel.parallelrun@65987993]" started-at="2024-03-28T17:18:03 PDT" name="runScenario" description="Runs Cucumber Scenarios" data-provider="scenarios" finished-at="2024-03-28T17:18:11 PDT" duration-ms="8008" status="PASS">
          <params>
            <param index="0">
              <value>
                <![CDATA["Queue links in Topics Covered section."]]>
              </value>
            </param>
            <param index="1">
              <value>
                <![CDATA["Queue page and links"]]>
              </value>
            </param>
          </params>
          <reporter-output>
          </reporter-output>
        </test-method> <!-- runScenario -->
        <test-method signature="runScenario(io.cucumber.testng.PickleWrapper,io.cucumber.testng.FeatureWrapper)[pri:0, instance:parallel.parallelrun@65987993]" started-at="2024-03-28T17:18:03 PDT" name="runScenario" description="Runs Cucumber Scenarios" data-provider="scenarios" finished-at="2024-03-28T17:18:11 PDT" duration-ms="7890" status="PASS">
          <params>
            <param index="0">
              <value>
                <![CDATA["Queue links in Topics Covered section."]]>
              </value>
            </param>
            <param index="1">
              <value>
                <![CDATA["Queue page and links"]]>
              </value>
            </param>
          </params>
          <reporter-output>
          </reporter-output>
        </test-method> <!-- runScenario -->
        <test-method signature="runScenario(io.cucumber.testng.PickleWrapper,io.cucumber.testng.FeatureWrapper)[pri:0, instance:parallel.parallelrun@65987993]" started-at="2024-03-28T17:18:03 PDT" name="runScenario" description="Runs Cucumber Scenarios" data-provider="scenarios" finished-at="2024-03-28T17:18:09 PDT" duration-ms="5225" status="PASS">
          <params>
            <param index="0">
              <value>
                <![CDATA["User try to submit registration with empty fields"]]>
              </value>
            </param>
            <param index="1">
              <value>
                <![CDATA["Test Automation DS Algo register page"]]>
              </value>
            </param>
          </params>
          <reporter-output>
          </reporter-output>
        </test-method> <!-- runScenario -->
        <test-method signature="runScenario(io.cucumber.testng.PickleWrapper,io.cucumber.testng.FeatureWrapper)[pri:0, instance:parallel.parallelrun@65987993]" started-at="2024-03-28T17:18:05 PDT" name="runScenario" description="Runs Cucumber Scenarios" data-provider="scenarios" finished-at="2024-03-28T17:18:11 PDT" duration-ms="5678" status="PASS">
          <params>
            <param index="0">
              <value>
                <![CDATA["User try to submit registration with Valid details"]]>
              </value>
            </param>
            <param index="1">
              <value>
                <![CDATA["Test Automation DS Algo register page"]]>
              </value>
            </param>
          </params>
          <reporter-output>
          </reporter-output>
        </test-method> <!-- runScenario -->
        <test-method signature="runScenario(io.cucumber.testng.PickleWrapper,io.cucumber.testng.FeatureWrapper)[pri:0, instance:parallel.parallelrun@65987993]" started-at="2024-03-28T17:18:05 PDT" name="runScenario" description="Runs Cucumber Scenarios" data-provider="scenarios" finished-at="2024-03-28T17:18:11 PDT" duration-ms="5609" status="PASS">
          <params>
            <param index="0">
              <value>
                <![CDATA["User try to submit registration with Valid details"]]>
              </value>
            </param>
            <param index="1">
              <value>
                <![CDATA["Test Automation DS Algo register page"]]>
              </value>
            </param>
          </params>
          <reporter-output>
          </reporter-output>
        </test-method> <!-- runScenario -->
        <test-method signature="runScenario(io.cucumber.testng.PickleWrapper,io.cucumber.testng.FeatureWrapper)[pri:0, instance:parallel.parallelrun@65987993]" started-at="2024-03-28T17:18:05 PDT" name="runScenario" description="Runs Cucumber Scenarios" data-provider="scenarios" finished-at="2024-03-28T17:18:13 PDT" duration-ms="7729" status="PASS">
          <params>
            <param index="0">
              <value>
                <![CDATA["User try to submit registration with InValid details"]]>
              </value>
            </param>
            <param index="1">
              <value>
                <![CDATA["Test Automation DS Algo register page"]]>
              </value>
            </param>
          </params>
          <reporter-output>
          </reporter-output>
        </test-method> <!-- runScenario -->
        <test-method signature="runScenario(io.cucumber.testng.PickleWrapper,io.cucumber.testng.FeatureWrapper)[pri:0, instance:parallel.parallelrun@65987993]" started-at="2024-03-28T17:18:05 PDT" name="runScenario" description="Runs Cucumber Scenarios" data-provider="scenarios" finished-at="2024-03-28T17:18:15 PDT" duration-ms="9262" status="PASS">
          <params>
            <param index="0">
              <value>
                <![CDATA["Stack links in Topics Covered section for Arrays page."]]>
              </value>
            </param>
            <param index="1">
              <value>
                <![CDATA["Stack page and links"]]>
              </value>
            </param>
          </params>
          <reporter-output>
          </reporter-output>
        </test-method> <!-- runScenario -->
        <test-method signature="runScenario(io.cucumber.testng.PickleWrapper,io.cucumber.testng.FeatureWrapper)[pri:0, instance:parallel.parallelrun@65987993]" started-at="2024-03-28T17:18:05 PDT" name="runScenario" description="Runs Cucumber Scenarios" data-provider="scenarios" finished-at="2024-03-28T17:18:15 PDT" duration-ms="10061" status="PASS">
          <params>
            <param index="0">
              <value>
                <![CDATA["Stack links in Topics Covered section for Arrays page."]]>
              </value>
            </param>
            <param index="1">
              <value>
                <![CDATA["Stack page and links"]]>
              </value>
            </param>
          </params>
          <reporter-output>
          </reporter-output>
        </test-method> <!-- runScenario -->
        <test-method signature="runScenario(io.cucumber.testng.PickleWrapper,io.cucumber.testng.FeatureWrapper)[pri:0, instance:parallel.parallelrun@65987993]" started-at="2024-03-28T17:18:05 PDT" name="runScenario" description="Runs Cucumber Scenarios" data-provider="scenarios" finished-at="2024-03-28T17:18:15 PDT" duration-ms="10060" status="PASS">
          <params>
            <param index="0">
              <value>
                <![CDATA["Stack links in Topics Covered section for Arrays page."]]>
              </value>
            </param>
            <param index="1">
              <value>
                <![CDATA["Stack page and links"]]>
              </value>
            </param>
          </params>
          <reporter-output>
          </reporter-output>
        </test-method> <!-- runScenario -->
        <test-method signature="runScenario(io.cucumber.testng.PickleWrapper,io.cucumber.testng.FeatureWrapper)[pri:0, instance:parallel.parallelrun@65987993]" started-at="2024-03-28T17:18:08 PDT" name="runScenario" description="Runs Cucumber Scenarios" data-provider="scenarios" finished-at="2024-03-28T17:18:18 PDT" duration-ms="9946" status="PASS">
          <params>
            <param index="0">
              <value>
                <![CDATA["Tree links in Topics Covered section."]]>
              </value>
            </param>
            <param index="1">
              <value>
                <![CDATA["Tree page and links"]]>
              </value>
            </param>
          </params>
          <reporter-output>
          </reporter-output>
        </test-method> <!-- runScenario -->
        <test-method signature="runScenario(io.cucumber.testng.PickleWrapper,io.cucumber.testng.FeatureWrapper)[pri:0, instance:parallel.parallelrun@65987993]" started-at="2024-03-28T17:18:09 PDT" name="runScenario" description="Runs Cucumber Scenarios" data-provider="scenarios" finished-at="2024-03-28T17:18:18 PDT" duration-ms="9938" status="PASS">
          <params>
            <param index="0">
              <value>
                <![CDATA["Tree links in Topics Covered section."]]>
              </value>
            </param>
            <param index="1">
              <value>
                <![CDATA["Tree page and links"]]>
              </value>
            </param>
          </params>
          <reporter-output>
          </reporter-output>
        </test-method> <!-- runScenario -->
        <test-method signature="runScenario(io.cucumber.testng.PickleWrapper,io.cucumber.testng.FeatureWrapper)[pri:0, instance:parallel.parallelrun@65987993]" started-at="2024-03-28T17:18:11 PDT" name="runScenario" description="Runs Cucumber Scenarios" data-provider="scenarios" finished-at="2024-03-28T17:18:21 PDT" duration-ms="9803" status="PASS">
          <params>
            <param index="0">
              <value>
                <![CDATA["Tree links in Topics Covered section."]]>
              </value>
            </param>
            <param index="1">
              <value>
                <![CDATA["Tree page and links"]]>
              </value>
            </param>
          </params>
          <reporter-output>
          </reporter-output>
        </test-method> <!-- runScenario -->
        <test-method signature="runScenario(io.cucumber.testng.PickleWrapper,io.cucumber.testng.FeatureWrapper)[pri:0, instance:parallel.parallelrun@65987993]" started-at="2024-03-28T17:18:11 PDT" name="runScenario" description="Runs Cucumber Scenarios" data-provider="scenarios" finished-at="2024-03-28T17:18:21 PDT" duration-ms="9779" status="PASS">
          <params>
            <param index="0">
              <value>
                <![CDATA["Tree links in Topics Covered section."]]>
              </value>
            </param>
            <param index="1">
              <value>
                <![CDATA["Tree page and links"]]>
              </value>
            </param>
          </params>
          <reporter-output>
          </reporter-output>
        </test-method> <!-- runScenario -->
        <test-method signature="runScenario(io.cucumber.testng.PickleWrapper,io.cucumber.testng.FeatureWrapper)[pri:0, instance:parallel.parallelrun@65987993]" started-at="2024-03-28T17:18:11 PDT" name="runScenario" description="Runs Cucumber Scenarios" data-provider="scenarios" finished-at="2024-03-28T17:18:21 PDT" duration-ms="9880" status="PASS">
          <params>
            <param index="0">
              <value>
                <![CDATA["Tree links in Topics Covered section."]]>
              </value>
            </param>
            <param index="1">
              <value>
                <![CDATA["Tree page and links"]]>
              </value>
            </param>
          </params>
          <reporter-output>
          </reporter-output>
        </test-method> <!-- runScenario -->
        <test-method signature="runScenario(io.cucumber.testng.PickleWrapper,io.cucumber.testng.FeatureWrapper)[pri:0, instance:parallel.parallelrun@65987993]" started-at="2024-03-28T17:18:11 PDT" name="runScenario" description="Runs Cucumber Scenarios" data-provider="scenarios" finished-at="2024-03-28T17:18:21 PDT" duration-ms="9881" status="PASS">
          <params>
            <param index="0">
              <value>
                <![CDATA["Tree links in Topics Covered section."]]>
              </value>
            </param>
            <param index="1">
              <value>
                <![CDATA["Tree page and links"]]>
              </value>
            </param>
          </params>
          <reporter-output>
          </reporter-output>
        </test-method> <!-- runScenario -->
        <test-method signature="runScenario(io.cucumber.testng.PickleWrapper,io.cucumber.testng.FeatureWrapper)[pri:0, instance:parallel.parallelrun@65987993]" started-at="2024-03-28T17:18:13 PDT" name="runScenario" description="Runs Cucumber Scenarios" data-provider="scenarios" finished-at="2024-03-28T17:18:23 PDT" duration-ms="9467" status="PASS">
          <params>
            <param index="0">
              <value>
                <![CDATA["Tree links in Topics Covered section."]]>
              </value>
            </param>
            <param index="1">
              <value>
                <![CDATA["Tree page and links"]]>
              </value>
            </param>
          </params>
          <reporter-output>
          </reporter-output>
        </test-method> <!-- runScenario -->
        <test-method signature="runScenario(io.cucumber.testng.PickleWrapper,io.cucumber.testng.FeatureWrapper)[pri:0, instance:parallel.parallelrun@65987993]" started-at="2024-03-28T17:18:15 PDT" name="runScenario" description="Runs Cucumber Scenarios" data-provider="scenarios" finished-at="2024-03-28T17:18:24 PDT" duration-ms="9131" status="PASS">
          <params>
            <param index="0">
              <value>
                <![CDATA["Tree links in Topics Covered section."]]>
              </value>
            </param>
            <param index="1">
              <value>
                <![CDATA["Tree page and links"]]>
              </value>
            </param>
          </params>
          <reporter-output>
          </reporter-output>
        </test-method> <!-- runScenario -->
        <test-method signature="runScenario(io.cucumber.testng.PickleWrapper,io.cucumber.testng.FeatureWrapper)[pri:0, instance:parallel.parallelrun@65987993]" started-at="2024-03-28T17:18:15 PDT" name="runScenario" description="Runs Cucumber Scenarios" data-provider="scenarios" finished-at="2024-03-28T17:18:24 PDT" duration-ms="8663" status="PASS">
          <params>
            <param index="0">
              <value>
                <![CDATA["Tree links in Topics Covered section."]]>
              </value>
            </param>
            <param index="1">
              <value>
                <![CDATA["Tree page and links"]]>
              </value>
            </param>
          </params>
          <reporter-output>
          </reporter-output>
        </test-method> <!-- runScenario -->
        <test-method signature="runScenario(io.cucumber.testng.PickleWrapper,io.cucumber.testng.FeatureWrapper)[pri:0, instance:parallel.parallelrun@65987993]" started-at="2024-03-28T17:18:15 PDT" name="runScenario" description="Runs Cucumber Scenarios" data-provider="scenarios" finished-at="2024-03-28T17:18:24 PDT" duration-ms="8585" status="PASS">
          <params>
            <param index="0">
              <value>
                <![CDATA["Tree links in Topics Covered section."]]>
              </value>
            </param>
            <param index="1">
              <value>
                <![CDATA["Tree page and links"]]>
              </value>
            </param>
          </params>
          <reporter-output>
          </reporter-output>
        </test-method> <!-- runScenario -->
        <test-method signature="runScenario(io.cucumber.testng.PickleWrapper,io.cucumber.testng.FeatureWrapper)[pri:0, instance:parallel.parallelrun@65987993]" started-at="2024-03-28T17:18:18 PDT" name="runScenario" description="Runs Cucumber Scenarios" data-provider="scenarios" finished-at="2024-03-28T17:18:25 PDT" duration-ms="6937" status="PASS">
          <params>
            <param index="0">
              <value>
                <![CDATA["Tree links in Topics Covered section."]]>
              </value>
            </param>
            <param index="1">
              <value>
                <![CDATA["Tree page and links"]]>
              </value>
            </param>
          </params>
          <reporter-output>
          </reporter-output>
        </test-method> <!-- runScenario -->
        <test-method signature="runScenario(io.cucumber.testng.PickleWrapper,io.cucumber.testng.FeatureWrapper)[pri:0, instance:parallel.parallelrun@65987993]" started-at="2024-03-28T17:18:18 PDT" name="runScenario" description="Runs Cucumber Scenarios" data-provider="scenarios" finished-at="2024-03-28T17:18:25 PDT" duration-ms="6855" status="PASS">
          <params>
            <param index="0">
              <value>
                <![CDATA["Tree links in Topics Covered section."]]>
              </value>
            </param>
            <param index="1">
              <value>
                <![CDATA["Tree page and links"]]>
              </value>
            </param>
          </params>
          <reporter-output>
          </reporter-output>
        </test-method> <!-- runScenario -->
        <test-method signature="runScenario(io.cucumber.testng.PickleWrapper,io.cucumber.testng.FeatureWrapper)[pri:0, instance:parallel.parallelrun@65987993]" started-at="2024-03-28T17:18:21 PDT" name="runScenario" description="Runs Cucumber Scenarios" data-provider="scenarios" finished-at="2024-03-28T17:18:25 PDT" duration-ms="4228" status="PASS">
          <params>
            <param index="0">
              <value>
                <![CDATA["Login page"]]>
              </value>
            </param>
            <param index="1">
              <value>
                <![CDATA["Home page Login"]]>
              </value>
            </param>
          </params>
          <reporter-output>
          </reporter-output>
        </test-method> <!-- runScenario -->
        <test-method signature="runScenario(io.cucumber.testng.PickleWrapper,io.cucumber.testng.FeatureWrapper)[pri:0, instance:parallel.parallelrun@65987993]" started-at="2024-03-28T17:18:21 PDT" name="runScenario" description="Runs Cucumber Scenarios" data-provider="scenarios" finished-at="2024-03-28T17:18:26 PDT" duration-ms="5808" status="PASS">
          <params>
            <param index="0">
              <value>
                <![CDATA["Tree links in Topics Covered section."]]>
              </value>
            </param>
            <param index="1">
              <value>
                <![CDATA["Tree page and links"]]>
              </value>
            </param>
          </params>
          <reporter-output>
          </reporter-output>
        </test-method> <!-- runScenario -->
        <test-method is-config="true" signature="tearDownClass()[pri:0, instance:parallel.parallelrun@65987993]" started-at="2024-03-28T17:18:26 PDT" name="tearDownClass" finished-at="2024-03-28T17:18:35 PDT" duration-ms="8892" status="PASS">
          <reporter-output>
          </reporter-output>
        </test-method> <!-- tearDownClass -->
      </class> <!-- parallel.parallelrun -->
    </test> <!-- Default test -->
  </suite> <!-- Default suite -->
</testng-results>
