<?xml version="1.0" encoding="UTF-8"?>
<!-- Generated by org.testng.reporters.JUnitReportReporter -->
<testsuite hostname="Karthikas-Air" failures="3" tests="54" name="parallel.parallelrun" time="569.214" errors="3" timestamp="2024-03-26T20:54:26 PDT" skipped="0">
  <testcase classname="parallel.parallelrun" name="runScenario" time="3.373"/>
  <testcase classname="parallel.parallelrun" name="runScenario" time="4.409"/>
  <testcase classname="parallel.parallelrun" name="runScenario" time="9.730"/>
  <testcase classname="parallel.parallelrun" name="runScenario" time="18.070"/>
  <testcase classname="parallel.parallelrun" name="runScenario" time="20.464"/>
  <testcase classname="parallel.parallelrun" name="runScenario" time="9.178"/>
  <testcase classname="parallel.parallelrun" name="runScenario" time="17.605"/>
  <testcase classname="parallel.parallelrun" name="runScenario" time="8.147">
    <error message="element not interactable
  (Session info: chrome=123.0.6312.59)
Build info: version: &#039;4.18.1&#039;, revision: &#039;b1d3319b48&#039;
System info: os.name: &#039;Mac OS X&#039;, os.arch: &#039;aarch64&#039;, os.version: &#039;13.4&#039;, java.version: &#039;17.0.8.1&#039;
Driver info: org.openqa.selenium.chrome.ChromeDriver
Command: [74872e0db2a3febdee71a778dabab057, sendKeysToElement {value=[Ljava.lang.CharSequence;@177ed1fe, id=f.FA3A57F02179EEEEC65ECB54C52A877B.d.F9F232137D58397D86F4E43D9B001102.e.46}]
Capabilities {acceptInsecureCerts: false, browserName: chrome, browserVersion: 123.0.6312.59, chrome: {chromedriverVersion: 123.0.6312.86 (9b72c47a0536..., userDataDir: /var/folders/qz/lb_z2h0j7ll...}, fedcm:accounts: true, goog:chromeOptions: {debuggerAddress: localhost:57951}, networkConnectionEnabled: false, pageLoadStrategy: normal, platformName: mac, proxy: Proxy(), se:cdp: ws://localhost:57951/devtoo..., se:cdpVersion: 123.0.6312.59, setWindowRect: true, strictFileInteractability: false, timeouts: {implicit: 0, pageLoad: 300000, script: 30000}, unhandledPromptBehavior: dismiss and notify, webauthn:extension:credBlob: true, webauthn:extension:largeBlob: true, webauthn:extension:minPinLength: true, webauthn:extension:prf: true, webauthn:virtualAuthenticators: true}
Element: [[ChromeDriver: chrome on mac (74872e0db2a3febdee71a778dabab057)] -&gt; xpath: //form[@id=&#039;answer_form&#039;]/div/div/div/textarea]
Session ID: 74872e0db2a3febdee71a778dabab057" type="org.openqa.selenium.ElementNotInteractableException">
      <![CDATA[org.openqa.selenium.ElementNotInteractableException: element not interactable
  (Session info: chrome=123.0.6312.59)
Build info: version: '4.18.1', revision: 'b1d3319b48'
System info: os.name: 'Mac OS X', os.arch: 'aarch64', os.version: '13.4', java.version: '17.0.8.1'
Driver info: org.openqa.selenium.chrome.ChromeDriver
Command: [74872e0db2a3febdee71a778dabab057, sendKeysToElement {value=[Ljava.lang.CharSequence;@177ed1fe, id=f.FA3A57F02179EEEEC65ECB54C52A877B.d.F9F232137D58397D86F4E43D9B001102.e.46}]
Capabilities {acceptInsecureCerts: false, browserName: chrome, browserVersion: 123.0.6312.59, chrome: {chromedriverVersion: 123.0.6312.86 (9b72c47a0536..., userDataDir: /var/folders/qz/lb_z2h0j7ll...}, fedcm:accounts: true, goog:chromeOptions: {debuggerAddress: localhost:57951}, networkConnectionEnabled: false, pageLoadStrategy: normal, platformName: mac, proxy: Proxy(), se:cdp: ws://localhost:57951/devtoo..., se:cdpVersion: 123.0.6312.59, setWindowRect: true, strictFileInteractability: false, timeouts: {implicit: 0, pageLoad: 300000, script: 30000}, unhandledPromptBehavior: dismiss and notify, webauthn:extension:credBlob: true, webauthn:extension:largeBlob: true, webauthn:extension:minPinLength: true, webauthn:extension:prf: true, webauthn:virtualAuthenticators: true}
Element: [[ChromeDriver: chrome on mac (74872e0db2a3febdee71a778dabab057)] -> xpath: //form[@id='answer_form']/div/div/div/textarea]
Session ID: 74872e0db2a3febdee71a778dabab057
at java.base/jdk.internal.reflect.NativeConstructorAccessorImpl.newInstance0(Native Method)
at java.base/jdk.internal.reflect.NativeConstructorAccessorImpl.newInstance(NativeConstructorAccessorImpl.java:77)
at java.base/jdk.internal.reflect.DelegatingConstructorAccessorImpl.newInstance(DelegatingConstructorAccessorImpl.java:45)
at java.base/java.lang.reflect.Constructor.newInstanceWithCaller(Constructor.java:499)
at java.base/java.lang.reflect.Constructor.newInstance(Constructor.java:480)
at org.openqa.selenium.remote.ErrorCodec.decode(ErrorCodec.java:167)
at org.openqa.selenium.remote.codec.w3c.W3CHttpResponseCodec.decode(W3CHttpResponseCodec.java:138)
at org.openqa.selenium.remote.codec.w3c.W3CHttpResponseCodec.decode(W3CHttpResponseCodec.java:50)
at org.openqa.selenium.remote.HttpCommandExecutor.execute(HttpCommandExecutor.java:190)
at org.openqa.selenium.remote.service.DriverCommandExecutor.invokeExecute(DriverCommandExecutor.java:216)
at org.openqa.selenium.remote.service.DriverCommandExecutor.execute(DriverCommandExecutor.java:174)
at org.openqa.selenium.remote.RemoteWebDriver.execute(RemoteWebDriver.java:519)
at org.openqa.selenium.remote.RemoteWebElement.execute(RemoteWebElement.java:223)
at org.openqa.selenium.remote.RemoteWebElement.sendKeys(RemoteWebElement.java:110)
at com_Pages.Arrays_Page_S2.sendcode(Arrays_Page_S2.java:249)
at parallel.Arrays_S2.type_code_click_run_button(Arrays_S2.java:84)
at ✽.Type Sample print "karthi" and click run button(file:///Users/karthikaramesh/eclipse-workspace/TechNinja_151/src/test/resources/parallel/Stack.feature:25)
]]>
    </error>
  </testcase> <!-- runScenario -->
  <testcase classname="parallel.parallelrun" name="runScenario" time="6.529"/>
  <testcase classname="parallel.parallelrun" name="runScenario" time="10.914"/>
  <testcase classname="parallel.parallelrun" name="runScenario" time="9.465"/>
  <testcase classname="parallel.parallelrun" name="runScenario" time="3.191"/>
  <testcase classname="parallel.parallelrun" name="runScenario" time="17.623"/>
  <testcase classname="parallel.parallelrun" name="runScenario" time="7.773">
    <error message="element not interactable
  (Session info: chrome=123.0.6312.59)
Build info: version: &#039;4.18.1&#039;, revision: &#039;b1d3319b48&#039;
System info: os.name: &#039;Mac OS X&#039;, os.arch: &#039;aarch64&#039;, os.version: &#039;13.4&#039;, java.version: &#039;17.0.8.1&#039;
Driver info: org.openqa.selenium.chrome.ChromeDriver
Command: [7221dde422a3be5236a203e3c7d292af, sendKeysToElement {value=[Ljava.lang.CharSequence;@96222dd, id=f.D65AA99693EAB596A3614ED58852BC64.d.889B1F1AEAAF4F0DB7D31FBB541ECF68.e.43}]
Capabilities {acceptInsecureCerts: false, browserName: chrome, browserVersion: 123.0.6312.59, chrome: {chromedriverVersion: 123.0.6312.86 (9b72c47a0536..., userDataDir: /var/folders/qz/lb_z2h0j7ll...}, fedcm:accounts: true, goog:chromeOptions: {debuggerAddress: localhost:57558}, networkConnectionEnabled: false, pageLoadStrategy: normal, platformName: mac, proxy: Proxy(), se:cdp: ws://localhost:57558/devtoo..., se:cdpVersion: 123.0.6312.59, setWindowRect: true, strictFileInteractability: false, timeouts: {implicit: 0, pageLoad: 300000, script: 30000}, unhandledPromptBehavior: dismiss and notify, webauthn:extension:credBlob: true, webauthn:extension:largeBlob: true, webauthn:extension:minPinLength: true, webauthn:extension:prf: true, webauthn:virtualAuthenticators: true}
Element: [[ChromeDriver: chrome on mac (7221dde422a3be5236a203e3c7d292af)] -&gt; xpath: //form[@id=&#039;answer_form&#039;]/div/div/div/textarea]
Session ID: 7221dde422a3be5236a203e3c7d292af" type="org.openqa.selenium.ElementNotInteractableException">
      <![CDATA[org.openqa.selenium.ElementNotInteractableException: element not interactable
  (Session info: chrome=123.0.6312.59)
Build info: version: '4.18.1', revision: 'b1d3319b48'
System info: os.name: 'Mac OS X', os.arch: 'aarch64', os.version: '13.4', java.version: '17.0.8.1'
Driver info: org.openqa.selenium.chrome.ChromeDriver
Command: [7221dde422a3be5236a203e3c7d292af, sendKeysToElement {value=[Ljava.lang.CharSequence;@96222dd, id=f.D65AA99693EAB596A3614ED58852BC64.d.889B1F1AEAAF4F0DB7D31FBB541ECF68.e.43}]
Capabilities {acceptInsecureCerts: false, browserName: chrome, browserVersion: 123.0.6312.59, chrome: {chromedriverVersion: 123.0.6312.86 (9b72c47a0536..., userDataDir: /var/folders/qz/lb_z2h0j7ll...}, fedcm:accounts: true, goog:chromeOptions: {debuggerAddress: localhost:57558}, networkConnectionEnabled: false, pageLoadStrategy: normal, platformName: mac, proxy: Proxy(), se:cdp: ws://localhost:57558/devtoo..., se:cdpVersion: 123.0.6312.59, setWindowRect: true, strictFileInteractability: false, timeouts: {implicit: 0, pageLoad: 300000, script: 30000}, unhandledPromptBehavior: dismiss and notify, webauthn:extension:credBlob: true, webauthn:extension:largeBlob: true, webauthn:extension:minPinLength: true, webauthn:extension:prf: true, webauthn:virtualAuthenticators: true}
Element: [[ChromeDriver: chrome on mac (7221dde422a3be5236a203e3c7d292af)] -> xpath: //form[@id='answer_form']/div/div/div/textarea]
Session ID: 7221dde422a3be5236a203e3c7d292af
at java.base/jdk.internal.reflect.NativeConstructorAccessorImpl.newInstance0(Native Method)
at java.base/jdk.internal.reflect.NativeConstructorAccessorImpl.newInstance(NativeConstructorAccessorImpl.java:77)
at java.base/jdk.internal.reflect.DelegatingConstructorAccessorImpl.newInstance(DelegatingConstructorAccessorImpl.java:45)
at java.base/java.lang.reflect.Constructor.newInstanceWithCaller(Constructor.java:499)
at java.base/java.lang.reflect.Constructor.newInstance(Constructor.java:480)
at org.openqa.selenium.remote.ErrorCodec.decode(ErrorCodec.java:167)
at org.openqa.selenium.remote.codec.w3c.W3CHttpResponseCodec.decode(W3CHttpResponseCodec.java:138)
at org.openqa.selenium.remote.codec.w3c.W3CHttpResponseCodec.decode(W3CHttpResponseCodec.java:50)
at org.openqa.selenium.remote.HttpCommandExecutor.execute(HttpCommandExecutor.java:190)
at org.openqa.selenium.remote.service.DriverCommandExecutor.invokeExecute(DriverCommandExecutor.java:216)
at org.openqa.selenium.remote.service.DriverCommandExecutor.execute(DriverCommandExecutor.java:174)
at org.openqa.selenium.remote.RemoteWebDriver.execute(RemoteWebDriver.java:519)
at org.openqa.selenium.remote.RemoteWebElement.execute(RemoteWebElement.java:223)
at org.openqa.selenium.remote.RemoteWebElement.sendKeys(RemoteWebElement.java:110)
at com_Pages.Arrays_Page_S2.sendcode(Arrays_Page_S2.java:249)
at parallel.Arrays_S2.type_code_click_run_button(Arrays_S2.java:84)
at ✽.Type Sample print "hello" and click run button(file:///Users/karthikaramesh/eclipse-workspace/TechNinja_151/src/test/resources/parallel/Linkedlist.feature:25)
]]>
    </error>
  </testcase> <!-- runScenario -->
  <testcase classname="parallel.parallelrun" name="runScenario" time="8.795"/>
  <testcase classname="parallel.parallelrun" name="runScenario" time="3.242"/>
  <testcase classname="parallel.parallelrun" name="runScenario" time="19.676">
    <failure type="java.lang.AssertionError">
      <![CDATA[java.lang.AssertionError
at org.junit.Assert.fail(Assert.java:86)
at org.junit.Assert.assertTrue(Assert.java:41)
at org.junit.Assert.assertTrue(Assert.java:52)
at parallel.Arrays_S2.message_in_console(Arrays_S2.java:137)
at ✽."Error occurred during submission" message displayed in console(file:///Users/karthikaramesh/eclipse-workspace/TechNinja_151/src/test/resources/parallel/Arrays_S2.feature:50)
]]>
    </failure>
  </testcase> <!-- runScenario -->
  <testcase classname="parallel.parallelrun" name="runScenario" time="30.442"/>
  <testcase classname="parallel.parallelrun" name="runScenario" time="7.000"/>
  <testcase classname="parallel.parallelrun" name="runScenario" time="11.059"/>
  <testcase classname="parallel.parallelrun" name="runScenario" time="8.413"/>
  <testcase classname="parallel.parallelrun" name="runScenario" time="5.514"/>
  <testcase classname="parallel.parallelrun" name="runScenario" time="10.889"/>
  <testcase classname="parallel.parallelrun" name="runScenario" time="9.458"/>
  <testcase classname="parallel.parallelrun" name="runScenario" time="8.336"/>
  <testcase classname="parallel.parallelrun" name="runScenario" time="27.194"/>
  <testcase classname="parallel.parallelrun" name="runScenario" time="10.182"/>
  <testcase classname="parallel.parallelrun" name="runScenario" time="8.774"/>
  <testcase classname="parallel.parallelrun" name="runScenario" time="4.026"/>
  <testcase classname="parallel.parallelrun" name="runScenario" time="8.529">
    <error message="element not interactable
  (Session info: chrome=123.0.6312.59)
Build info: version: &#039;4.18.1&#039;, revision: &#039;b1d3319b48&#039;
System info: os.name: &#039;Mac OS X&#039;, os.arch: &#039;aarch64&#039;, os.version: &#039;13.4&#039;, java.version: &#039;17.0.8.1&#039;
Driver info: org.openqa.selenium.chrome.ChromeDriver
Command: [f67ce65f9994a3304c493f5a21e7ce35, sendKeysToElement {value=[Ljava.lang.CharSequence;@46f9cf7a, id=f.5F9AE46393EE5800050E7E5CBE86C263.d.9B31F07D8DD5961BE8D916BBD28BE456.e.41}]
Capabilities {acceptInsecureCerts: false, browserName: chrome, browserVersion: 123.0.6312.59, chrome: {chromedriverVersion: 123.0.6312.86 (9b72c47a0536..., userDataDir: /var/folders/qz/lb_z2h0j7ll...}, fedcm:accounts: true, goog:chromeOptions: {debuggerAddress: localhost:57630}, networkConnectionEnabled: false, pageLoadStrategy: normal, platformName: mac, proxy: Proxy(), se:cdp: ws://localhost:57630/devtoo..., se:cdpVersion: 123.0.6312.59, setWindowRect: true, strictFileInteractability: false, timeouts: {implicit: 0, pageLoad: 300000, script: 30000}, unhandledPromptBehavior: dismiss and notify, webauthn:extension:credBlob: true, webauthn:extension:largeBlob: true, webauthn:extension:minPinLength: true, webauthn:extension:prf: true, webauthn:virtualAuthenticators: true}
Element: [[ChromeDriver: chrome on mac (f67ce65f9994a3304c493f5a21e7ce35)] -&gt; xpath: //form[@id=&#039;answer_form&#039;]/div/div/div/textarea]
Session ID: f67ce65f9994a3304c493f5a21e7ce35" type="org.openqa.selenium.ElementNotInteractableException">
      <![CDATA[org.openqa.selenium.ElementNotInteractableException: element not interactable
  (Session info: chrome=123.0.6312.59)
Build info: version: '4.18.1', revision: 'b1d3319b48'
System info: os.name: 'Mac OS X', os.arch: 'aarch64', os.version: '13.4', java.version: '17.0.8.1'
Driver info: org.openqa.selenium.chrome.ChromeDriver
Command: [f67ce65f9994a3304c493f5a21e7ce35, sendKeysToElement {value=[Ljava.lang.CharSequence;@46f9cf7a, id=f.5F9AE46393EE5800050E7E5CBE86C263.d.9B31F07D8DD5961BE8D916BBD28BE456.e.41}]
Capabilities {acceptInsecureCerts: false, browserName: chrome, browserVersion: 123.0.6312.59, chrome: {chromedriverVersion: 123.0.6312.86 (9b72c47a0536..., userDataDir: /var/folders/qz/lb_z2h0j7ll...}, fedcm:accounts: true, goog:chromeOptions: {debuggerAddress: localhost:57630}, networkConnectionEnabled: false, pageLoadStrategy: normal, platformName: mac, proxy: Proxy(), se:cdp: ws://localhost:57630/devtoo..., se:cdpVersion: 123.0.6312.59, setWindowRect: true, strictFileInteractability: false, timeouts: {implicit: 0, pageLoad: 300000, script: 30000}, unhandledPromptBehavior: dismiss and notify, webauthn:extension:credBlob: true, webauthn:extension:largeBlob: true, webauthn:extension:minPinLength: true, webauthn:extension:prf: true, webauthn:virtualAuthenticators: true}
Element: [[ChromeDriver: chrome on mac (f67ce65f9994a3304c493f5a21e7ce35)] -> xpath: //form[@id='answer_form']/div/div/div/textarea]
Session ID: f67ce65f9994a3304c493f5a21e7ce35
at java.base/jdk.internal.reflect.NativeConstructorAccessorImpl.newInstance0(Native Method)
at java.base/jdk.internal.reflect.NativeConstructorAccessorImpl.newInstance(NativeConstructorAccessorImpl.java:77)
at java.base/jdk.internal.reflect.DelegatingConstructorAccessorImpl.newInstance(DelegatingConstructorAccessorImpl.java:45)
at java.base/java.lang.reflect.Constructor.newInstanceWithCaller(Constructor.java:499)
at java.base/java.lang.reflect.Constructor.newInstance(Constructor.java:480)
at org.openqa.selenium.remote.ErrorCodec.decode(ErrorCodec.java:167)
at org.openqa.selenium.remote.codec.w3c.W3CHttpResponseCodec.decode(W3CHttpResponseCodec.java:138)
at org.openqa.selenium.remote.codec.w3c.W3CHttpResponseCodec.decode(W3CHttpResponseCodec.java:50)
at org.openqa.selenium.remote.HttpCommandExecutor.execute(HttpCommandExecutor.java:190)
at org.openqa.selenium.remote.service.DriverCommandExecutor.invokeExecute(DriverCommandExecutor.java:216)
at org.openqa.selenium.remote.service.DriverCommandExecutor.execute(DriverCommandExecutor.java:174)
at org.openqa.selenium.remote.RemoteWebDriver.execute(RemoteWebDriver.java:519)
at org.openqa.selenium.remote.RemoteWebElement.execute(RemoteWebElement.java:223)
at org.openqa.selenium.remote.RemoteWebElement.sendKeys(RemoteWebElement.java:110)
at com_Pages.Arrays_Page_S2.sendcode(Arrays_Page_S2.java:249)
at parallel.Arrays_S2.type_code_click_run_button(Arrays_S2.java:84)
at ✽.Type Sample print "karthi" and click run button(file:///Users/karthikaramesh/eclipse-workspace/TechNinja_151/src/test/resources/parallel/Linkedlist.feature:25)
]]>
    </error>
  </testcase> <!-- runScenario -->
  <testcase classname="parallel.parallelrun" name="runScenario" time="11.436"/>
  <testcase classname="parallel.parallelrun" name="runScenario" time="8.962"/>
  <testcase classname="parallel.parallelrun" name="runScenario" time="17.684"/>
  <testcase classname="parallel.parallelrun" name="runScenario" time="9.419"/>
  <testcase classname="parallel.parallelrun" name="runScenario" time="4.431"/>
  <testcase classname="parallel.parallelrun" name="runScenario" time="8.215"/>
  <testcase classname="parallel.parallelrun" name="runScenario" time="17.680"/>
  <testcase classname="parallel.parallelrun" name="runScenario" time="3.697"/>
  <testcase classname="parallel.parallelrun" name="runScenario" time="8.078"/>
  <testcase classname="parallel.parallelrun" name="runScenario" time="8.750"/>
  <testcase classname="parallel.parallelrun" name="runScenario" time="7.905"/>
  <testcase classname="parallel.parallelrun" name="runScenario" time="3.837"/>
  <testcase classname="parallel.parallelrun" name="runScenario" time="20.468"/>
  <testcase classname="parallel.parallelrun" name="runScenario" time="6.771"/>
  <testcase classname="parallel.parallelrun" name="runScenario" time="8.845"/>
  <testcase classname="parallel.parallelrun" name="runScenario" time="6.248"/>
  <testcase classname="parallel.parallelrun" name="runScenario" time="8.970"/>
  <testcase classname="parallel.parallelrun" name="runScenario" time="18.298">
    <failure type="java.lang.AssertionError">
      <![CDATA[java.lang.AssertionError
at org.junit.Assert.fail(Assert.java:86)
at org.junit.Assert.assertTrue(Assert.java:41)
at org.junit.Assert.assertTrue(Assert.java:52)
at parallel.Arrays_S2.message_in_console(Arrays_S2.java:137)
at ✽." Some Tests failed. Please review code" message displayed in console(file:///Users/karthikaramesh/eclipse-workspace/TechNinja_151/src/test/resources/parallel/Arrays_S2.feature:75)
]]>
    </failure>
  </testcase> <!-- runScenario -->
  <testcase classname="parallel.parallelrun" name="runScenario" time="8.109"/>
  <testcase classname="parallel.parallelrun" name="runScenario" time="7.622"/>
  <testcase classname="parallel.parallelrun" name="runScenario" time="11.708"/>
  <testcase classname="parallel.parallelrun" name="runScenario" time="8.731"/>
  <testcase classname="parallel.parallelrun" name="runScenario" time="5.674"/>
  <testcase classname="parallel.parallelrun" name="runScenario" time="19.676">
    <failure type="java.lang.AssertionError">
      <![CDATA[java.lang.AssertionError
at org.junit.Assert.fail(Assert.java:86)
at org.junit.Assert.assertTrue(Assert.java:41)
at org.junit.Assert.assertTrue(Assert.java:52)
at parallel.Arrays_S2.message_in_console(Arrays_S2.java:137)
at ✽."Error occurred during submission" message displayed in console(file:///Users/karthikaramesh/eclipse-workspace/TechNinja_151/src/test/resources/parallel/Arrays_S2.feature:50)
]]>
    </failure>
  </testcase> <!-- runScenario -->
</testsuite> <!-- parallel.parallelrun -->
